2025/11/11 22:05:47 Server running on port 5002... 
2025/11/11 22:05:50 Server running on port 5001... 
2025/11/11 22:05:57 Node: 5002 Client connection established on port 5000... 
2025/11/11 22:05:57 Node: 5002 Client connection established on port 5001... 
2025/11/11 22:06:00 Node: 5001 Client connection established on port 5000... 
2025/11/11 22:06:00 Node: 5001 Client connection established on port 5002... 
2025/11/11 22:06:26 Server running on port 5000... 
2025/11/11 22:06:28 Server running on port 5001... 
2025/11/11 22:06:29 Server running on port 5002... 
2025/11/11 22:06:36 Node: 5000 Client connection established on port 5001... 
2025/11/11 22:06:36 Node: 5000 Client connection established on port 5002... 
2025/11/11 22:06:38 Node: 5001 Client connection established on port 5002... 
2025/11/11 22:06:38 Node: 5001 Client connection established on port 5000... 
2025/11/11 22:06:39 Node: 5002 Client connection established on port 5000... 
2025/11/11 22:06:39 Node: 5002 Client connection established on port 5001... 
2025/11/11 22:06:45 Node: 5000 will ask Node: 5001 for permission
2025/11/11 22:06:45 Node: 5001 received request from Node: 5000
2025/11/11 22:06:45 Node: 5000 has received permission from Node: 5001
2025/11/11 22:06:45 Node: 5000 will ask Node: 5002 for permission
2025/11/11 22:06:45 Node: 5002 received request from Node: 5000
2025/11/11 22:06:45 Node: 5000 has received permission from Node: 5002
2025/11/11 22:06:45 Node: 5000 made it to the Critical Section! MUAHAHAAAA 
2025/11/11 22:06:46 Node: 5001 will ask Node: 5000 for permission
2025/11/11 22:06:46 Node: 5000 received request from Node: 5001
2025/11/11 22:06:46 Node: 5001 will ask Node: 5002 for permission
2025/11/11 22:06:46 Node: 5002 received request from Node: 5001
2025/11/11 22:06:46 Node: 5001 has received permission from Node: 5002
2025/11/11 22:06:48 Node: 5002 will ask Node: 5001 for permission
2025/11/11 22:06:48 Node: 5001 received request from Node: 5002
2025/11/11 22:06:48 Node: 5002 will ask Node: 5000 for permission
2025/11/11 22:06:48 Node: 5000 received request from Node: 5002
2025/11/11 22:06:49 Node: 5000 has left the Critical Section
2025/11/11 22:06:49 Node: 5001 has received permission from Node: 5000
2025/11/11 22:06:49 Node: 5001 made it to the Critical Section! MUAHAHAAAA 
2025/11/11 22:06:49 Node: 5002 has received permission from Node: 5000
2025/11/11 22:06:53 Node: 5001 has left the Critical Section
2025/11/11 22:06:53 Node: 5002 has received permission from Node: 5001
2025/11/11 22:06:53 Node: 5002 made it to the Critical Section! MUAHAHAAAA 
2025/11/11 22:06:53 Node: 5000 will ask Node: 5001 for permission
2025/11/11 22:06:53 Node: 5001 received request from Node: 5000
2025/11/11 22:06:53 Node: 5000 has received permission from Node: 5001
2025/11/11 22:06:53 Node: 5000 will ask Node: 5002 for permission
2025/11/11 22:06:53 Node: 5002 received request from Node: 5000
2025/11/11 22:06:55 Node: 5001 will ask Node: 5000 for permission
2025/11/11 22:06:55 Node: 5000 received request from Node: 5001
2025/11/11 22:06:55 Node: 5001 will ask Node: 5002 for permission
2025/11/11 22:06:55 Node: 5002 received request from Node: 5001
2025/11/11 22:06:57 Node: 5002 has left the Critical Section
2025/11/11 22:06:57 Node: 5000 has received permission from Node: 5002
2025/11/11 22:06:57 Node: 5000 made it to the Critical Section! MUAHAHAAAA 
2025/11/11 22:06:57 Node: 5001 has received permission from Node: 5002
2025/11/11 22:06:59 Node: 5002 will ask Node: 5000 for permission
2025/11/11 22:06:59 Node: 5000 received request from Node: 5002
2025/11/11 22:06:59 Node: 5002 will ask Node: 5001 for permission
2025/11/11 22:06:59 Node: 5001 received request from Node: 5002
2025/11/11 22:07:01 Node: 5000 has left the Critical Section
2025/11/11 22:07:01 Node: 5001 has received permission from Node: 5000
2025/11/11 22:07:01 Node: 5001 made it to the Critical Section! MUAHAHAAAA 
2025/11/11 22:07:01 Node: 5002 has received permission from Node: 5000
2025/11/11 22:07:04 Node: 5000 will ask Node: 5001 for permission
2025/11/11 22:07:04 Node: 5001 received request from Node: 5000
2025/11/11 22:07:04 Node: 5000 will ask Node: 5002 for permission
2025/11/11 22:07:04 Node: 5002 received request from Node: 5000
2025/11/11 22:07:05 Node: 5001 has left the Critical Section
2025/11/11 22:07:05 Node: 5002 has received permission from Node: 5001
2025/11/11 22:07:05 Node: 5002 made it to the Critical Section! MUAHAHAAAA 
2025/11/11 22:07:05 Node: 5000 has received permission from Node: 5001
2025/11/11 22:07:05 Node: 5001 will ask Node: 5000 for permission
2025/11/11 22:07:05 Node: 5000 received request from Node: 5001
2025/11/11 22:07:05 Node: 5001 will ask Node: 5002 for permission
2025/11/11 22:07:05 Node: 5002 received request from Node: 5001
2025/11/11 22:07:09 Node: 5002 has left the Critical Section
2025/11/11 22:07:09 Node: 5000 has received permission from Node: 5002
2025/11/11 22:07:09 Node: 5000 made it to the Critical Section! MUAHAHAAAA 
2025/11/11 22:07:09 Node: 5001 has received permission from Node: 5002
2025/11/11 22:07:13 Node: 5000 has left the Critical Section
2025/11/11 22:07:13 Node: 5001 has received permission from Node: 5000
2025/11/11 22:07:13 Node: 5001 made it to the Critical Section! MUAHAHAAAA 
2025/11/11 22:07:13 Node: 5002 will ask Node: 5000 for permission
2025/11/11 22:07:13 Node: 5000 received request from Node: 5002
2025/11/11 22:07:13 Node: 5002 has received permission from Node: 5000
2025/11/11 22:07:13 Node: 5002 will ask Node: 5001 for permission
2025/11/11 22:07:13 Node: 5001 received request from Node: 5002
2025/11/11 22:07:16 Node: 5000 will ask Node: 5001 for permission
2025/11/11 22:07:16 Node: 5001 received request from Node: 5000
2025/11/11 22:07:16 Node: 5000 will ask Node: 5002 for permission
2025/11/11 22:07:16 Node: 5002 received request from Node: 5000
2025/11/11 22:07:17 Node: 5001 has left the Critical Section
2025/11/11 22:07:17 Node: 5002 has received permission from Node: 5001
2025/11/11 22:07:17 Node: 5002 made it to the Critical Section! MUAHAHAAAA 
2025/11/11 22:07:17 Node: 5000 has received permission from Node: 5001
2025/11/11 22:07:19 Node: 5001 will ask Node: 5000 for permission
2025/11/11 22:07:19 Node: 5000 received request from Node: 5001
2025/11/11 22:07:19 Node: 5001 will ask Node: 5002 for permission
2025/11/11 22:07:19 Node: 5002 received request from Node: 5001
2025/11/11 22:07:21 Node: 5002 has left the Critical Section
2025/11/11 22:07:21 Node: 5000 has received permission from Node: 5002
2025/11/11 22:07:21 Node: 5000 made it to the Critical Section! MUAHAHAAAA 
2025/11/11 22:07:21 Node: 5001 has received permission from Node: 5002
2025/11/11 22:07:23 Node: 5002 will ask Node: 5001 for permission
2025/11/11 22:07:23 Node: 5001 received request from Node: 5002
2025/11/11 22:07:23 Node: 5002 will ask Node: 5000 for permission
2025/11/11 22:07:23 Node: 5000 received request from Node: 5002
2025/11/11 22:07:25 Node: 5000 has left the Critical Section
2025/11/11 22:07:25 Node: 5001 has received permission from Node: 5000
2025/11/11 22:07:25 Node: 5001 made it to the Critical Section! MUAHAHAAAA 
2025/11/11 22:07:25 Node: 5002 has received permission from Node: 5000
2025/11/11 22:07:29 Node: 5001 has left the Critical Section
2025/11/11 22:07:29 Node: 5000 will ask Node: 5001 for permission
2025/11/11 22:07:29 Node: 5002 has received permission from Node: 5001
2025/11/11 22:07:29 Node: 5002 made it to the Critical Section! MUAHAHAAAA 
2025/11/11 22:07:29 Node: 5001 received request from Node: 5000
2025/11/11 22:07:29 Node: 5000 has received permission from Node: 5001
2025/11/11 22:07:29 Node: 5000 will ask Node: 5002 for permission
2025/11/11 22:07:29 Node: 5002 received request from Node: 5000
2025/11/11 22:07:32 Node: 5001 will ask Node: 5000 for permission
2025/11/11 22:07:32 Node: 5000 received request from Node: 5001
2025/11/11 22:07:32 Node: 5001 will ask Node: 5002 for permission
2025/11/11 22:07:32 Node: 5002 received request from Node: 5001
2025/11/11 22:07:33 Node: 5002 has left the Critical Section
2025/11/11 22:07:33 Node: 5000 has received permission from Node: 5002
2025/11/11 22:07:33 Node: 5000 made it to the Critical Section! MUAHAHAAAA 
2025/11/11 22:07:33 Node: 5001 has received permission from Node: 5002
2025/11/11 22:07:35 Node: 5002 will ask Node: 5000 for permission
2025/11/11 22:07:35 Node: 5000 received request from Node: 5002
2025/11/11 22:07:35 Node: 5002 will ask Node: 5001 for permission
2025/11/11 22:07:35 Node: 5001 received request from Node: 5002
2025/11/11 22:07:37 Node: 5000 has left the Critical Section
2025/11/11 22:07:37 Node: 5001 has received permission from Node: 5000
2025/11/11 22:07:37 Node: 5001 made it to the Critical Section! MUAHAHAAAA 
2025/11/11 22:07:37 Node: 5002 has received permission from Node: 5000
2025/11/11 22:07:40 Node: 5000 will ask Node: 5001 for permission
2025/11/11 22:07:40 Node: 5001 received request from Node: 5000
2025/11/11 22:07:40 Node: 5000 will ask Node: 5002 for permission
2025/11/11 22:07:40 Node: 5002 received request from Node: 5000
2025/11/11 22:07:41 Node: 5001 has left the Critical Section
2025/11/11 22:07:41 Node: 5002 has received permission from Node: 5001
2025/11/11 22:07:41 Node: 5002 made it to the Critical Section! MUAHAHAAAA 
2025/11/11 22:07:41 Node: 5000 has received permission from Node: 5001
2025/11/11 22:07:42 Node: 5001 will ask Node: 5000 for permission
2025/11/11 22:07:42 Node: 5000 received request from Node: 5001
2025/11/11 22:07:42 Node: 5001 will ask Node: 5002 for permission
2025/11/11 22:07:43 Node: 5002 received request from Node: 5001
2025/11/11 22:07:45 Node: 5002 has left the Critical Section
2025/11/11 22:07:45 Node: 5000 has received permission from Node: 5002
2025/11/11 22:07:45 Node: 5000 made it to the Critical Section! MUAHAHAAAA 
2025/11/11 22:07:45 Node: 5001 has received permission from Node: 5002
2025/11/11 22:07:46 Node: 5002 will ask Node: 5000 for permission
2025/11/11 22:07:46 Node: 5000 received request from Node: 5002
2025/11/11 22:07:46 Node: 5002 will ask Node: 5001 for permission
2025/11/11 22:07:46 Node: 5001 received request from Node: 5002
2025/11/11 22:07:49 Node: 5000 has left the Critical Section
2025/11/11 22:07:50 Node: 5001 has received permission from Node: 5000
2025/11/11 22:07:50 Node: 5001 made it to the Critical Section! MUAHAHAAAA 
2025/11/11 22:07:50 Node: 5002 has received permission from Node: 5000
2025/11/11 22:07:52 Node: 5000 will ask Node: 5001 for permission
2025/11/11 22:07:52 Node: 5001 received request from Node: 5000
2025/11/11 22:07:52 Node: 5000 will ask Node: 5002 for permission
2025/11/11 22:07:52 Node: 5002 received request from Node: 5000
2025/11/11 22:07:54 Node: 5001 has left the Critical Section
2025/11/11 22:07:54 Node: 5002 has received permission from Node: 5001
2025/11/11 22:07:54 Node: 5002 made it to the Critical Section! MUAHAHAAAA 
2025/11/11 22:07:54 Node: 5000 has received permission from Node: 5001
2025/11/11 22:07:56 Node: 5001 will ask Node: 5000 for permission
2025/11/11 22:07:56 Node: 5000 received request from Node: 5001
2025/11/11 22:07:56 Node: 5001 will ask Node: 5002 for permission
2025/11/11 22:07:56 Node: 5002 received request from Node: 5001
2025/11/11 22:07:58 Node: 5002 has left the Critical Section
2025/11/11 22:07:58 Node: 5000 has received permission from Node: 5002
2025/11/11 22:07:58 Node: 5000 made it to the Critical Section! MUAHAHAAAA 
2025/11/11 22:07:58 Node: 5001 has received permission from Node: 5002
2025/11/11 22:08:01 Node: 5002 will ask Node: 5000 for permission
2025/11/11 22:08:01 Node: 5000 received request from Node: 5002
2025/11/11 22:08:01 Node: 5002 will ask Node: 5001 for permission
2025/11/11 22:08:01 Node: 5001 received request from Node: 5002
2025/11/11 22:08:02 Node: 5000 has left the Critical Section
2025/11/11 22:08:02 Node: 5001 has received permission from Node: 5000
2025/11/11 22:08:02 Node: 5001 made it to the Critical Section! MUAHAHAAAA 
2025/11/11 22:08:02 Node: 5002 has received permission from Node: 5000
2025/11/11 22:08:03 Node: 5000 will ask Node: 5001 for permission
2025/11/11 22:08:03 Node: 5001 received request from Node: 5000
2025/11/11 22:08:03 Node: 5000 will ask Node: 5002 for permission
2025/11/11 22:08:03 Node: 5002 received request from Node: 5000
2025/11/11 22:08:06 Node: 5001 has left the Critical Section
2025/11/11 22:08:06 Node: 5002 has received permission from Node: 5001
2025/11/11 22:08:06 Node: 5002 made it to the Critical Section! MUAHAHAAAA 
2025/11/11 22:08:06 Node: 5000 has received permission from Node: 5001
2025/11/11 22:08:07 Node: 5001 will ask Node: 5000 for permission
2025/11/11 22:08:07 Node: 5000 received request from Node: 5001
2025/11/11 22:08:07 Node: 5001 will ask Node: 5002 for permission
2025/11/11 22:08:07 Node: 5002 received request from Node: 5001
2025/11/11 22:08:10 Node: 5002 has left the Critical Section
2025/11/11 22:08:10 Node: 5000 has received permission from Node: 5002
2025/11/11 22:08:10 Node: 5000 made it to the Critical Section! MUAHAHAAAA 
2025/11/11 22:08:10 Node: 5001 has received permission from Node: 5002
2025/11/11 22:08:13 Node: 5002 will ask Node: 5000 for permission
2025/11/11 22:08:13 Node: 5000 received request from Node: 5002
2025/11/11 22:08:13 Node: 5002 will ask Node: 5001 for permission
2025/11/11 22:08:13 Node: 5001 received request from Node: 5002
2025/11/11 22:08:14 Node: 5000 has left the Critical Section
2025/11/11 22:08:14 Node: 5001 has received permission from Node: 5000
2025/11/11 22:08:14 Node: 5001 made it to the Critical Section! MUAHAHAAAA 
2025/11/11 22:08:14 Node: 5002 has received permission from Node: 5000
2025/11/11 22:08:18 Node: 5000 will ask Node: 5001 for permission
2025/11/11 22:08:18 Node: 5000 will ask Node: 5002 for permission
