2025/11/09 20:12:31 Server running on port 5000... 
2025/11/09 20:12:33 Server running on port 5001... 
2025/11/09 20:12:35 Server running on port 5002... 
2025/11/09 20:12:41 Node: 5000 Client connection established on port 5002... 
2025/11/09 20:12:41 Node: 5000 Client connection established on port 5001... 
2025/11/09 20:12:43 Node: 5001 Client connection established on port 5000... 
2025/11/09 20:12:43 Node: 5001 Client connection established on port 5002... 
2025/11/09 20:12:45 Node: 5002 Client connection established on port 5000... 
2025/11/09 20:12:45 Node: 5002 Client connection established on port 5001... 
2025/11/09 20:12:46 Node: 5002 received request from Node: 5000
2025/11/09 20:12:47 Node: 5001 received request from Node: 5000
2025/11/09 20:12:47 Node: 5000 made it to the Critical Section! MUAHAHAAAA 
2025/11/09 20:12:50 Node: 5002 received request from Node: 5001
2025/11/09 20:12:50 Node: 5000 received request from Node: 5001
2025/11/09 20:12:50 Node: 5000 received request from Node: 5002
2025/11/09 20:12:50 Node: 5001 received request from Node: 5002
2025/11/09 20:12:51 Node: 5000 has left the Critical Section
2025/11/09 20:12:51 Node: 5002 made it to the Critical Section! MUAHAHAAAA 
2025/11/09 20:12:52 Node: 5001 received request from Node: 5000
2025/11/09 20:12:52 Node: 5002 received request from Node: 5000
2025/11/09 20:12:55 Node: 5002 has left the Critical Section
2025/11/09 20:12:55 Node: 5001 made it to the Critical Section! MUAHAHAAAA 
2025/11/09 20:12:58 Node: 5001 received request from Node: 5002
2025/11/09 20:12:58 Node: 5000 received request from Node: 5002
2025/11/09 20:12:59 Node: 5001 has left the Critical Section
2025/11/09 20:12:59 Node: 5002 made it to the Critical Section! MUAHAHAAAA 
2025/11/09 20:12:59 Node: 5000 made it to the Critical Section! MUAHAHAAAA 
2025/11/09 20:13:02 Node: 5002 received request from Node: 5001
2025/11/09 20:13:02 Node: 5000 received request from Node: 5001
2025/11/09 20:13:03 Node: 5000 has left the Critical Section
2025/11/09 20:13:03 Node: 5002 has left the Critical Section
2025/11/09 20:13:03 Node: 5001 made it to the Critical Section! MUAHAHAAAA 
2025/11/09 20:13:04 Node: 5001 received request from Node: 5000
2025/11/09 20:13:04 Node: 5002 received request from Node: 5000
2025/11/09 20:13:05 Node: 5001 received request from Node: 5002
2025/11/09 20:13:05 Node: 5000 received request from Node: 5002
2025/11/09 20:13:07 Node: 5001 has left the Critical Section
2025/11/09 20:13:07 Node: 5000 received request from Node: 5001
2025/11/09 20:13:07 Node: 5002 received request from Node: 5001
2025/11/09 20:13:27 Node: 5002 made it to the Critical Section! MUAHAHAAAA 
