2025/11/25 19:21:03 Starting Auction Server...
2025/11/25 19:21:03 Auction Server 1 listening on port 5050
2025/11/25 19:21:07 Starting Auction Server...
2025/11/25 19:21:07 Backup Auction Server 3 listening on port 6060
2025/11/25 19:21:09 Server: 1 | Primary server connection to Backup server created, state: READY 
2025/11/25 19:21:09 Primary: reset auction values, bid = -1 and bidderId = 0  
2025/11/25 19:21:09 Server: 3 | Backup: updating auction values, bid = 0 and bidderId = -1 
2025/11/25 19:21:09 ------ Round 0 of auction has begun ------------ 
2025/11/25 19:21:10 Starting Auction Client 1...
2025/11/25 19:21:13 Starting Auction Client 2...
2025/11/25 19:21:19 ------ Round 0 of auction is over, winning bid: 0 by client: -1  ------------ 
2025/11/25 19:21:25 Primary: reset auction values, bid = -1 and bidderId = 0  
2025/11/25 19:21:25 Server: 3 | Backup: updating auction values, bid = 0 and bidderId = -1 
2025/11/25 19:21:25 ------ Round 1 of auction has begun ------------ 
2025/11/25 19:21:25 Server: 1 | Updated map in backup: %!(EXTRA map[int32]bool=map[2:true])
2025/11/25 19:21:25 Server: 3 | Backup Server, updating registered client 
2025/11/25 19:21:25 Server: 3 | Updated map in back up: map[2:true]
2025/11/25 19:21:25 Server: 1 | Primary: updating auction values, bid = 2 and bidderId = 5 
2025/11/25 19:21:25 Server: 3 | Backup: updating auction values, bid = 2 and bidderId = 5 
2025/11/25 19:21:25 Client 2 | res is: SUCCESS 
2025/11/25 19:21:25 SUCCESS: Client 2 placed a bid of 5 
2025/11/25 19:21:25 Server: 1 | Updated map in backup: %!(EXTRA map[int32]bool=map[1:true 2:true])
2025/11/25 19:21:25 Server: 3 | Backup Server, updating registered client 
2025/11/25 19:21:25 Server: 3 | Updated map in back up: map[1:true 2:true]
2025/11/25 19:21:25 Server: 1 | Primary: updating auction values, bid = 1 and bidderId = 22 
2025/11/25 19:21:25 Server: 3 | Backup: updating auction values, bid = 1 and bidderId = 22 
2025/11/25 19:21:25 Client 1 | res is: SUCCESS 
2025/11/25 19:21:25 SUCCESS: Client 1 placed a bid of 22 
2025/11/25 19:21:26 Server: 1 | Primary: updating auction values, bid = 2 and bidderId = 38 
2025/11/25 19:21:26 Server: 3 | Backup: updating auction values, bid = 2 and bidderId = 38 
2025/11/25 19:21:26 Client 2 | res is: SUCCESS 
2025/11/25 19:21:26 SUCCESS: Client 2 placed a bid of 38 
2025/11/25 19:21:26 Server: 1 | Primary: updating auction values, bid = 1 and bidderId = 72 
2025/11/25 19:21:26 Server: 3 | Backup: updating auction values, bid = 1 and bidderId = 72 
2025/11/25 19:21:26 Client 1 | res is: SUCCESS 
2025/11/25 19:21:26 SUCCESS: Client 1 placed a bid of 72 
2025/11/25 19:21:27 Server: 1 | Primary: updating auction values, bid = 2 and bidderId = 110 
2025/11/25 19:21:27 Server: 3 | Backup: updating auction values, bid = 2 and bidderId = 110 
2025/11/25 19:21:27 Client 2 | res is: SUCCESS 
2025/11/25 19:21:27 SUCCESS: Client 2 placed a bid of 110 
2025/11/25 19:21:27 Server: 1 | Primary: updating auction values, bid = 1 and bidderId = 128 
2025/11/25 19:21:27 Server: 3 | Backup: updating auction values, bid = 1 and bidderId = 128 
2025/11/25 19:21:27 Client 1 | res is: SUCCESS 
2025/11/25 19:21:27 SUCCESS: Client 1 placed a bid of 128 
2025/11/25 19:21:28 Server: 1 | Primary: updating auction values, bid = 2 and bidderId = 158 
2025/11/25 19:21:28 Server: 3 | Backup: updating auction values, bid = 2 and bidderId = 158 
2025/11/25 19:21:28 Client 2 | res is: SUCCESS 
2025/11/25 19:21:28 SUCCESS: Client 2 placed a bid of 158 
2025/11/25 19:21:28 Server: 1 | Primary: updating auction values, bid = 1 and bidderId = 172 
2025/11/25 19:21:28 Server: 3 | Backup: updating auction values, bid = 1 and bidderId = 172 
2025/11/25 19:21:28 Client 1 | res is: SUCCESS 
2025/11/25 19:21:28 SUCCESS: Client 1 placed a bid of 172 
2025/11/25 19:21:29 Server: 1 | Primary: updating auction values, bid = 2 and bidderId = 211 
2025/11/25 19:21:29 Server: 3 | Backup: updating auction values, bid = 2 and bidderId = 211 
2025/11/25 19:21:29 Client 2 | res is: SUCCESS 
2025/11/25 19:21:29 SUCCESS: Client 2 placed a bid of 211 
2025/11/25 19:21:29 Server: 1 | Primary: updating auction values, bid = 1 and bidderId = 231 
2025/11/25 19:21:29 Server: 3 | Backup: updating auction values, bid = 1 and bidderId = 231 
2025/11/25 19:21:29 Client 1 | res is: SUCCESS 
2025/11/25 19:21:29 SUCCESS: Client 1 placed a bid of 231 
2025/11/25 19:21:30 Server: 1 | Primary: updating auction values, bid = 2 and bidderId = 242 
2025/11/25 19:21:30 Server: 3 | Backup: updating auction values, bid = 2 and bidderId = 242 
2025/11/25 19:21:30 Client 2 | res is: SUCCESS 
2025/11/25 19:21:30 SUCCESS: Client 2 placed a bid of 242 
2025/11/25 19:21:30 Server: 1 | Primary: updating auction values, bid = 1 and bidderId = 258 
2025/11/25 19:21:30 Server: 3 | Backup: updating auction values, bid = 1 and bidderId = 258 
2025/11/25 19:21:30 Client 1 | res is: SUCCESS 
2025/11/25 19:21:30 SUCCESS: Client 1 placed a bid of 258 
2025/11/25 19:21:31 Server: 1 | Primary: updating auction values, bid = 2 and bidderId = 264 
2025/11/25 19:21:31 Server: 3 | Backup: updating auction values, bid = 2 and bidderId = 264 
2025/11/25 19:21:31 Client 2 | res is: SUCCESS 
2025/11/25 19:21:31 SUCCESS: Client 2 placed a bid of 264 
2025/11/25 19:21:31 Server: 1 | Primary: updating auction values, bid = 1 and bidderId = 268 
2025/11/25 19:21:31 Server: 3 | Backup: updating auction values, bid = 1 and bidderId = 268 
2025/11/25 19:21:31 Client 1 | res is: SUCCESS 
2025/11/25 19:21:31 SUCCESS: Client 1 placed a bid of 268 
2025/11/25 19:21:32 Server: 1 | Primary: updating auction values, bid = 2 and bidderId = 281 
2025/11/25 19:21:32 Server: 3 | Backup: updating auction values, bid = 2 and bidderId = 281 
2025/11/25 19:21:32 Client 2 | res is: SUCCESS 
2025/11/25 19:21:32 SUCCESS: Client 2 placed a bid of 281 
2025/11/25 19:21:32 Server: 1 | Primary: updating auction values, bid = 1 and bidderId = 327 
2025/11/25 19:21:32 Server: 3 | Backup: updating auction values, bid = 1 and bidderId = 327 
2025/11/25 19:21:32 Client 1 | res is: SUCCESS 
2025/11/25 19:21:32 SUCCESS: Client 1 placed a bid of 327 
2025/11/25 19:21:33 Server: 1 | Primary: updating auction values, bid = 2 and bidderId = 366 
2025/11/25 19:21:33 Server: 3 | Backup: updating auction values, bid = 2 and bidderId = 366 
2025/11/25 19:21:33 Client 2 | res is: SUCCESS 
2025/11/25 19:21:33 SUCCESS: Client 2 placed a bid of 366 
2025/11/25 19:21:33 Server: 1 | Primary: updating auction values, bid = 1 and bidderId = 412 
2025/11/25 19:21:33 Server: 3 | Backup: updating auction values, bid = 1 and bidderId = 412 
2025/11/25 19:21:33 Client 1 | res is: SUCCESS 
2025/11/25 19:21:33 SUCCESS: Client 1 placed a bid of 412 
2025/11/25 19:21:34 Server: 1 | Primary: updating auction values, bid = 2 and bidderId = 417 
2025/11/25 19:21:34 Server: 3 | Backup: updating auction values, bid = 2 and bidderId = 417 
2025/11/25 19:21:34 Client 2 | res is: SUCCESS 
2025/11/25 19:21:34 SUCCESS: Client 2 placed a bid of 417 
2025/11/25 19:21:34 Server: 1 | Primary: updating auction values, bid = 1 and bidderId = 451 
2025/11/25 19:21:34 Server: 3 | Backup: updating auction values, bid = 1 and bidderId = 451 
2025/11/25 19:21:34 Client 1 | res is: SUCCESS 
2025/11/25 19:21:34 SUCCESS: Client 1 placed a bid of 451 
2025/11/25 19:21:35 ------ Round 1 of auction is over, winning bid: 451 by client: 1  ------------ 
2025/11/25 19:21:41 Primary: reset auction values, bid = -1 and bidderId = 0  
2025/11/25 19:21:41 Server: 3 | Backup: updating auction values, bid = 0 and bidderId = -1 
2025/11/25 19:21:41 ------ Round 2 of auction has begun ------------ 
2025/11/25 19:21:41 Server: 1 | Primary: updating auction values, bid = 2 and bidderId = 60 
2025/11/25 19:21:41 Server: 3 | Backup: updating auction values, bid = 2 and bidderId = 60 
2025/11/25 19:21:41 Client 2 | res is: SUCCESS 
2025/11/25 19:21:41 SUCCESS: Client 2 placed a bid of 60 
2025/11/25 19:21:41 Server: 1 | Primary: updating auction values, bid = 1 and bidderId = 66 
2025/11/25 19:21:41 Server: 3 | Backup: updating auction values, bid = 1 and bidderId = 66 
2025/11/25 19:21:41 Client 1 | res is: SUCCESS 
2025/11/25 19:21:41 SUCCESS: Client 1 placed a bid of 66 
2025/11/25 19:21:42 Client 2: Failed to get result from grpc call: rpc error: code = Unavailable desc = connection error: desc = "transport: Error while dialing: dial tcp 127.0.0.1:5050: connect: connection refused" will attempt to connect to backup server 
2025/11/25 19:21:42 Client 2 should have connected to backup server
2025/11/25 19:21:42 Client 1: Failed to get result from grpc call: rpc error: code = Unavailable desc = connection error: desc = "transport: Error while dialing: dial tcp 127.0.0.1:5050: connect: connection refused" will attempt to connect to backup server 
2025/11/25 19:21:42 Client 1 should have connected to backup server
2025/11/25 19:21:52 res: highestBid:66 itemSold:true
2025/11/25 19:21:52 res: highestBid:66 itemSold:true
