2025/11/25 19:25:11 Starting Auction Server...
2025/11/25 19:25:11 Auction Server 1 listening on port 5050
2025/11/25 19:25:11 Starting Auction Server...
2025/11/25 19:25:11 Backup Auction Server 3 listening on port 6060
2025/11/25 19:25:12 Server: 1 | Primary server connection to Backup server created, state: READY 
2025/11/25 19:25:12 Primary: reset auction values, bid = -1 and bidderId = 0  
2025/11/25 19:25:12 Server: 3 | Backup: updating auction values, bid = 0 and bidderId = -1 
2025/11/25 19:25:12 ------ Round 0 of auction has begun ------------ 
2025/11/25 19:25:15 Starting Auction Client 1...
2025/11/25 19:25:20 Starting Auction Client 2...
2025/11/25 19:25:22 ------ Round 0 of auction is over, winning bid: 0 by client: -1  ------------ 
2025/11/25 19:25:28 Primary: reset auction values, bid = -1 and bidderId = 0  
2025/11/25 19:25:28 Server: 3 | Backup: updating auction values, bid = 0 and bidderId = -1 
2025/11/25 19:25:28 ------ Round 1 of auction has begun ------------ 
2025/11/25 19:25:28 Server: 1 | Updated map in backup: %!(EXTRA map[int32]bool=map[1:true])
2025/11/25 19:25:28 Server: 3 | Backup Server, updating registered client 
2025/11/25 19:25:28 Server: 3 | Updated map in back up: map[1:true]
2025/11/25 19:25:28 Server: 1 | Primary: updating auction values, bid = 1 and bidderId = 49 
2025/11/25 19:25:28 Server: 3 | Backup: updating auction values, bid = 1 and bidderId = 49 
2025/11/25 19:25:28 Client 1 | res is: SUCCESS 
2025/11/25 19:25:28 SUCCESS: Client 1 placed a bid of 49 
2025/11/25 19:25:29 Server: 1 | Primary: updating auction values, bid = 1 and bidderId = 94 
2025/11/25 19:25:29 Server: 3 | Backup: updating auction values, bid = 1 and bidderId = 94 
2025/11/25 19:25:29 Client 1 | res is: SUCCESS 
2025/11/25 19:25:29 SUCCESS: Client 1 placed a bid of 94 
2025/11/25 19:25:30 Server: 1 | Updated map in backup: %!(EXTRA map[int32]bool=map[1:true 2:true])
2025/11/25 19:25:30 Server: 3 | Backup Server, updating registered client 
2025/11/25 19:25:30 Server: 3 | Updated map in back up: map[1:true 2:true]
2025/11/25 19:25:30 Server: 1 | Primary: updating auction values, bid = 2 and bidderId = 136 
2025/11/25 19:25:30 Server: 3 | Backup: updating auction values, bid = 2 and bidderId = 136 
2025/11/25 19:25:30 Client 2 | res is: SUCCESS 
2025/11/25 19:25:30 SUCCESS: Client 2 placed a bid of 136 
2025/11/25 19:25:30 Server: 1 | Primary: updating auction values, bid = 1 and bidderId = 173 
2025/11/25 19:25:30 Server: 3 | Backup: updating auction values, bid = 1 and bidderId = 173 
2025/11/25 19:25:30 Client 1 | res is: SUCCESS 
2025/11/25 19:25:30 SUCCESS: Client 1 placed a bid of 173 
2025/11/25 19:25:31 Server: 1 | Primary: updating auction values, bid = 2 and bidderId = 194 
2025/11/25 19:25:31 Server: 3 | Backup: updating auction values, bid = 2 and bidderId = 194 
2025/11/25 19:25:31 Client 2 | res is: SUCCESS 
2025/11/25 19:25:31 SUCCESS: Client 2 placed a bid of 194 
2025/11/25 19:25:31 Server: 1 | Primary: updating auction values, bid = 1 and bidderId = 212 
2025/11/25 19:25:31 Server: 3 | Backup: updating auction values, bid = 1 and bidderId = 212 
2025/11/25 19:25:31 Client 1 | res is: SUCCESS 
2025/11/25 19:25:31 SUCCESS: Client 1 placed a bid of 212 
2025/11/25 19:25:32 Server: 1 | Primary: updating auction values, bid = 2 and bidderId = 248 
2025/11/25 19:25:32 Server: 3 | Backup: updating auction values, bid = 2 and bidderId = 248 
2025/11/25 19:25:32 Client 2 | res is: SUCCESS 
2025/11/25 19:25:32 SUCCESS: Client 2 placed a bid of 248 
2025/11/25 19:25:32 Server: 1 | Primary: updating auction values, bid = 1 and bidderId = 273 
2025/11/25 19:25:32 Server: 3 | Backup: updating auction values, bid = 1 and bidderId = 273 
2025/11/25 19:25:32 Client 1 | res is: SUCCESS 
2025/11/25 19:25:32 SUCCESS: Client 1 placed a bid of 273 
2025/11/25 19:25:33 Server: 1 | Primary: updating auction values, bid = 2 and bidderId = 303 
2025/11/25 19:25:33 Server: 3 | Backup: updating auction values, bid = 2 and bidderId = 303 
2025/11/25 19:25:33 Client 2 | res is: SUCCESS 
2025/11/25 19:25:33 SUCCESS: Client 2 placed a bid of 303 
2025/11/25 19:25:33 Server: 1 | Primary: updating auction values, bid = 1 and bidderId = 316 
2025/11/25 19:25:33 Server: 3 | Backup: updating auction values, bid = 1 and bidderId = 316 
2025/11/25 19:25:33 Client 1 | res is: SUCCESS 
2025/11/25 19:25:33 SUCCESS: Client 1 placed a bid of 316 
2025/11/25 19:25:34 Server: 1 | Primary: updating auction values, bid = 2 and bidderId = 322 
2025/11/25 19:25:34 Server: 3 | Backup: updating auction values, bid = 2 and bidderId = 322 
2025/11/25 19:25:34 Client 2 | res is: SUCCESS 
2025/11/25 19:25:34 SUCCESS: Client 2 placed a bid of 322 
2025/11/25 19:25:34 Server: 1 | Primary: updating auction values, bid = 1 and bidderId = 363 
2025/11/25 19:25:34 Server: 3 | Backup: updating auction values, bid = 1 and bidderId = 363 
2025/11/25 19:25:34 Client 1 | res is: SUCCESS 
2025/11/25 19:25:34 SUCCESS: Client 1 placed a bid of 363 
2025/11/25 19:25:35 Server: 1 | Primary: updating auction values, bid = 2 and bidderId = 393 
2025/11/25 19:25:35 Server: 3 | Backup: updating auction values, bid = 2 and bidderId = 393 
2025/11/25 19:25:35 Client 2 | res is: SUCCESS 
2025/11/25 19:25:35 SUCCESS: Client 2 placed a bid of 393 
2025/11/25 19:25:35 Server: 1 | Primary: updating auction values, bid = 1 and bidderId = 442 
2025/11/25 19:25:35 Server: 3 | Backup: updating auction values, bid = 1 and bidderId = 442 
2025/11/25 19:25:35 Client 1 | res is: SUCCESS 
2025/11/25 19:25:35 SUCCESS: Client 1 placed a bid of 442 
2025/11/25 19:25:36 Server: 1 | Primary: updating auction values, bid = 2 and bidderId = 472 
2025/11/25 19:25:36 Server: 3 | Backup: updating auction values, bid = 2 and bidderId = 472 
2025/11/25 19:25:36 Client 2 | res is: SUCCESS 
2025/11/25 19:25:36 SUCCESS: Client 2 placed a bid of 472 
2025/11/25 19:25:36 Server: 1 | Primary: updating auction values, bid = 1 and bidderId = 480 
2025/11/25 19:25:36 Server: 3 | Backup: updating auction values, bid = 1 and bidderId = 480 
2025/11/25 19:25:36 Client 1 | res is: SUCCESS 
2025/11/25 19:25:36 SUCCESS: Client 1 placed a bid of 480 
2025/11/25 19:25:37 Server: 1 | Primary: updating auction values, bid = 2 and bidderId = 529 
2025/11/25 19:25:37 Server: 3 | Backup: updating auction values, bid = 2 and bidderId = 529 
2025/11/25 19:25:37 Client 2 | res is: SUCCESS 
2025/11/25 19:25:37 SUCCESS: Client 2 placed a bid of 529 
2025/11/25 19:25:37 Server: 1 | Primary: updating auction values, bid = 1 and bidderId = 567 
2025/11/25 19:25:37 Server: 3 | Backup: updating auction values, bid = 1 and bidderId = 567 
2025/11/25 19:25:37 Client 1 | res is: SUCCESS 
2025/11/25 19:25:37 SUCCESS: Client 1 placed a bid of 567 
2025/11/25 19:25:38 ------ Round 1 of auction is over, winning bid: 567 by client: 1  ------------ 
2025/11/25 19:25:44 Primary: reset auction values, bid = -1 and bidderId = 0  
2025/11/25 19:25:44 Server: 3 | Backup: updating auction values, bid = 0 and bidderId = -1 
2025/11/25 19:25:44 ------ Round 2 of auction has begun ------------ 
2025/11/25 19:25:44 Server: 1 | Primary: updating auction values, bid = 2 and bidderId = 62 
2025/11/25 19:25:44 Server: 3 | Backup: updating auction values, bid = 2 and bidderId = 62 
2025/11/25 19:25:44 Client 2 | res is: SUCCESS 
2025/11/25 19:25:44 SUCCESS: Client 2 placed a bid of 62 
2025/11/25 19:25:44 Server: 1 | Primary: updating auction values, bid = 1 and bidderId = 96 
2025/11/25 19:25:44 Server: 3 | Backup: updating auction values, bid = 1 and bidderId = 96 
2025/11/25 19:25:44 Client 1 | res is: SUCCESS 
2025/11/25 19:25:44 SUCCESS: Client 1 placed a bid of 96 
2025/11/25 19:25:45 Server: 1 | Primary: updating auction values, bid = 2 and bidderId = 112 
2025/11/25 19:25:45 Server: 3 | Backup: updating auction values, bid = 2 and bidderId = 112 
2025/11/25 19:25:45 Client 2 | res is: SUCCESS 
2025/11/25 19:25:45 SUCCESS: Client 2 placed a bid of 112 
2025/11/25 19:25:45 Server: 1 | Primary: updating auction values, bid = 1 and bidderId = 151 
2025/11/25 19:25:45 Server: 3 | Backup: updating auction values, bid = 1 and bidderId = 151 
2025/11/25 19:25:45 Client 1 | res is: SUCCESS 
2025/11/25 19:25:45 SUCCESS: Client 1 placed a bid of 151 
2025/11/25 19:25:46 Client 2: Failed to get result from grpc call: rpc error: code = Unavailable desc = connection error: desc = "transport: Error while dialing: dial tcp 127.0.0.1:5050: connect: connection refused" will attempt to connect to backup server 
2025/11/25 19:25:46 Client 2 should have connected to backup server
2025/11/25 19:25:46 Client 1: Failed to get result from grpc call: rpc error: code = Unavailable desc = connection error: desc = "transport: Error while dialing: dial tcp 127.0.0.1:5050: connect: connection refused" will attempt to connect to backup server 
2025/11/25 19:25:46 Client 1 should have connected to backup server
2025/11/25 19:25:56 res: highestBid:151 itemSold:true
2025/11/25 19:25:56 res: highestBid:151 itemSold:true
2025/11/25 19:27:11 Client 2: Failed to get result from grpc call: rpc error: code = Unavailable desc = connection error: desc = "transport: Error while dialing: dial tcp 127.0.0.1:6060: connect: connection refused" will attempt to connect to backup server 
2025/11/25 19:27:11 Client 2 should have connected to backup server
2025/11/25 19:27:11 Client 1: Failed to get result from grpc call: rpc error: code = Unavailable desc = connection error: desc = "transport: Error while dialing: dial tcp 127.0.0.1:6060: connect: connection refused" will attempt to connect to backup server 
2025/11/25 19:27:11 Client 1 should have connected to backup server
