2025/11/25 16:39:18 Starting Auction Server...
2025/11/25 16:39:18 Auction Server 1 listening on port 5050
2025/11/25 16:39:21 Starting Auction Server...
2025/11/25 16:39:21 Backup Auction Server 2 listening on port 6060
2025/11/25 16:39:21 Primary server connection to Backup server created, state: READY 
2025/11/25 16:39:21 		Primary: reset auction values, bid = -1 and bidderId = 0  
2025/11/25 16:39:21 	Backup Server updating highest: old highest: {-1 0}, new highest: bid:-1 
2025/11/25 16:39:21 		Backup: updating auction values, bid = 0 and bidderId = -1 
2025/11/25 16:39:21 	Backup Server, old Auction ongoing: false new Auction ongoing: true 
2025/11/25 16:39:21 		Backup Server updated at the start of auction round 
2025/11/25 16:39:21 Round 0 of auction has begun 
2025/11/25 16:39:24 Starting Auction Client 1...
2025/11/25 16:39:24 Starting Auction Client 1...
2025/11/25 16:39:24 		Updated map in backup:  map[1:true]
2025/11/25 16:39:24 	Backup Server, updating registered client 
2025/11/25 16:39:24 		Updated map in back up: map[1:true]
2025/11/25 16:39:24 	Primary: updating auction values, bid = 1 and bidderId = 9 
2025/11/25 16:39:24 	Backup Server updating highest: old highest: {0 -1}, new highest: bid:9 id:1 
2025/11/25 16:39:24 		Backup: updating auction values, bid = 1 and bidderId = 9 
2025/11/25 16:39:24 Client 1 placed a bid of 9
2025/11/25 16:39:25 	Client 1 is increasing bid to 27
2025/11/25 16:39:25 	Primary: updating auction values, bid = 1 and bidderId = 27 
2025/11/25 16:39:25 	Backup Server updating highest: old highest: {1 9}, new highest: bid:27 id:1 
2025/11/25 16:39:25 		Backup: updating auction values, bid = 1 and bidderId = 27 
2025/11/25 16:39:25 Client 1 placed a bid of 27
2025/11/25 16:39:26 	Client 1 is increasing bid to 74
2025/11/25 16:39:26 	Primary: updating auction values, bid = 1 and bidderId = 74 
2025/11/25 16:39:26 	Backup Server updating highest: old highest: {1 27}, new highest: bid:74 id:1 
2025/11/25 16:39:26 		Backup: updating auction values, bid = 1 and bidderId = 74 
2025/11/25 16:39:26 Client 1 placed a bid of 74
2025/11/25 16:39:27 Starting Auction Client 2...
2025/11/25 16:39:27 Starting Auction Client 2...
2025/11/25 16:39:27 	Client 1 is increasing bid to 86
2025/11/25 16:39:27 	Primary: updating auction values, bid = 1 and bidderId = 86 
2025/11/25 16:39:27 	Backup Server updating highest: old highest: {1 74}, new highest: bid:86 id:1 
2025/11/25 16:39:27 		Backup: updating auction values, bid = 1 and bidderId = 86 
2025/11/25 16:39:27 Client 1 placed a bid of 86
2025/11/25 16:39:27 	Client 2 is increasing bid to 110
2025/11/25 16:39:27 		Updated map in backup:  map[1:true 2:true]
2025/11/25 16:39:27 	Backup Server, updating registered client 
2025/11/25 16:39:27 		Updated map in back up: map[1:true 2:true]
2025/11/25 16:39:27 	Primary: updating auction values, bid = 2 and bidderId = 110 
2025/11/25 16:39:27 	Backup Server updating highest: old highest: {1 86}, new highest: bid:110 id:2 
2025/11/25 16:39:27 		Backup: updating auction values, bid = 2 and bidderId = 110 
2025/11/25 16:39:27 Client 2 placed a bid of 110
2025/11/25 16:39:28 	Client 1 is increasing bid to 138
2025/11/25 16:39:28 	Primary: updating auction values, bid = 1 and bidderId = 138 
2025/11/25 16:39:28 	Backup Server updating highest: old highest: {2 110}, new highest: bid:138 id:1 
2025/11/25 16:39:28 		Backup: updating auction values, bid = 1 and bidderId = 138 
2025/11/25 16:39:28 Client 1 placed a bid of 138
2025/11/25 16:39:28 	Client 2 is increasing bid to 186
2025/11/25 16:39:28 	Primary: updating auction values, bid = 2 and bidderId = 186 
2025/11/25 16:39:28 	Backup Server updating highest: old highest: {1 138}, new highest: bid:186 id:2 
2025/11/25 16:39:28 		Backup: updating auction values, bid = 2 and bidderId = 186 
2025/11/25 16:39:28 Client 2 placed a bid of 186
2025/11/25 16:39:29 	Client 1 is increasing bid to 196
2025/11/25 16:39:29 	Primary: updating auction values, bid = 1 and bidderId = 196 
2025/11/25 16:39:29 	Backup Server updating highest: old highest: {2 186}, new highest: bid:196 id:1 
2025/11/25 16:39:29 		Backup: updating auction values, bid = 1 and bidderId = 196 
2025/11/25 16:39:29 Client 1 placed a bid of 196
2025/11/25 16:39:29 	Client 2 is increasing bid to 201
2025/11/25 16:39:29 	Primary: updating auction values, bid = 2 and bidderId = 201 
2025/11/25 16:39:29 	Backup Server updating highest: old highest: {1 196}, new highest: bid:201 id:2 
2025/11/25 16:39:29 		Backup: updating auction values, bid = 2 and bidderId = 201 
2025/11/25 16:39:29 Client 2 placed a bid of 201
2025/11/25 16:39:30 	Client 1 is increasing bid to 219
2025/11/25 16:39:30 	Primary: updating auction values, bid = 1 and bidderId = 219 
2025/11/25 16:39:30 	Backup Server updating highest: old highest: {2 201}, new highest: bid:219 id:1 
2025/11/25 16:39:30 		Backup: updating auction values, bid = 1 and bidderId = 219 
2025/11/25 16:39:30 Client 1 placed a bid of 219
2025/11/25 16:39:30 	Client 2 is increasing bid to 234
2025/11/25 16:39:30 	Primary: updating auction values, bid = 2 and bidderId = 234 
2025/11/25 16:39:30 	Backup Server updating highest: old highest: {1 219}, new highest: bid:234 id:2 
2025/11/25 16:39:30 		Backup: updating auction values, bid = 2 and bidderId = 234 
2025/11/25 16:39:30 Client 2 placed a bid of 234
2025/11/25 16:39:31 	Client 1 is increasing bid to 274
2025/11/25 16:39:31 	Primary: updating auction values, bid = 1 and bidderId = 274 
2025/11/25 16:39:31 	Backup Server updating highest: old highest: {2 234}, new highest: bid:274 id:1 
2025/11/25 16:39:31 		Backup: updating auction values, bid = 1 and bidderId = 274 
2025/11/25 16:39:31 Client 1 placed a bid of 274
2025/11/25 16:39:31 	Client 2 is increasing bid to 283
2025/11/25 16:39:31 	Primary: updating auction values, bid = 2 and bidderId = 283 
2025/11/25 16:39:31 	Backup Server updating highest: old highest: {1 274}, new highest: bid:283 id:2 
2025/11/25 16:39:31 		Backup: updating auction values, bid = 2 and bidderId = 283 
2025/11/25 16:39:31 Client 2 placed a bid of 283
2025/11/25 16:39:31 	Backup Server, old Auction ongoing: true new Auction ongoing: false 
2025/11/25 16:39:31 		Backup Server updated at the end of auction round 
2025/11/25 16:39:31 Round 0 of auction is over, winning bid: 283 by client: 2 
2025/11/25 16:39:37 		Primary: reset auction values, bid = -1 and bidderId = 0  
2025/11/25 16:39:37 	Backup Server updating highest: old highest: {2 283}, new highest: bid:-1 
2025/11/25 16:39:37 		Backup: updating auction values, bid = 0 and bidderId = -1 
2025/11/25 16:39:37 	Backup Server, old Auction ongoing: false new Auction ongoing: true 
2025/11/25 16:39:37 		Backup Server updated at the start of auction round 
2025/11/25 16:39:37 Round 1 of auction has begun 
2025/11/25 16:39:38 	Primary: updating auction values, bid = 1 and bidderId = 39 
2025/11/25 16:39:38 	Backup Server updating highest: old highest: {0 -1}, new highest: bid:39 id:1 
2025/11/25 16:39:38 		Backup: updating auction values, bid = 1 and bidderId = 39 
2025/11/25 16:39:38 Client 1 placed a bid of 39
2025/11/25 16:39:38 	Primary: updating auction values, bid = 2 and bidderId = 75 
2025/11/25 16:39:38 	Backup Server updating highest: old highest: {1 39}, new highest: bid:75 id:2 
2025/11/25 16:39:38 		Backup: updating auction values, bid = 2 and bidderId = 75 
2025/11/25 16:39:38 Client 2 placed a bid of 75
2025/11/25 16:39:39 	Client 1 is increasing bid to 102
2025/11/25 16:39:39 	Primary: updating auction values, bid = 1 and bidderId = 102 
2025/11/25 16:39:39 	Backup Server updating highest: old highest: {2 75}, new highest: bid:102 id:1 
2025/11/25 16:39:39 		Backup: updating auction values, bid = 1 and bidderId = 102 
2025/11/25 16:39:39 Client 1 placed a bid of 102
2025/11/25 16:39:39 	Client 2 is increasing bid to 142
2025/11/25 16:39:39 	Primary: updating auction values, bid = 2 and bidderId = 142 
2025/11/25 16:39:39 	Backup Server updating highest: old highest: {1 102}, new highest: bid:142 id:2 
2025/11/25 16:39:39 		Backup: updating auction values, bid = 2 and bidderId = 142 
2025/11/25 16:39:39 Client 2 placed a bid of 142
2025/11/25 16:39:40 	Client 1 is increasing bid to 152
2025/11/25 16:39:40 	Primary: updating auction values, bid = 1 and bidderId = 152 
2025/11/25 16:39:40 	Backup Server updating highest: old highest: {2 142}, new highest: bid:152 id:1 
2025/11/25 16:39:40 		Backup: updating auction values, bid = 1 and bidderId = 152 
2025/11/25 16:39:40 Client 1 placed a bid of 152
2025/11/25 16:39:40 	Client 2 is increasing bid to 197
2025/11/25 16:39:40 	Primary: updating auction values, bid = 2 and bidderId = 197 
2025/11/25 16:39:40 	Backup Server updating highest: old highest: {1 152}, new highest: bid:197 id:2 
2025/11/25 16:39:40 		Backup: updating auction values, bid = 2 and bidderId = 197 
2025/11/25 16:39:40 Client 2 placed a bid of 197
2025/11/25 16:39:41 	Client 1 is increasing bid to 228
2025/11/25 16:39:41 	Primary: updating auction values, bid = 1 and bidderId = 228 
2025/11/25 16:39:41 	Backup Server updating highest: old highest: {2 197}, new highest: bid:228 id:1 
2025/11/25 16:39:41 		Backup: updating auction values, bid = 1 and bidderId = 228 
2025/11/25 16:39:41 Client 1 placed a bid of 228
2025/11/25 16:39:41 	Client 2 is increasing bid to 271
2025/11/25 16:39:41 	Primary: updating auction values, bid = 2 and bidderId = 271 
2025/11/25 16:39:41 	Backup Server updating highest: old highest: {1 228}, new highest: bid:271 id:2 
2025/11/25 16:39:41 		Backup: updating auction values, bid = 2 and bidderId = 271 
2025/11/25 16:39:41 Client 2 placed a bid of 271
2025/11/25 16:39:42 	Client 1 is increasing bid to 291
2025/11/25 16:39:42 	Primary: updating auction values, bid = 1 and bidderId = 291 
2025/11/25 16:39:42 	Backup Server updating highest: old highest: {2 271}, new highest: bid:291 id:1 
2025/11/25 16:39:42 		Backup: updating auction values, bid = 1 and bidderId = 291 
2025/11/25 16:39:42 Client 1 placed a bid of 291
2025/11/25 16:39:42 	Client 2 is increasing bid to 335
2025/11/25 16:39:42 	Primary: updating auction values, bid = 2 and bidderId = 335 
2025/11/25 16:39:42 	Backup Server updating highest: old highest: {1 291}, new highest: bid:335 id:2 
2025/11/25 16:39:42 		Backup: updating auction values, bid = 2 and bidderId = 335 
2025/11/25 16:39:42 Client 2 placed a bid of 335
2025/11/25 16:39:43 	Client 1 is increasing bid to 343
2025/11/25 16:39:43 	Primary: updating auction values, bid = 1 and bidderId = 343 
2025/11/25 16:39:43 	Backup Server updating highest: old highest: {2 335}, new highest: bid:343 id:1 
2025/11/25 16:39:43 		Backup: updating auction values, bid = 1 and bidderId = 343 
2025/11/25 16:39:43 Client 1 placed a bid of 343
2025/11/25 16:39:43 	Client 2 is increasing bid to 345
2025/11/25 16:39:43 	Primary: updating auction values, bid = 2 and bidderId = 345 
2025/11/25 16:39:43 	Backup Server updating highest: old highest: {1 343}, new highest: bid:345 id:2 
2025/11/25 16:39:43 		Backup: updating auction values, bid = 2 and bidderId = 345 
2025/11/25 16:39:43 Client 2 placed a bid of 345
2025/11/25 16:39:44 	Client 1 is increasing bid to 370
2025/11/25 16:39:44 	Primary: updating auction values, bid = 1 and bidderId = 370 
2025/11/25 16:39:44 	Backup Server updating highest: old highest: {2 345}, new highest: bid:370 id:1 
2025/11/25 16:39:44 		Backup: updating auction values, bid = 1 and bidderId = 370 
2025/11/25 16:39:44 Client 1 placed a bid of 370
2025/11/25 16:39:44 	Client 2 is increasing bid to 380
2025/11/25 16:39:44 	Primary: updating auction values, bid = 2 and bidderId = 380 
2025/11/25 16:39:44 	Backup Server updating highest: old highest: {1 370}, new highest: bid:380 id:2 
2025/11/25 16:39:44 		Backup: updating auction values, bid = 2 and bidderId = 380 
2025/11/25 16:39:44 Client 2 placed a bid of 380
2025/11/25 16:39:45 	Client 1 is increasing bid to 401
2025/11/25 16:39:45 	Primary: updating auction values, bid = 1 and bidderId = 401 
2025/11/25 16:39:45 	Backup Server updating highest: old highest: {2 380}, new highest: bid:401 id:1 
2025/11/25 16:39:45 		Backup: updating auction values, bid = 1 and bidderId = 401 
2025/11/25 16:39:45 Client 1 placed a bid of 401
2025/11/25 16:39:46 	Client 2 is increasing bid to 437
2025/11/25 16:39:46 	Primary: updating auction values, bid = 2 and bidderId = 437 
2025/11/25 16:39:46 	Backup Server updating highest: old highest: {1 401}, new highest: bid:437 id:2 
2025/11/25 16:39:46 		Backup: updating auction values, bid = 2 and bidderId = 437 
2025/11/25 16:39:46 Client 2 placed a bid of 437
2025/11/25 16:39:46 	Client 1 is increasing bid to 471
2025/11/25 16:39:46 	Primary: updating auction values, bid = 1 and bidderId = 471 
2025/11/25 16:39:46 	Backup Server updating highest: old highest: {2 437}, new highest: bid:471 id:1 
2025/11/25 16:39:46 		Backup: updating auction values, bid = 1 and bidderId = 471 
2025/11/25 16:39:46 Client 1 placed a bid of 471
2025/11/25 16:39:47 	Client 2 is increasing bid to 500
2025/11/25 16:39:47 	Primary: updating auction values, bid = 2 and bidderId = 500 
2025/11/25 16:39:47 	Backup Server updating highest: old highest: {1 471}, new highest: bid:500 id:2 
2025/11/25 16:39:47 		Backup: updating auction values, bid = 2 and bidderId = 500 
2025/11/25 16:39:47 Client 2 placed a bid of 500
2025/11/25 16:39:47 	Client 1 is increasing bid to 508
2025/11/25 16:39:47 	Primary: updating auction values, bid = 1 and bidderId = 508 
2025/11/25 16:39:47 	Backup Server updating highest: old highest: {2 500}, new highest: bid:508 id:1 
2025/11/25 16:39:47 		Backup: updating auction values, bid = 1 and bidderId = 508 
2025/11/25 16:39:47 Client 1 placed a bid of 508
2025/11/25 16:39:47 	Backup Server, old Auction ongoing: true new Auction ongoing: false 
2025/11/25 16:39:47 		Backup Server updated at the end of auction round 
2025/11/25 16:39:47 Round 1 of auction is over, winning bid: 508 by client: 1 
2025/11/25 16:39:53 		Primary: reset auction values, bid = -1 and bidderId = 0  
2025/11/25 16:39:53 	Backup Server updating highest: old highest: {1 508}, new highest: bid:-1 
2025/11/25 16:39:53 		Backup: updating auction values, bid = 0 and bidderId = -1 
2025/11/25 16:39:53 	Backup Server, old Auction ongoing: false new Auction ongoing: true 
2025/11/25 16:39:53 		Backup Server updated at the start of auction round 
2025/11/25 16:39:53 Round 2 of auction has begun 
2025/11/25 16:39:54 	Primary: updating auction values, bid = 2 and bidderId = 9 
2025/11/25 16:39:54 	Backup Server updating highest: old highest: {0 -1}, new highest: bid:9 id:2 
2025/11/25 16:39:54 		Backup: updating auction values, bid = 2 and bidderId = 9 
2025/11/25 16:39:54 Client 2 placed a bid of 9
2025/11/25 16:39:54 	Primary: updating auction values, bid = 1 and bidderId = 86 
2025/11/25 16:39:54 	Backup Server updating highest: old highest: {2 9}, new highest: bid:86 id:1 
2025/11/25 16:39:54 		Backup: updating auction values, bid = 1 and bidderId = 86 
2025/11/25 16:39:54 Client 1 placed a bid of 86
2025/11/25 16:39:55 	Client 2 is increasing bid to 119
2025/11/25 16:39:55 	Primary: updating auction values, bid = 2 and bidderId = 119 
2025/11/25 16:39:55 	Backup Server updating highest: old highest: {1 86}, new highest: bid:119 id:2 
2025/11/25 16:39:55 		Backup: updating auction values, bid = 2 and bidderId = 119 
2025/11/25 16:39:55 Client 2 placed a bid of 119
2025/11/25 16:39:55 	Client 1 is increasing bid to 124
2025/11/25 16:39:55 	Primary: updating auction values, bid = 1 and bidderId = 124 
2025/11/25 16:39:55 	Backup Server updating highest: old highest: {2 119}, new highest: bid:124 id:1 
2025/11/25 16:39:55 		Backup: updating auction values, bid = 1 and bidderId = 124 
2025/11/25 16:39:55 Client 1 placed a bid of 124
2025/11/25 16:39:56 	Client 2 is increasing bid to 170
2025/11/25 16:39:56 	Primary: updating auction values, bid = 2 and bidderId = 170 
2025/11/25 16:39:56 	Backup Server updating highest: old highest: {1 124}, new highest: bid:170 id:2 
2025/11/25 16:39:56 		Backup: updating auction values, bid = 2 and bidderId = 170 
2025/11/25 16:39:56 Client 2 placed a bid of 170
2025/11/25 16:39:56 	Client 1 is increasing bid to 172
2025/11/25 16:39:56 	Primary: updating auction values, bid = 1 and bidderId = 172 
2025/11/25 16:39:56 	Backup Server updating highest: old highest: {2 170}, new highest: bid:172 id:1 
2025/11/25 16:39:56 		Backup: updating auction values, bid = 1 and bidderId = 172 
2025/11/25 16:39:56 Client 1 placed a bid of 172
2025/11/25 16:39:57 	Client 2 is increasing bid to 189
2025/11/25 16:39:57 	Primary: updating auction values, bid = 2 and bidderId = 189 
2025/11/25 16:39:57 	Backup Server updating highest: old highest: {1 172}, new highest: bid:189 id:2 
2025/11/25 16:39:57 		Backup: updating auction values, bid = 2 and bidderId = 189 
2025/11/25 16:39:57 Client 2 placed a bid of 189
2025/11/25 16:39:57 	Client 1 is increasing bid to 199
2025/11/25 16:39:57 	Primary: updating auction values, bid = 1 and bidderId = 199 
2025/11/25 16:39:57 	Backup Server updating highest: old highest: {2 189}, new highest: bid:199 id:1 
2025/11/25 16:39:57 		Backup: updating auction values, bid = 1 and bidderId = 199 
2025/11/25 16:39:58 Client 1 placed a bid of 199
2025/11/25 16:39:58 	Client 2 is increasing bid to 214
2025/11/25 16:39:58 	Primary: updating auction values, bid = 2 and bidderId = 214 
2025/11/25 16:39:58 	Backup Server updating highest: old highest: {1 199}, new highest: bid:214 id:2 
2025/11/25 16:39:58 		Backup: updating auction values, bid = 2 and bidderId = 214 
2025/11/25 16:39:58 Client 2 placed a bid of 214
2025/11/25 16:39:59 	Client 1 is increasing bid to 256
2025/11/25 16:39:59 	Primary: updating auction values, bid = 1 and bidderId = 256 
2025/11/25 16:39:59 	Backup Server updating highest: old highest: {2 214}, new highest: bid:256 id:1 
2025/11/25 16:39:59 		Backup: updating auction values, bid = 1 and bidderId = 256 
2025/11/25 16:39:59 Client 1 placed a bid of 256
2025/11/25 16:39:59 	Client 2 is increasing bid to 286
2025/11/25 16:39:59 	Primary: updating auction values, bid = 2 and bidderId = 286 
2025/11/25 16:39:59 	Backup Server updating highest: old highest: {1 256}, new highest: bid:286 id:2 
2025/11/25 16:39:59 		Backup: updating auction values, bid = 2 and bidderId = 286 
2025/11/25 16:39:59 Client 2 placed a bid of 286
2025/11/25 16:40:00 	Client 1 is increasing bid to 302
2025/11/25 16:40:00 	Primary: updating auction values, bid = 1 and bidderId = 302 
2025/11/25 16:40:00 	Backup Server updating highest: old highest: {2 286}, new highest: bid:302 id:1 
2025/11/25 16:40:00 		Backup: updating auction values, bid = 1 and bidderId = 302 
2025/11/25 16:40:00 Client 1 placed a bid of 302
2025/11/25 16:40:00 	Client 2 is increasing bid to 330
2025/11/25 16:40:00 	Primary: updating auction values, bid = 2 and bidderId = 330 
2025/11/25 16:40:00 	Backup Server updating highest: old highest: {1 302}, new highest: bid:330 id:2 
2025/11/25 16:40:00 		Backup: updating auction values, bid = 2 and bidderId = 330 
2025/11/25 16:40:00 Client 2 placed a bid of 330
2025/11/25 16:40:01 	Client 1 is increasing bid to 377
2025/11/25 16:40:01 	Primary: updating auction values, bid = 1 and bidderId = 377 
2025/11/25 16:40:01 	Backup Server updating highest: old highest: {2 330}, new highest: bid:377 id:1 
2025/11/25 16:40:01 		Backup: updating auction values, bid = 1 and bidderId = 377 
2025/11/25 16:40:01 Client 1 placed a bid of 377
2025/11/25 16:40:01 	Client 2 is increasing bid to 410
2025/11/25 16:40:01 	Primary: updating auction values, bid = 2 and bidderId = 410 
2025/11/25 16:40:01 	Backup Server updating highest: old highest: {1 377}, new highest: bid:410 id:2 
2025/11/25 16:40:01 		Backup: updating auction values, bid = 2 and bidderId = 410 
2025/11/25 16:40:01 Client 2 placed a bid of 410
2025/11/25 16:40:02 	Client 1 is increasing bid to 430
2025/11/25 16:40:02 	Primary: updating auction values, bid = 1 and bidderId = 430 
2025/11/25 16:40:02 	Backup Server updating highest: old highest: {2 410}, new highest: bid:430 id:1 
2025/11/25 16:40:02 		Backup: updating auction values, bid = 1 and bidderId = 430 
2025/11/25 16:40:02 Client 1 placed a bid of 430
2025/11/25 16:40:02 	Client 2 is increasing bid to 459
2025/11/25 16:40:02 	Primary: updating auction values, bid = 2 and bidderId = 459 
2025/11/25 16:40:02 	Backup Server updating highest: old highest: {1 430}, new highest: bid:459 id:2 
2025/11/25 16:40:02 		Backup: updating auction values, bid = 2 and bidderId = 459 
2025/11/25 16:40:02 Client 2 placed a bid of 459
2025/11/25 16:40:03 	Client 1 is increasing bid to 501
2025/11/25 16:40:03 	Primary: updating auction values, bid = 1 and bidderId = 501 
2025/11/25 16:40:03 	Backup Server updating highest: old highest: {2 459}, new highest: bid:501 id:1 
2025/11/25 16:40:03 		Backup: updating auction values, bid = 1 and bidderId = 501 
2025/11/25 16:40:03 Client 1 placed a bid of 501
2025/11/25 16:40:03 	Client 2 is increasing bid to 505
2025/11/25 16:40:03 	Primary: updating auction values, bid = 2 and bidderId = 505 
2025/11/25 16:40:03 	Backup Server updating highest: old highest: {1 501}, new highest: bid:505 id:2 
2025/11/25 16:40:03 		Backup: updating auction values, bid = 2 and bidderId = 505 
2025/11/25 16:40:03 Client 2 placed a bid of 505
2025/11/25 16:40:03 	Backup Server, old Auction ongoing: true new Auction ongoing: false 
2025/11/25 16:40:03 		Backup Server updated at the end of auction round 
2025/11/25 16:40:03 Round 2 of auction is over, winning bid: 505 by client: 2 
2025/11/25 16:40:09 		Primary: reset auction values, bid = -1 and bidderId = 0  
2025/11/25 16:40:09 	Backup Server updating highest: old highest: {2 505}, new highest: bid:-1 
2025/11/25 16:40:09 		Backup: updating auction values, bid = 0 and bidderId = -1 
2025/11/25 16:40:09 	Backup Server, old Auction ongoing: false new Auction ongoing: true 
2025/11/25 16:40:09 		Backup Server updated at the start of auction round 
2025/11/25 16:40:09 Round 3 of auction has begun 
2025/11/25 16:40:10 	Primary: updating auction values, bid = 1 and bidderId = 45 
2025/11/25 16:40:10 	Backup Server updating highest: old highest: {0 -1}, new highest: bid:45 id:1 
2025/11/25 16:40:10 		Backup: updating auction values, bid = 1 and bidderId = 45 
2025/11/25 16:40:10 Client 1 placed a bid of 45
2025/11/25 16:40:10 	Primary: updating auction values, bid = 2 and bidderId = 51 
2025/11/25 16:40:10 	Backup Server updating highest: old highest: {1 45}, new highest: bid:51 id:2 
2025/11/25 16:40:10 		Backup: updating auction values, bid = 2 and bidderId = 51 
2025/11/25 16:40:10 Client 2 placed a bid of 51
2025/11/25 16:40:11 	Client 1 is increasing bid to 65
2025/11/25 16:40:11 	Primary: updating auction values, bid = 1 and bidderId = 65 
2025/11/25 16:40:11 	Backup Server updating highest: old highest: {2 51}, new highest: bid:65 id:1 
2025/11/25 16:40:11 		Backup: updating auction values, bid = 1 and bidderId = 65 
2025/11/25 16:40:11 Client 1 placed a bid of 65
2025/11/25 16:40:11 	Client 2 is increasing bid to 72
2025/11/25 16:40:11 	Primary: updating auction values, bid = 2 and bidderId = 72 
2025/11/25 16:40:11 	Backup Server updating highest: old highest: {1 65}, new highest: bid:72 id:2 
2025/11/25 16:40:11 		Backup: updating auction values, bid = 2 and bidderId = 72 
2025/11/25 16:40:11 Client 2 placed a bid of 72
2025/11/25 16:40:12 	Client 1 is increasing bid to 86
2025/11/25 16:40:12 	Primary: updating auction values, bid = 1 and bidderId = 86 
2025/11/25 16:40:12 	Backup Server updating highest: old highest: {2 72}, new highest: bid:86 id:1 
2025/11/25 16:40:12 		Backup: updating auction values, bid = 1 and bidderId = 86 
2025/11/25 16:40:12 Client 1 placed a bid of 86
2025/11/25 16:40:12 	Client 2 is increasing bid to 105
2025/11/25 16:40:12 	Primary: updating auction values, bid = 2 and bidderId = 105 
2025/11/25 16:40:12 	Backup Server updating highest: old highest: {1 86}, new highest: bid:105 id:2 
2025/11/25 16:40:12 		Backup: updating auction values, bid = 2 and bidderId = 105 
2025/11/25 16:40:12 Client 2 placed a bid of 105
2025/11/25 16:40:13 	Client 1 is increasing bid to 154
2025/11/25 16:40:13 	Primary: updating auction values, bid = 1 and bidderId = 154 
2025/11/25 16:40:13 	Backup Server updating highest: old highest: {2 105}, new highest: bid:154 id:1 
2025/11/25 16:40:13 		Backup: updating auction values, bid = 1 and bidderId = 154 
2025/11/25 16:40:13 Client 1 placed a bid of 154
2025/11/25 16:40:13 	Client 2 is increasing bid to 155
2025/11/25 16:40:13 	Primary: updating auction values, bid = 2 and bidderId = 155 
2025/11/25 16:40:13 	Backup Server updating highest: old highest: {1 154}, new highest: bid:155 id:2 
2025/11/25 16:40:13 		Backup: updating auction values, bid = 2 and bidderId = 155 
2025/11/25 16:40:13 Client 2 placed a bid of 155
2025/11/25 16:40:14 	Client 1 is increasing bid to 172
2025/11/25 16:40:14 	Primary: updating auction values, bid = 1 and bidderId = 172 
2025/11/25 16:40:14 	Backup Server updating highest: old highest: {2 155}, new highest: bid:172 id:1 
2025/11/25 16:40:14 		Backup: updating auction values, bid = 1 and bidderId = 172 
2025/11/25 16:40:14 Client 1 placed a bid of 172
2025/11/25 16:40:14 	Client 2 is increasing bid to 220
2025/11/25 16:40:14 	Primary: updating auction values, bid = 2 and bidderId = 220 
2025/11/25 16:40:14 	Backup Server updating highest: old highest: {1 172}, new highest: bid:220 id:2 
2025/11/25 16:40:14 		Backup: updating auction values, bid = 2 and bidderId = 220 
2025/11/25 16:40:14 Client 2 placed a bid of 220
2025/11/25 16:40:15 	Client 1 is increasing bid to 265
2025/11/25 16:40:15 	Primary: updating auction values, bid = 1 and bidderId = 265 
2025/11/25 16:40:15 	Backup Server updating highest: old highest: {2 220}, new highest: bid:265 id:1 
2025/11/25 16:40:15 		Backup: updating auction values, bid = 1 and bidderId = 265 
2025/11/25 16:40:15 Client 1 placed a bid of 265
2025/11/25 16:40:15 	Client 2 is increasing bid to 281
2025/11/25 16:40:15 	Primary: updating auction values, bid = 2 and bidderId = 281 
2025/11/25 16:40:15 	Backup Server updating highest: old highest: {1 265}, new highest: bid:281 id:2 
2025/11/25 16:40:15 		Backup: updating auction values, bid = 2 and bidderId = 281 
2025/11/25 16:40:15 Client 2 placed a bid of 281
2025/11/25 16:40:16 	Client 1 is increasing bid to 301
2025/11/25 16:40:16 	Primary: updating auction values, bid = 1 and bidderId = 301 
2025/11/25 16:40:16 	Backup Server updating highest: old highest: {2 281}, new highest: bid:301 id:1 
2025/11/25 16:40:16 		Backup: updating auction values, bid = 1 and bidderId = 301 
2025/11/25 16:40:16 Client 1 placed a bid of 301
2025/11/25 16:40:16 	Client 2 is increasing bid to 348
2025/11/25 16:40:16 	Primary: updating auction values, bid = 2 and bidderId = 348 
2025/11/25 16:40:16 	Backup Server updating highest: old highest: {1 301}, new highest: bid:348 id:2 
2025/11/25 16:40:16 		Backup: updating auction values, bid = 2 and bidderId = 348 
2025/11/25 16:40:16 Client 2 placed a bid of 348
2025/11/25 16:40:17 	Client 1 is increasing bid to 377
2025/11/25 16:40:17 	Primary: updating auction values, bid = 1 and bidderId = 377 
2025/11/25 16:40:17 	Backup Server updating highest: old highest: {2 348}, new highest: bid:377 id:1 
2025/11/25 16:40:17 		Backup: updating auction values, bid = 1 and bidderId = 377 
2025/11/25 16:40:17 Client 1 placed a bid of 377
2025/11/25 16:40:17 	Client 2 is increasing bid to 420
2025/11/25 16:40:17 	Primary: updating auction values, bid = 2 and bidderId = 420 
2025/11/25 16:40:17 	Backup Server updating highest: old highest: {1 377}, new highest: bid:420 id:2 
2025/11/25 16:40:17 		Backup: updating auction values, bid = 2 and bidderId = 420 
2025/11/25 16:40:17 Client 2 placed a bid of 420
2025/11/25 16:40:18 	Client 1 is increasing bid to 422
2025/11/25 16:40:18 	Primary: updating auction values, bid = 1 and bidderId = 422 
2025/11/25 16:40:18 	Backup Server updating highest: old highest: {2 420}, new highest: bid:422 id:1 
2025/11/25 16:40:18 		Backup: updating auction values, bid = 1 and bidderId = 422 
2025/11/25 16:40:18 Client 1 placed a bid of 422
2025/11/25 16:40:18 	Client 2 is increasing bid to 425
2025/11/25 16:40:18 	Primary: updating auction values, bid = 2 and bidderId = 425 
2025/11/25 16:40:18 	Backup Server updating highest: old highest: {1 422}, new highest: bid:425 id:2 
2025/11/25 16:40:18 		Backup: updating auction values, bid = 2 and bidderId = 425 
2025/11/25 16:40:18 Client 2 placed a bid of 425
2025/11/25 16:40:19 	Client 1 is increasing bid to 433
2025/11/25 16:40:19 	Primary: updating auction values, bid = 1 and bidderId = 433 
2025/11/25 16:40:19 	Backup Server updating highest: old highest: {2 425}, new highest: bid:433 id:1 
2025/11/25 16:40:19 		Backup: updating auction values, bid = 1 and bidderId = 433 
2025/11/25 16:40:19 Client 1 placed a bid of 433
2025/11/25 16:40:19 	Client 2 is increasing bid to 434
2025/11/25 16:40:19 	Primary: updating auction values, bid = 2 and bidderId = 434 
2025/11/25 16:40:19 	Backup Server updating highest: old highest: {1 433}, new highest: bid:434 id:2 
2025/11/25 16:40:19 		Backup: updating auction values, bid = 2 and bidderId = 434 
2025/11/25 16:40:19 Client 2 placed a bid of 434
2025/11/25 16:40:19 	Backup Server, old Auction ongoing: true new Auction ongoing: false 
2025/11/25 16:40:20 		Backup Server updated at the end of auction round 
2025/11/25 16:40:20 Round 3 of auction is over, winning bid: 434 by client: 2 
2025/11/25 16:40:26 		Primary: reset auction values, bid = -1 and bidderId = 0  
2025/11/25 16:40:26 	Backup Server updating highest: old highest: {2 434}, new highest: bid:-1 
2025/11/25 16:40:26 		Backup: updating auction values, bid = 0 and bidderId = -1 
2025/11/25 16:40:26 	Backup Server, old Auction ongoing: false new Auction ongoing: true 
2025/11/25 16:40:26 		Backup Server updated at the start of auction round 
2025/11/25 16:40:26 Round 4 of auction has begun 
2025/11/25 16:40:26 	Primary: updating auction values, bid = 1 and bidderId = 61 
2025/11/25 16:40:26 	Backup Server updating highest: old highest: {0 -1}, new highest: bid:61 id:1 
2025/11/25 16:40:26 		Backup: updating auction values, bid = 1 and bidderId = 61 
2025/11/25 16:40:26 Client 1 placed a bid of 61
2025/11/25 16:40:26 	Client 2 is increasing bid to 100
2025/11/25 16:40:26 	Primary: updating auction values, bid = 2 and bidderId = 100 
2025/11/25 16:40:26 	Backup Server updating highest: old highest: {1 61}, new highest: bid:100 id:2 
2025/11/25 16:40:26 		Backup: updating auction values, bid = 2 and bidderId = 100 
2025/11/25 16:40:26 Client 2 placed a bid of 100
2025/11/25 16:40:27 	Client 1 is increasing bid to 144
2025/11/25 16:40:27 	Primary: updating auction values, bid = 1 and bidderId = 144 
2025/11/25 16:40:27 	Backup Server updating highest: old highest: {2 100}, new highest: bid:144 id:1 
2025/11/25 16:40:27 		Backup: updating auction values, bid = 1 and bidderId = 144 
2025/11/25 16:40:27 Client 1 placed a bid of 144
2025/11/25 16:40:27 	Client 2 is increasing bid to 173
2025/11/25 16:40:27 	Primary: updating auction values, bid = 2 and bidderId = 173 
2025/11/25 16:40:27 	Backup Server updating highest: old highest: {1 144}, new highest: bid:173 id:2 
2025/11/25 16:40:27 		Backup: updating auction values, bid = 2 and bidderId = 173 
2025/11/25 16:40:27 Client 2 placed a bid of 173
2025/11/25 16:40:28 	Client 1 is increasing bid to 216
2025/11/25 16:40:28 	Primary: updating auction values, bid = 1 and bidderId = 216 
2025/11/25 16:40:28 	Backup Server updating highest: old highest: {2 173}, new highest: bid:216 id:1 
2025/11/25 16:40:28 		Backup: updating auction values, bid = 1 and bidderId = 216 
2025/11/25 16:40:28 Client 1 placed a bid of 216
2025/11/25 16:40:28 	Client 2 is increasing bid to 237
2025/11/25 16:40:28 	Primary: updating auction values, bid = 2 and bidderId = 237 
2025/11/25 16:40:28 	Backup Server updating highest: old highest: {1 216}, new highest: bid:237 id:2 
2025/11/25 16:40:28 		Backup: updating auction values, bid = 2 and bidderId = 237 
2025/11/25 16:40:28 Client 2 placed a bid of 237
2025/11/25 16:40:29 	Client 1 is increasing bid to 271
2025/11/25 16:40:29 	Primary: updating auction values, bid = 1 and bidderId = 271 
2025/11/25 16:40:29 	Backup Server updating highest: old highest: {2 237}, new highest: bid:271 id:1 
2025/11/25 16:40:29 		Backup: updating auction values, bid = 1 and bidderId = 271 
2025/11/25 16:40:29 Client 1 placed a bid of 271
2025/11/25 16:40:29 	Client 2 is increasing bid to 281
2025/11/25 16:40:29 	Primary: updating auction values, bid = 2 and bidderId = 281 
2025/11/25 16:40:29 	Backup Server updating highest: old highest: {1 271}, new highest: bid:281 id:2 
2025/11/25 16:40:29 		Backup: updating auction values, bid = 2 and bidderId = 281 
2025/11/25 16:40:29 Client 2 placed a bid of 281
2025/11/25 16:40:30 	Client 1 is increasing bid to 294
2025/11/25 16:40:30 	Primary: updating auction values, bid = 1 and bidderId = 294 
2025/11/25 16:40:30 	Backup Server updating highest: old highest: {2 281}, new highest: bid:294 id:1 
2025/11/25 16:40:30 		Backup: updating auction values, bid = 1 and bidderId = 294 
2025/11/25 16:40:30 Client 1 placed a bid of 294
2025/11/25 16:40:30 	Client 2 is increasing bid to 312
2025/11/25 16:40:30 	Primary: updating auction values, bid = 2 and bidderId = 312 
2025/11/25 16:40:30 	Backup Server updating highest: old highest: {1 294}, new highest: bid:312 id:2 
2025/11/25 16:40:30 		Backup: updating auction values, bid = 2 and bidderId = 312 
2025/11/25 16:40:30 Client 2 placed a bid of 312
2025/11/25 16:40:31 	Client 1 is increasing bid to 313
2025/11/25 16:40:31 	Primary: updating auction values, bid = 1 and bidderId = 313 
2025/11/25 16:40:31 	Backup Server updating highest: old highest: {2 312}, new highest: bid:313 id:1 
2025/11/25 16:40:31 		Backup: updating auction values, bid = 1 and bidderId = 313 
2025/11/25 16:40:31 Client 1 placed a bid of 313
2025/11/25 16:40:31 	Client 2 is increasing bid to 326
2025/11/25 16:40:31 	Primary: updating auction values, bid = 2 and bidderId = 326 
2025/11/25 16:40:31 	Backup Server updating highest: old highest: {1 313}, new highest: bid:326 id:2 
2025/11/25 16:40:31 		Backup: updating auction values, bid = 2 and bidderId = 326 
2025/11/25 16:40:31 Client 2 placed a bid of 326
2025/11/25 16:40:32 	Client 1 is increasing bid to 333
2025/11/25 16:40:32 	Primary: updating auction values, bid = 1 and bidderId = 333 
2025/11/25 16:40:32 	Backup Server updating highest: old highest: {2 326}, new highest: bid:333 id:1 
2025/11/25 16:40:32 		Backup: updating auction values, bid = 1 and bidderId = 333 
2025/11/25 16:40:32 Client 1 placed a bid of 333
2025/11/25 16:40:32 	Client 2 is increasing bid to 339
2025/11/25 16:40:32 	Primary: updating auction values, bid = 2 and bidderId = 339 
2025/11/25 16:40:32 	Backup Server updating highest: old highest: {1 333}, new highest: bid:339 id:2 
2025/11/25 16:40:32 		Backup: updating auction values, bid = 2 and bidderId = 339 
2025/11/25 16:40:32 Client 2 placed a bid of 339
2025/11/25 16:40:33 	Client 1 is increasing bid to 381
2025/11/25 16:40:33 	Primary: updating auction values, bid = 1 and bidderId = 381 
2025/11/25 16:40:33 	Backup Server updating highest: old highest: {2 339}, new highest: bid:381 id:1 
2025/11/25 16:40:33 		Backup: updating auction values, bid = 1 and bidderId = 381 
2025/11/25 16:40:33 Client 1 placed a bid of 381
2025/11/25 16:40:33 	Client 2 is increasing bid to 400
2025/11/25 16:40:33 	Primary: updating auction values, bid = 2 and bidderId = 400 
2025/11/25 16:40:33 	Backup Server updating highest: old highest: {1 381}, new highest: bid:400 id:2 
2025/11/25 16:40:33 		Backup: updating auction values, bid = 2 and bidderId = 400 
2025/11/25 16:40:33 Client 2 placed a bid of 400
2025/11/25 16:40:34 	Client 1 is increasing bid to 436
2025/11/25 16:40:34 	Primary: updating auction values, bid = 1 and bidderId = 436 
2025/11/25 16:40:34 	Backup Server updating highest: old highest: {2 400}, new highest: bid:436 id:1 
2025/11/25 16:40:34 		Backup: updating auction values, bid = 1 and bidderId = 436 
2025/11/25 16:40:34 Client 1 placed a bid of 436
2025/11/25 16:40:34 	Client 2 is increasing bid to 460
2025/11/25 16:40:34 	Primary: updating auction values, bid = 2 and bidderId = 460 
2025/11/25 16:40:34 	Backup Server updating highest: old highest: {1 436}, new highest: bid:460 id:2 
2025/11/25 16:40:34 		Backup: updating auction values, bid = 2 and bidderId = 460 
2025/11/25 16:40:34 Client 2 placed a bid of 460
2025/11/25 16:40:35 	Client 1 is increasing bid to 486
2025/11/25 16:40:35 	Primary: updating auction values, bid = 1 and bidderId = 486 
2025/11/25 16:40:35 	Backup Server updating highest: old highest: {2 460}, new highest: bid:486 id:1 
2025/11/25 16:40:35 		Backup: updating auction values, bid = 1 and bidderId = 486 
2025/11/25 16:40:35 Client 1 placed a bid of 486
2025/11/25 16:40:35 	Client 2 is increasing bid to 514
2025/11/25 16:40:35 	Primary: updating auction values, bid = 2 and bidderId = 514 
2025/11/25 16:40:35 	Backup Server updating highest: old highest: {1 486}, new highest: bid:514 id:2 
2025/11/25 16:40:35 		Backup: updating auction values, bid = 2 and bidderId = 514 
2025/11/25 16:40:35 Client 2 placed a bid of 514
2025/11/25 16:40:36 	Backup Server, old Auction ongoing: true new Auction ongoing: false 
2025/11/25 16:40:36 		Backup Server updated at the end of auction round 
2025/11/25 16:40:36 Round 4 of auction is over, winning bid: 514 by client: 2 
2025/11/25 16:40:42 The auction is now over!
2025/11/25 16:55:10 Client 2: Failed to get result from grpc call: rpc error: code = Unavailable desc = connection error: desc = "transport: Error while dialing: dial tcp 127.0.0.1:5050: connect: connection refused" 
2025/11/25 16:55:10 Client 1: Failed to get result from grpc call: rpc error: code = Unavailable desc = connection error: desc = "transport: Error while dialing: dial tcp 127.0.0.1:5050: connect: connection refused" 
