2025/11/25 16:55:26 Starting Auction Server...
2025/11/25 16:55:26 Auction Server 1 listening on port 5050
2025/11/25 16:55:27 Starting Auction Server...
2025/11/25 16:55:27 Backup Auction Server 2 listening on port 6060
2025/11/25 16:55:27 Server: 1, Primary server connection to Backup server created, state: READY 
2025/11/25 16:55:27 Primary: reset auction values, bid = -1 and bidderId = 0  
2025/11/25 16:55:27 Server: 2. Backup: updating auction values, bid = 0 and bidderId = -1 
2025/11/25 16:55:27 Server: 2. Backup Server, old Auction ongoing: false new Auction ongoing: true 
2025/11/25 16:55:27 Backup Server updated at the start of auction round 
2025/11/25 16:55:27 Round 0 of auction has begun 
2025/11/25 16:55:30 Starting Auction Client 1...
2025/11/25 16:55:30 Updated map in backup:  map[1:true]
2025/11/25 16:55:30 Server: 2. Backup Server, updating registered client 
2025/11/25 16:55:30 Server: %d. Updated map in back up: 2 map[1:true]
2025/11/25 16:55:30 Server: 1. Primary: updating auction values, bid = 1 and bidderId = 43 
2025/11/25 16:55:30 Server: 2. Backup: updating auction values, bid = 1 and bidderId = 43 
2025/11/25 16:55:30 Client 1 placed a bid of 43
2025/11/25 16:55:31 Client 1 is increasing bid to 70
2025/11/25 16:55:31 Server: 1. Primary: updating auction values, bid = 1 and bidderId = 70 
2025/11/25 16:55:31 Server: 2. Backup: updating auction values, bid = 1 and bidderId = 70 
2025/11/25 16:55:31 Client 1 placed a bid of 70
2025/11/25 16:55:31 Starting Auction Client 2...
2025/11/25 16:55:32 Updated map in backup:  map[1:true 2:true]
2025/11/25 16:55:32 Server: 2. Backup Server, updating registered client 
2025/11/25 16:55:32 Server: %d. Updated map in back up: 2 map[1:true 2:true]
2025/11/25 16:55:32 Server: 1. Primary: updating auction values, bid = 2 and bidderId = 83 
2025/11/25 16:55:32 Server: 2. Backup: updating auction values, bid = 2 and bidderId = 83 
2025/11/25 16:55:32 Client 2 placed a bid of 83
2025/11/25 16:55:32 Client 1 is increasing bid to 129
2025/11/25 16:55:32 Server: 1. Primary: updating auction values, bid = 1 and bidderId = 129 
2025/11/25 16:55:32 Server: 2. Backup: updating auction values, bid = 1 and bidderId = 129 
2025/11/25 16:55:32 Client 1 placed a bid of 129
2025/11/25 16:55:33 Client 2 is increasing bid to 160
2025/11/25 16:55:33 Server: 1. Primary: updating auction values, bid = 2 and bidderId = 160 
2025/11/25 16:55:33 Server: 2. Backup: updating auction values, bid = 2 and bidderId = 160 
2025/11/25 16:55:33 Client 2 placed a bid of 160
2025/11/25 16:55:33 Client 1 is increasing bid to 174
2025/11/25 16:55:33 Server: 1. Primary: updating auction values, bid = 1 and bidderId = 174 
2025/11/25 16:55:33 Server: 2. Backup: updating auction values, bid = 1 and bidderId = 174 
2025/11/25 16:55:33 Client 1 placed a bid of 174
2025/11/25 16:55:34 Client 2 is increasing bid to 178
2025/11/25 16:55:34 Server: 1. Primary: updating auction values, bid = 2 and bidderId = 178 
2025/11/25 16:55:34 Server: 2. Backup: updating auction values, bid = 2 and bidderId = 178 
2025/11/25 16:55:34 Client 2 placed a bid of 178
2025/11/25 16:55:34 Client 1 is increasing bid to 183
2025/11/25 16:55:34 Server: 1. Primary: updating auction values, bid = 1 and bidderId = 183 
2025/11/25 16:55:34 Server: 2. Backup: updating auction values, bid = 1 and bidderId = 183 
2025/11/25 16:55:34 Client 1 placed a bid of 183
2025/11/25 16:55:35 Client 2 is increasing bid to 229
2025/11/25 16:55:35 Server: 1. Primary: updating auction values, bid = 2 and bidderId = 229 
2025/11/25 16:55:35 Server: 2. Backup: updating auction values, bid = 2 and bidderId = 229 
2025/11/25 16:55:35 Client 2 placed a bid of 229
2025/11/25 16:55:35 Client 1 is increasing bid to 257
2025/11/25 16:55:35 Server: 1. Primary: updating auction values, bid = 1 and bidderId = 257 
2025/11/25 16:55:35 Server: 2. Backup: updating auction values, bid = 1 and bidderId = 257 
2025/11/25 16:55:35 Client 1 placed a bid of 257
2025/11/25 16:55:36 Client 2 is increasing bid to 263
2025/11/25 16:55:36 Server: 1. Primary: updating auction values, bid = 2 and bidderId = 263 
2025/11/25 16:55:36 Server: 2. Backup: updating auction values, bid = 2 and bidderId = 263 
2025/11/25 16:55:36 Client 2 placed a bid of 263
2025/11/25 16:55:36 Client 1 is increasing bid to 294
2025/11/25 16:55:36 Server: 1. Primary: updating auction values, bid = 1 and bidderId = 294 
2025/11/25 16:55:36 Server: 2. Backup: updating auction values, bid = 1 and bidderId = 294 
2025/11/25 16:55:36 Client 1 placed a bid of 294
2025/11/25 16:55:37 Client 2 is increasing bid to 301
2025/11/25 16:55:37 Server: 1. Primary: updating auction values, bid = 2 and bidderId = 301 
2025/11/25 16:55:37 Server: 2. Backup: updating auction values, bid = 2 and bidderId = 301 
2025/11/25 16:55:37 Client 2 placed a bid of 301
2025/11/25 16:55:37 Server: 2. Backup Server, old Auction ongoing: true new Auction ongoing: false 
2025/11/25 16:55:37 Backup Server updated at the end of auction round 
2025/11/25 16:55:37 Round 0 of auction is over, winning bid: 301 by client: 2 
2025/11/25 16:55:43 Primary: reset auction values, bid = -1 and bidderId = 0  
2025/11/25 16:55:43 Server: 2. Backup: updating auction values, bid = 0 and bidderId = -1 
2025/11/25 16:55:43 Server: 2. Backup Server, old Auction ongoing: false new Auction ongoing: true 
2025/11/25 16:55:43 Backup Server updated at the start of auction round 
2025/11/25 16:55:43 Round 1 of auction has begun 
2025/11/25 16:55:43 Server: 1. Primary: updating auction values, bid = 1 and bidderId = 85 
2025/11/25 16:55:43 Server: 2. Backup: updating auction values, bid = 1 and bidderId = 85 
2025/11/25 16:55:43 Client 1 placed a bid of 85
2025/11/25 16:55:44 Client 2 is increasing bid to 90
2025/11/25 16:55:44 Server: 1. Primary: updating auction values, bid = 2 and bidderId = 90 
2025/11/25 16:55:44 Server: 2. Backup: updating auction values, bid = 2 and bidderId = 90 
2025/11/25 16:55:44 Client 2 placed a bid of 90
2025/11/25 16:55:44 Client 1 is increasing bid to 96
2025/11/25 16:55:44 Server: 1. Primary: updating auction values, bid = 1 and bidderId = 96 
2025/11/25 16:55:45 Server: 2. Backup: updating auction values, bid = 1 and bidderId = 96 
2025/11/25 16:55:45 Client 1 placed a bid of 96
2025/11/25 16:55:45 Client 2 is increasing bid to 105
2025/11/25 16:55:45 Server: 1. Primary: updating auction values, bid = 2 and bidderId = 105 
2025/11/25 16:55:45 Server: 2. Backup: updating auction values, bid = 2 and bidderId = 105 
2025/11/25 16:55:45 Client 2 placed a bid of 105
2025/11/25 16:55:46 Client 1 is increasing bid to 151
2025/11/25 16:55:46 Server: 1. Primary: updating auction values, bid = 1 and bidderId = 151 
2025/11/25 16:55:46 Server: 2. Backup: updating auction values, bid = 1 and bidderId = 151 
2025/11/25 16:55:46 Client 1 placed a bid of 151
2025/11/25 16:55:46 Client 2 is increasing bid to 186
2025/11/25 16:55:46 Server: 1. Primary: updating auction values, bid = 2 and bidderId = 186 
2025/11/25 16:55:46 Server: 2. Backup: updating auction values, bid = 2 and bidderId = 186 
2025/11/25 16:55:46 Client 2 placed a bid of 186
2025/11/25 16:55:47 Client 1 is increasing bid to 229
2025/11/25 16:55:47 Server: 1. Primary: updating auction values, bid = 1 and bidderId = 229 
2025/11/25 16:55:47 Server: 2. Backup: updating auction values, bid = 1 and bidderId = 229 
2025/11/25 16:55:47 Client 1 placed a bid of 229
2025/11/25 16:55:47 Client 2 is increasing bid to 271
2025/11/25 16:55:47 Server: 1. Primary: updating auction values, bid = 2 and bidderId = 271 
2025/11/25 16:55:47 Server: 2. Backup: updating auction values, bid = 2 and bidderId = 271 
2025/11/25 16:55:47 Client 2 placed a bid of 271
2025/11/25 16:55:48 Client 1 is increasing bid to 282
2025/11/25 16:55:48 Server: 1. Primary: updating auction values, bid = 1 and bidderId = 282 
2025/11/25 16:55:48 Server: 2. Backup: updating auction values, bid = 1 and bidderId = 282 
2025/11/25 16:55:48 Client 1 placed a bid of 282
2025/11/25 16:55:48 Client 2 is increasing bid to 300
2025/11/25 16:55:48 Server: 1. Primary: updating auction values, bid = 2 and bidderId = 300 
2025/11/25 16:55:48 Server: 2. Backup: updating auction values, bid = 2 and bidderId = 300 
2025/11/25 16:55:48 Client 2 placed a bid of 300
2025/11/25 16:55:49 Client 1 is increasing bid to 301
2025/11/25 16:55:49 Server: 1. Primary: updating auction values, bid = 1 and bidderId = 301 
2025/11/25 16:55:49 Server: 2. Backup: updating auction values, bid = 1 and bidderId = 301 
2025/11/25 16:55:49 Client 1 placed a bid of 301
2025/11/25 16:55:49 Client 2 is increasing bid to 310
2025/11/25 16:55:49 Server: 1. Primary: updating auction values, bid = 2 and bidderId = 310 
2025/11/25 16:55:49 Server: 2. Backup: updating auction values, bid = 2 and bidderId = 310 
2025/11/25 16:55:49 Client 2 placed a bid of 310
2025/11/25 16:55:50 Client 1 is increasing bid to 341
2025/11/25 16:55:50 Server: 1. Primary: updating auction values, bid = 1 and bidderId = 341 
2025/11/25 16:55:50 Server: 2. Backup: updating auction values, bid = 1 and bidderId = 341 
2025/11/25 16:55:50 Client 1 placed a bid of 341
2025/11/25 16:55:50 Client 2 is increasing bid to 388
2025/11/25 16:55:50 Server: 1. Primary: updating auction values, bid = 2 and bidderId = 388 
2025/11/25 16:55:50 Server: 2. Backup: updating auction values, bid = 2 and bidderId = 388 
2025/11/25 16:55:50 Client 2 placed a bid of 388
2025/11/25 16:55:51 Client 1 is increasing bid to 403
2025/11/25 16:55:51 Server: 1. Primary: updating auction values, bid = 1 and bidderId = 403 
2025/11/25 16:55:51 Server: 2. Backup: updating auction values, bid = 1 and bidderId = 403 
2025/11/25 16:55:51 Client 1 placed a bid of 403
2025/11/25 16:55:51 Client 2 is increasing bid to 433
2025/11/25 16:55:51 Server: 1. Primary: updating auction values, bid = 2 and bidderId = 433 
2025/11/25 16:55:51 Server: 2. Backup: updating auction values, bid = 2 and bidderId = 433 
2025/11/25 16:55:51 Client 2 placed a bid of 433
2025/11/25 16:55:52 Client 1 is increasing bid to 466
2025/11/25 16:55:52 Server: 1. Primary: updating auction values, bid = 1 and bidderId = 466 
2025/11/25 16:55:52 Server: 2. Backup: updating auction values, bid = 1 and bidderId = 466 
2025/11/25 16:55:52 Client 1 placed a bid of 466
2025/11/25 16:55:52 Client 2 is increasing bid to 493
2025/11/25 16:55:52 Server: 1. Primary: updating auction values, bid = 2 and bidderId = 493 
2025/11/25 16:55:52 Server: 2. Backup: updating auction values, bid = 2 and bidderId = 493 
2025/11/25 16:55:52 Client 2 placed a bid of 493
2025/11/25 16:55:53 Client 1 is increasing bid to 518
2025/11/25 16:55:53 Server: 1. Primary: updating auction values, bid = 1 and bidderId = 518 
2025/11/25 16:55:53 Server: 2. Backup: updating auction values, bid = 1 and bidderId = 518 
2025/11/25 16:55:53 Client 1 placed a bid of 518
2025/11/25 16:55:53 Client 2 is increasing bid to 530
2025/11/25 16:55:53 Server: 1. Primary: updating auction values, bid = 2 and bidderId = 530 
2025/11/25 16:55:53 Server: 2. Backup: updating auction values, bid = 2 and bidderId = 530 
2025/11/25 16:55:53 Client 2 placed a bid of 530
2025/11/25 16:55:53 Server: 2. Backup Server, old Auction ongoing: true new Auction ongoing: false 
2025/11/25 16:55:53 Backup Server updated at the end of auction round 
2025/11/25 16:55:53 Round 1 of auction is over, winning bid: 530 by client: 2 
2025/11/25 16:55:59 Primary: reset auction values, bid = -1 and bidderId = 0  
2025/11/25 16:55:59 Server: 2. Backup: updating auction values, bid = 0 and bidderId = -1 
2025/11/25 16:55:59 Server: 2. Backup Server, old Auction ongoing: false new Auction ongoing: true 
2025/11/25 16:55:59 Backup Server updated at the start of auction round 
2025/11/25 16:55:59 Round 2 of auction has begun 
2025/11/25 16:56:00 Server: 1. Primary: updating auction values, bid = 1 and bidderId = 62 
2025/11/25 16:56:00 Server: 2. Backup: updating auction values, bid = 1 and bidderId = 62 
2025/11/25 16:56:00 Client 1 placed a bid of 62
2025/11/25 16:56:00 Server: 1. Primary: updating auction values, bid = 2 and bidderId = 78 
2025/11/25 16:56:00 Server: 2. Backup: updating auction values, bid = 2 and bidderId = 78 
2025/11/25 16:56:00 Client 2 placed a bid of 78
2025/11/25 16:56:01 Client 1 is increasing bid to 101
2025/11/25 16:56:01 Server: 1. Primary: updating auction values, bid = 1 and bidderId = 101 
2025/11/25 16:56:01 Server: 2. Backup: updating auction values, bid = 1 and bidderId = 101 
2025/11/25 16:56:01 Client 1 placed a bid of 101
2025/11/25 16:56:01 Client 2 is increasing bid to 123
2025/11/25 16:56:01 Server: 1. Primary: updating auction values, bid = 2 and bidderId = 123 
2025/11/25 16:56:01 Server: 2. Backup: updating auction values, bid = 2 and bidderId = 123 
2025/11/25 16:56:01 Client 2 placed a bid of 123
2025/11/25 16:56:02 Client 1 is increasing bid to 167
2025/11/25 16:56:02 Server: 1. Primary: updating auction values, bid = 1 and bidderId = 167 
2025/11/25 16:56:02 Server: 2. Backup: updating auction values, bid = 1 and bidderId = 167 
2025/11/25 16:56:02 Client 1 placed a bid of 167
2025/11/25 16:56:02 Client 2 is increasing bid to 176
2025/11/25 16:56:02 Server: 1. Primary: updating auction values, bid = 2 and bidderId = 176 
2025/11/25 16:56:02 Server: 2. Backup: updating auction values, bid = 2 and bidderId = 176 
2025/11/25 16:56:02 Client 2 placed a bid of 176
2025/11/25 16:56:03 Client 1 is increasing bid to 183
2025/11/25 16:56:03 Server: 1. Primary: updating auction values, bid = 1 and bidderId = 183 
2025/11/25 16:56:03 Server: 2. Backup: updating auction values, bid = 1 and bidderId = 183 
2025/11/25 16:56:03 Client 1 placed a bid of 183
2025/11/25 16:56:03 Client 2 is increasing bid to 184
2025/11/25 16:56:03 Server: 1. Primary: updating auction values, bid = 2 and bidderId = 184 
2025/11/25 16:56:03 Server: 2. Backup: updating auction values, bid = 2 and bidderId = 184 
2025/11/25 16:56:03 Client 2 placed a bid of 184
2025/11/25 16:56:04 Client 1 is increasing bid to 192
2025/11/25 16:56:04 Server: 1. Primary: updating auction values, bid = 1 and bidderId = 192 
2025/11/25 16:56:04 Server: 2. Backup: updating auction values, bid = 1 and bidderId = 192 
2025/11/25 16:56:04 Client 1 placed a bid of 192
2025/11/25 16:56:04 Client 2 is increasing bid to 235
2025/11/25 16:56:04 Server: 1. Primary: updating auction values, bid = 2 and bidderId = 235 
2025/11/25 16:56:04 Server: 2. Backup: updating auction values, bid = 2 and bidderId = 235 
2025/11/25 16:56:04 Client 2 placed a bid of 235
2025/11/25 16:56:05 Client 1 is increasing bid to 241
2025/11/25 16:56:05 Server: 1. Primary: updating auction values, bid = 1 and bidderId = 241 
2025/11/25 16:56:05 Server: 2. Backup: updating auction values, bid = 1 and bidderId = 241 
2025/11/25 16:56:05 Client 1 placed a bid of 241
2025/11/25 16:56:05 Client 2 is increasing bid to 274
2025/11/25 16:56:05 Server: 1. Primary: updating auction values, bid = 2 and bidderId = 274 
2025/11/25 16:56:05 Server: 2. Backup: updating auction values, bid = 2 and bidderId = 274 
2025/11/25 16:56:05 Client 2 placed a bid of 274
2025/11/25 16:56:06 Client 1 is increasing bid to 306
2025/11/25 16:56:06 Server: 1. Primary: updating auction values, bid = 1 and bidderId = 306 
2025/11/25 16:56:06 Server: 2. Backup: updating auction values, bid = 1 and bidderId = 306 
2025/11/25 16:56:06 Client 1 placed a bid of 306
2025/11/25 16:56:06 Client 2 is increasing bid to 343
2025/11/25 16:56:06 Server: 1. Primary: updating auction values, bid = 2 and bidderId = 343 
2025/11/25 16:56:06 Server: 2. Backup: updating auction values, bid = 2 and bidderId = 343 
2025/11/25 16:56:06 Client 2 placed a bid of 343
2025/11/25 16:56:07 Client 1 is increasing bid to 380
2025/11/25 16:56:07 Server: 1. Primary: updating auction values, bid = 1 and bidderId = 380 
2025/11/25 16:56:07 Server: 2. Backup: updating auction values, bid = 1 and bidderId = 380 
2025/11/25 16:56:07 Client 1 placed a bid of 380
2025/11/25 16:56:07 Client 2 is increasing bid to 388
2025/11/25 16:56:07 Server: 1. Primary: updating auction values, bid = 2 and bidderId = 388 
2025/11/25 16:56:07 Server: 2. Backup: updating auction values, bid = 2 and bidderId = 388 
2025/11/25 16:56:07 Client 2 placed a bid of 388
2025/11/25 16:56:08 Client 1 is increasing bid to 436
2025/11/25 16:56:08 Server: 1. Primary: updating auction values, bid = 1 and bidderId = 436 
2025/11/25 16:56:08 Server: 2. Backup: updating auction values, bid = 1 and bidderId = 436 
2025/11/25 16:56:08 Client 1 placed a bid of 436
2025/11/25 16:56:08 Client 2 is increasing bid to 447
2025/11/25 16:56:08 Server: 1. Primary: updating auction values, bid = 2 and bidderId = 447 
2025/11/25 16:56:08 Server: 2. Backup: updating auction values, bid = 2 and bidderId = 447 
2025/11/25 16:56:08 Client 2 placed a bid of 447
2025/11/25 16:56:09 Client 1 is increasing bid to 454
2025/11/25 16:56:09 Server: 1. Primary: updating auction values, bid = 1 and bidderId = 454 
2025/11/25 16:56:09 Server: 2. Backup: updating auction values, bid = 1 and bidderId = 454 
2025/11/25 16:56:09 Client 1 placed a bid of 454
2025/11/25 16:56:09 Client 2 is increasing bid to 479
2025/11/25 16:56:09 Server: 1. Primary: updating auction values, bid = 2 and bidderId = 479 
2025/11/25 16:56:09 Server: 2. Backup: updating auction values, bid = 2 and bidderId = 479 
2025/11/25 16:56:09 Client 2 placed a bid of 479
2025/11/25 16:56:09 Server: 2. Backup Server, old Auction ongoing: true new Auction ongoing: false 
2025/11/25 16:56:09 Backup Server updated at the end of auction round 
2025/11/25 16:56:09 Round 2 of auction is over, winning bid: 479 by client: 2 
2025/11/25 16:56:15 Primary: reset auction values, bid = -1 and bidderId = 0  
2025/11/25 16:56:15 Server: 2. Backup: updating auction values, bid = 0 and bidderId = -1 
2025/11/25 16:56:15 Server: 2. Backup Server, old Auction ongoing: false new Auction ongoing: true 
2025/11/25 16:56:15 Backup Server updated at the start of auction round 
2025/11/25 16:56:15 Round 3 of auction has begun 
2025/11/25 16:56:15 Server: 1. Primary: updating auction values, bid = 2 and bidderId = 72 
2025/11/25 16:56:15 Server: 2. Backup: updating auction values, bid = 2 and bidderId = 72 
2025/11/25 16:56:15 Client 2 placed a bid of 72
2025/11/25 16:56:16 Client 1 is increasing bid to 110
2025/11/25 16:56:16 Server: 1. Primary: updating auction values, bid = 1 and bidderId = 110 
2025/11/25 16:56:16 Server: 2. Backup: updating auction values, bid = 1 and bidderId = 110 
2025/11/25 16:56:16 Client 1 placed a bid of 110
2025/11/25 16:56:16 Client 2 is increasing bid to 148
2025/11/25 16:56:16 Server: 1. Primary: updating auction values, bid = 2 and bidderId = 148 
2025/11/25 16:56:16 Server: 2. Backup: updating auction values, bid = 2 and bidderId = 148 
2025/11/25 16:56:16 Client 2 placed a bid of 148
2025/11/25 16:56:17 Client 1 is increasing bid to 169
2025/11/25 16:56:17 Server: 1. Primary: updating auction values, bid = 1 and bidderId = 169 
2025/11/25 16:56:17 Server: 2. Backup: updating auction values, bid = 1 and bidderId = 169 
2025/11/25 16:56:17 Client 1 placed a bid of 169
2025/11/25 16:56:17 Client 2 is increasing bid to 208
2025/11/25 16:56:17 Server: 1. Primary: updating auction values, bid = 2 and bidderId = 208 
2025/11/25 16:56:17 Server: 2. Backup: updating auction values, bid = 2 and bidderId = 208 
2025/11/25 16:56:17 Client 2 placed a bid of 208
2025/11/25 16:56:18 Client 1 is increasing bid to 250
2025/11/25 16:56:18 Server: 1. Primary: updating auction values, bid = 1 and bidderId = 250 
2025/11/25 16:56:18 Server: 2. Backup: updating auction values, bid = 1 and bidderId = 250 
2025/11/25 16:56:18 Client 1 placed a bid of 250
2025/11/25 16:56:18 Client 2 is increasing bid to 251
2025/11/25 16:56:18 Server: 1. Primary: updating auction values, bid = 2 and bidderId = 251 
2025/11/25 16:56:18 Server: 2. Backup: updating auction values, bid = 2 and bidderId = 251 
2025/11/25 16:56:18 Client 2 placed a bid of 251
2025/11/25 16:56:19 Client 1 is increasing bid to 252
2025/11/25 16:56:19 Server: 1. Primary: updating auction values, bid = 1 and bidderId = 252 
2025/11/25 16:56:19 Server: 2. Backup: updating auction values, bid = 1 and bidderId = 252 
2025/11/25 16:56:19 Client 1 placed a bid of 252
2025/11/25 16:56:19 Client 2 is increasing bid to 284
2025/11/25 16:56:20 Server: 1. Primary: updating auction values, bid = 2 and bidderId = 284 
2025/11/25 16:56:20 Server: 2. Backup: updating auction values, bid = 2 and bidderId = 284 
2025/11/25 16:56:20 Client 2 placed a bid of 284
2025/11/25 16:56:20 Client 1 is increasing bid to 290
2025/11/25 16:56:20 Server: 1. Primary: updating auction values, bid = 1 and bidderId = 290 
2025/11/25 16:56:20 Server: 2. Backup: updating auction values, bid = 1 and bidderId = 290 
2025/11/25 16:56:20 Client 1 placed a bid of 290
2025/11/25 16:56:21 Client 2 is increasing bid to 297
2025/11/25 16:56:21 Server: 1. Primary: updating auction values, bid = 2 and bidderId = 297 
2025/11/25 16:56:21 Server: 2. Backup: updating auction values, bid = 2 and bidderId = 297 
2025/11/25 16:56:21 Client 2 placed a bid of 297
2025/11/25 16:56:21 Client 1 is increasing bid to 326
2025/11/25 16:56:21 Server: 1. Primary: updating auction values, bid = 1 and bidderId = 326 
2025/11/25 16:56:21 Server: 2. Backup: updating auction values, bid = 1 and bidderId = 326 
2025/11/25 16:56:21 Client 1 placed a bid of 326
2025/11/25 16:56:22 Client 2 is increasing bid to 360
2025/11/25 16:56:22 Server: 1. Primary: updating auction values, bid = 2 and bidderId = 360 
2025/11/25 16:56:22 Server: 2. Backup: updating auction values, bid = 2 and bidderId = 360 
2025/11/25 16:56:22 Client 2 placed a bid of 360
2025/11/25 16:56:22 Client 1 is increasing bid to 406
2025/11/25 16:56:22 Server: 1. Primary: updating auction values, bid = 1 and bidderId = 406 
2025/11/25 16:56:22 Server: 2. Backup: updating auction values, bid = 1 and bidderId = 406 
2025/11/25 16:56:22 Client 1 placed a bid of 406
2025/11/25 16:56:23 Client 2 is increasing bid to 440
2025/11/25 16:56:23 Server: 1. Primary: updating auction values, bid = 2 and bidderId = 440 
2025/11/25 16:56:23 Server: 2. Backup: updating auction values, bid = 2 and bidderId = 440 
2025/11/25 16:56:23 Client 2 placed a bid of 440
2025/11/25 16:56:23 Client 1 is increasing bid to 484
2025/11/25 16:56:23 Server: 1. Primary: updating auction values, bid = 1 and bidderId = 484 
2025/11/25 16:56:23 Server: 2. Backup: updating auction values, bid = 1 and bidderId = 484 
2025/11/25 16:56:23 Client 1 placed a bid of 484
2025/11/25 16:56:24 Client 2 is increasing bid to 500
2025/11/25 16:56:24 Server: 1. Primary: updating auction values, bid = 2 and bidderId = 500 
2025/11/25 16:56:24 Server: 2. Backup: updating auction values, bid = 2 and bidderId = 500 
2025/11/25 16:56:24 Client 2 placed a bid of 500
2025/11/25 16:56:24 Client 1 is increasing bid to 506
2025/11/25 16:56:24 Server: 1. Primary: updating auction values, bid = 1 and bidderId = 506 
2025/11/25 16:56:24 Server: 2. Backup: updating auction values, bid = 1 and bidderId = 506 
2025/11/25 16:56:24 Client 1 placed a bid of 506
2025/11/25 16:56:25 Client 2 is increasing bid to 548
2025/11/25 16:56:25 Server: 1. Primary: updating auction values, bid = 2 and bidderId = 548 
2025/11/25 16:56:25 Server: 2. Backup: updating auction values, bid = 2 and bidderId = 548 
2025/11/25 16:56:25 Client 2 placed a bid of 548
2025/11/25 16:56:25 Client 1 is increasing bid to 597
2025/11/25 16:56:25 Server: 1. Primary: updating auction values, bid = 1 and bidderId = 597 
2025/11/25 16:56:25 Server: 2. Backup: updating auction values, bid = 1 and bidderId = 597 
2025/11/25 16:56:25 Client 1 placed a bid of 597
2025/11/25 16:56:25 Server: 2. Backup Server, old Auction ongoing: true new Auction ongoing: false 
2025/11/25 16:56:25 Backup Server updated at the end of auction round 
2025/11/25 16:56:25 Round 3 of auction is over, winning bid: 597 by client: 1 
2025/11/25 16:56:31 Primary: reset auction values, bid = -1 and bidderId = 0  
2025/11/25 16:56:31 Server: 2. Backup: updating auction values, bid = 0 and bidderId = -1 
2025/11/25 16:56:31 Server: 2. Backup Server, old Auction ongoing: false new Auction ongoing: true 
2025/11/25 16:56:31 Backup Server updated at the start of auction round 
2025/11/25 16:56:31 Round 4 of auction has begun 
2025/11/25 16:56:32 Server: 1. Primary: updating auction values, bid = 2 and bidderId = 12 
2025/11/25 16:56:32 Server: 2. Backup: updating auction values, bid = 2 and bidderId = 12 
2025/11/25 16:56:32 Client 2 placed a bid of 12
2025/11/25 16:56:32 Client 1 is increasing bid to 44
2025/11/25 16:56:32 Server: 1. Primary: updating auction values, bid = 1 and bidderId = 44 
2025/11/25 16:56:32 Server: 2. Backup: updating auction values, bid = 1 and bidderId = 44 
2025/11/25 16:56:32 Client 1 placed a bid of 44
2025/11/25 16:56:33 Client 2 is increasing bid to 60
2025/11/25 16:56:33 Server: 1. Primary: updating auction values, bid = 2 and bidderId = 60 
2025/11/25 16:56:33 Server: 2. Backup: updating auction values, bid = 2 and bidderId = 60 
2025/11/25 16:56:33 Client 2 placed a bid of 60
2025/11/25 16:56:33 Client 1 is increasing bid to 69
2025/11/25 16:56:33 Server: 1. Primary: updating auction values, bid = 1 and bidderId = 69 
2025/11/25 16:56:33 Server: 2. Backup: updating auction values, bid = 1 and bidderId = 69 
2025/11/25 16:56:33 Client 1 placed a bid of 69
2025/11/25 16:56:34 Client 2 is increasing bid to 102
2025/11/25 16:56:34 Server: 1. Primary: updating auction values, bid = 2 and bidderId = 102 
2025/11/25 16:56:34 Server: 2. Backup: updating auction values, bid = 2 and bidderId = 102 
2025/11/25 16:56:34 Client 2 placed a bid of 102
2025/11/25 16:56:34 Client 1 is increasing bid to 126
2025/11/25 16:56:34 Server: 1. Primary: updating auction values, bid = 1 and bidderId = 126 
2025/11/25 16:56:34 Server: 2. Backup: updating auction values, bid = 1 and bidderId = 126 
2025/11/25 16:56:34 Client 1 placed a bid of 126
2025/11/25 16:56:35 Client 2 is increasing bid to 156
2025/11/25 16:56:35 Server: 1. Primary: updating auction values, bid = 2 and bidderId = 156 
2025/11/25 16:56:35 Server: 2. Backup: updating auction values, bid = 2 and bidderId = 156 
2025/11/25 16:56:35 Client 2 placed a bid of 156
2025/11/25 16:56:35 Client 1 is increasing bid to 194
2025/11/25 16:56:35 Server: 1. Primary: updating auction values, bid = 1 and bidderId = 194 
2025/11/25 16:56:35 Server: 2. Backup: updating auction values, bid = 1 and bidderId = 194 
2025/11/25 16:56:35 Client 1 placed a bid of 194
2025/11/25 16:56:36 Client 2 is increasing bid to 228
2025/11/25 16:56:36 Server: 1. Primary: updating auction values, bid = 2 and bidderId = 228 
2025/11/25 16:56:36 Server: 2. Backup: updating auction values, bid = 2 and bidderId = 228 
2025/11/25 16:56:36 Client 2 placed a bid of 228
2025/11/25 16:56:36 Client 1 is increasing bid to 269
2025/11/25 16:56:36 Server: 1. Primary: updating auction values, bid = 1 and bidderId = 269 
2025/11/25 16:56:36 Server: 2. Backup: updating auction values, bid = 1 and bidderId = 269 
2025/11/25 16:56:36 Client 1 placed a bid of 269
2025/11/25 16:56:37 Client 2 is increasing bid to 303
2025/11/25 16:56:37 Server: 1. Primary: updating auction values, bid = 2 and bidderId = 303 
2025/11/25 16:56:37 Server: 2. Backup: updating auction values, bid = 2 and bidderId = 303 
2025/11/25 16:56:37 Client 2 placed a bid of 303
2025/11/25 16:56:37 Client 1 is increasing bid to 323
2025/11/25 16:56:37 Server: 1. Primary: updating auction values, bid = 1 and bidderId = 323 
2025/11/25 16:56:37 Server: 2. Backup: updating auction values, bid = 1 and bidderId = 323 
2025/11/25 16:56:38 Client 1 placed a bid of 323
2025/11/25 16:56:38 Client 2 is increasing bid to 352
2025/11/25 16:56:38 Server: 1. Primary: updating auction values, bid = 2 and bidderId = 352 
2025/11/25 16:56:38 Server: 2. Backup: updating auction values, bid = 2 and bidderId = 352 
2025/11/25 16:56:38 Client 2 placed a bid of 352
2025/11/25 16:56:39 Client 1 is increasing bid to 390
2025/11/25 16:56:39 Server: 1. Primary: updating auction values, bid = 1 and bidderId = 390 
2025/11/25 16:56:39 Server: 2. Backup: updating auction values, bid = 1 and bidderId = 390 
2025/11/25 16:56:39 Client 1 placed a bid of 390
2025/11/25 16:56:39 Client 2 is increasing bid to 395
2025/11/25 16:56:39 Server: 1. Primary: updating auction values, bid = 2 and bidderId = 395 
2025/11/25 16:56:39 Server: 2. Backup: updating auction values, bid = 2 and bidderId = 395 
2025/11/25 16:56:39 Client 2 placed a bid of 395
2025/11/25 16:56:40 Client 1 is increasing bid to 428
2025/11/25 16:56:40 Server: 1. Primary: updating auction values, bid = 1 and bidderId = 428 
2025/11/25 16:56:40 Server: 2. Backup: updating auction values, bid = 1 and bidderId = 428 
2025/11/25 16:56:40 Client 1 placed a bid of 428
2025/11/25 16:56:40 Client 2 is increasing bid to 451
2025/11/25 16:56:40 Server: 1. Primary: updating auction values, bid = 2 and bidderId = 451 
2025/11/25 16:56:40 Server: 2. Backup: updating auction values, bid = 2 and bidderId = 451 
2025/11/25 16:56:40 Client 2 placed a bid of 451
2025/11/25 16:56:41 Client 1 is increasing bid to 490
2025/11/25 16:56:41 Server: 1. Primary: updating auction values, bid = 1 and bidderId = 490 
2025/11/25 16:56:41 Server: 2. Backup: updating auction values, bid = 1 and bidderId = 490 
2025/11/25 16:56:41 Client 1 placed a bid of 490
2025/11/25 16:56:41 Client 2 is increasing bid to 519
2025/11/25 16:56:41 Server: 1. Primary: updating auction values, bid = 2 and bidderId = 519 
2025/11/25 16:56:41 Server: 2. Backup: updating auction values, bid = 2 and bidderId = 519 
2025/11/25 16:56:41 Client 2 placed a bid of 519
2025/11/25 16:56:41 Server: 2. Backup Server, old Auction ongoing: true new Auction ongoing: false 
2025/11/25 16:56:41 Backup Server updated at the end of auction round 
2025/11/25 16:56:41 Round 4 of auction is over, winning bid: 519 by client: 2 
2025/11/25 16:56:47 The auction is now over!
2025/11/25 16:59:44 Client 1: Failed to get result from grpc call: rpc error: code = Unavailable desc = connection error: desc = "transport: Error while dialing: dial tcp 127.0.0.1:5050: connect: connection refused" 
2025/11/25 16:59:44 Client 2: Failed to get result from grpc call: rpc error: code = Unavailable desc = connection error: desc = "transport: Error while dialing: dial tcp 127.0.0.1:5050: connect: connection refused" 
