2025/11/25 17:00:16 Starting Auction Server...
2025/11/25 17:00:16 Auction Server 1 listening on port 5050
2025/11/25 17:00:17 Starting Auction Server...
2025/11/25 17:00:17 Backup Auction Server 2 listening on port 6060
2025/11/25 17:00:18 Server: 1, Primary server connection to Backup server created, state: READY 
2025/11/25 17:00:18 Primary: reset auction values, bid = -1 and bidderId = 0  
2025/11/25 17:00:18 Server: 2. Backup: updating auction values, bid = 0 and bidderId = -1 
2025/11/25 17:00:18 Server: 2. Backup Server, old Auction ongoing: false new Auction ongoing: true 
2025/11/25 17:00:18 Backup Server updated at the start of auction round 
2025/11/25 17:00:18 Round 0 of auction has begun 
2025/11/25 17:00:19 Starting Auction Client 1...
2025/11/25 17:00:20 Updated map in backup:  map[1:true]
2025/11/25 17:00:20 Server: 2. Backup Server, updating registered client 
2025/11/25 17:00:20 Server: 2. Updated map in back up: map[1:true]
2025/11/25 17:00:20 Server: 1. Primary: updating auction values, bid = 1 and bidderId = 8 
2025/11/25 17:00:20 Server: 2. Backup: updating auction values, bid = 1 and bidderId = 8 
2025/11/25 17:00:20 Client 1 placed a bid of 8
2025/11/25 17:00:21 Server: 1. Primary: updating auction values, bid = 1 and bidderId = 13 
2025/11/25 17:00:21 Server: 2. Backup: updating auction values, bid = 1 and bidderId = 13 
2025/11/25 17:00:21 Client 1 placed a bid of 13
2025/11/25 17:00:21 Starting Auction Client 2...
2025/11/25 17:00:22 Server: 1. Primary: updating auction values, bid = 1 and bidderId = 25 
2025/11/25 17:00:22 Server: 2. Backup: updating auction values, bid = 1 and bidderId = 25 
2025/11/25 17:00:22 Client 1 placed a bid of 25
2025/11/25 17:00:23 Server: 1. Primary: updating auction values, bid = 1 and bidderId = 57 
2025/11/25 17:00:23 Server: 2. Backup: updating auction values, bid = 1 and bidderId = 57 
2025/11/25 17:00:23 Client 1 placed a bid of 57
2025/11/25 17:00:24 Updated map in backup:  map[1:true 2:true]
2025/11/25 17:00:24 Server: 2. Backup Server, updating registered client 
2025/11/25 17:00:24 Server: 2. Updated map in back up: map[1:true 2:true]
2025/11/25 17:00:24 Server: 1. Primary: updating auction values, bid = 2 and bidderId = 90 
2025/11/25 17:00:24 Server: 2. Backup: updating auction values, bid = 2 and bidderId = 90 
2025/11/25 17:00:24 Client 2 placed a bid of 90
2025/11/25 17:00:24 Server: 1. Primary: updating auction values, bid = 1 and bidderId = 129 
2025/11/25 17:00:24 Server: 2. Backup: updating auction values, bid = 1 and bidderId = 129 
2025/11/25 17:00:24 Client 1 placed a bid of 129
2025/11/25 17:00:25 Server: 1. Primary: updating auction values, bid = 2 and bidderId = 148 
2025/11/25 17:00:25 Server: 2. Backup: updating auction values, bid = 2 and bidderId = 148 
2025/11/25 17:00:25 Client 2 placed a bid of 148
2025/11/25 17:00:25 Server: 1. Primary: updating auction values, bid = 1 and bidderId = 168 
2025/11/25 17:00:25 Server: 2. Backup: updating auction values, bid = 1 and bidderId = 168 
2025/11/25 17:00:25 Client 1 placed a bid of 168
2025/11/25 17:00:26 Server: 1. Primary: updating auction values, bid = 2 and bidderId = 193 
2025/11/25 17:00:26 Server: 2. Backup: updating auction values, bid = 2 and bidderId = 193 
2025/11/25 17:00:26 Client 2 placed a bid of 193
2025/11/25 17:00:26 Server: 1. Primary: updating auction values, bid = 1 and bidderId = 227 
2025/11/25 17:00:26 Server: 2. Backup: updating auction values, bid = 1 and bidderId = 227 
2025/11/25 17:00:26 Client 1 placed a bid of 227
2025/11/25 17:00:27 Server: 1. Primary: updating auction values, bid = 2 and bidderId = 248 
2025/11/25 17:00:27 Server: 2. Backup: updating auction values, bid = 2 and bidderId = 248 
2025/11/25 17:00:27 Client 2 placed a bid of 248
2025/11/25 17:00:27 Server: 1. Primary: updating auction values, bid = 1 and bidderId = 286 
2025/11/25 17:00:27 Server: 2. Backup: updating auction values, bid = 1 and bidderId = 286 
2025/11/25 17:00:27 Client 1 placed a bid of 286
2025/11/25 17:00:28 Server: 1. Primary: updating auction values, bid = 2 and bidderId = 315 
2025/11/25 17:00:28 Server: 2. Backup: updating auction values, bid = 2 and bidderId = 315 
2025/11/25 17:00:28 Client 2 placed a bid of 315
2025/11/25 17:00:28 Server: 1. Primary: updating auction values, bid = 1 and bidderId = 341 
2025/11/25 17:00:28 Server: 2. Backup: updating auction values, bid = 1 and bidderId = 341 
2025/11/25 17:00:28 Client 1 placed a bid of 341
2025/11/25 17:00:28 Server: 2. Backup Server, old Auction ongoing: true new Auction ongoing: false 
2025/11/25 17:00:28 Backup Server updated at the end of auction round 
2025/11/25 17:00:28 Round 0 of auction is over, winning bid: 341 by client: 1 
2025/11/25 17:00:34 Primary: reset auction values, bid = -1 and bidderId = 0  
2025/11/25 17:00:34 Server: 2. Backup: updating auction values, bid = 0 and bidderId = -1 
2025/11/25 17:00:34 Server: 2. Backup Server, old Auction ongoing: false new Auction ongoing: true 
2025/11/25 17:00:34 Backup Server updated at the start of auction round 
2025/11/25 17:00:34 Round 1 of auction has begun 
2025/11/25 17:00:35 Server: 1. Primary: updating auction values, bid = 2 and bidderId = 6 
2025/11/25 17:00:35 Server: 2. Backup: updating auction values, bid = 2 and bidderId = 6 
2025/11/25 17:00:35 Client 2 placed a bid of 6
2025/11/25 17:00:35 Server: 1. Primary: updating auction values, bid = 1 and bidderId = 81 
2025/11/25 17:00:35 Server: 2. Backup: updating auction values, bid = 1 and bidderId = 81 
2025/11/25 17:00:35 Client 1 placed a bid of 81
2025/11/25 17:00:36 Server: 1. Primary: updating auction values, bid = 2 and bidderId = 114 
2025/11/25 17:00:36 Server: 2. Backup: updating auction values, bid = 2 and bidderId = 114 
2025/11/25 17:00:36 Client 2 placed a bid of 114
2025/11/25 17:00:36 Server: 1. Primary: updating auction values, bid = 1 and bidderId = 138 
2025/11/25 17:00:36 Server: 2. Backup: updating auction values, bid = 1 and bidderId = 138 
2025/11/25 17:00:36 Client 1 placed a bid of 138
2025/11/25 17:00:37 Server: 1. Primary: updating auction values, bid = 2 and bidderId = 162 
2025/11/25 17:00:37 Server: 2. Backup: updating auction values, bid = 2 and bidderId = 162 
2025/11/25 17:00:37 Client 2 placed a bid of 162
2025/11/25 17:00:37 Server: 1. Primary: updating auction values, bid = 1 and bidderId = 172 
2025/11/25 17:00:37 Server: 2. Backup: updating auction values, bid = 1 and bidderId = 172 
2025/11/25 17:00:37 Client 1 placed a bid of 172
2025/11/25 17:00:38 Server: 1. Primary: updating auction values, bid = 2 and bidderId = 183 
2025/11/25 17:00:38 Server: 2. Backup: updating auction values, bid = 2 and bidderId = 183 
2025/11/25 17:00:38 Client 2 placed a bid of 183
2025/11/25 17:00:38 Server: 1. Primary: updating auction values, bid = 1 and bidderId = 226 
2025/11/25 17:00:38 Server: 2. Backup: updating auction values, bid = 1 and bidderId = 226 
2025/11/25 17:00:38 Client 1 placed a bid of 226
2025/11/25 17:00:39 Server: 1. Primary: updating auction values, bid = 2 and bidderId = 256 
2025/11/25 17:00:39 Server: 2. Backup: updating auction values, bid = 2 and bidderId = 256 
2025/11/25 17:00:39 Client 2 placed a bid of 256
2025/11/25 17:00:39 Server: 1. Primary: updating auction values, bid = 1 and bidderId = 297 
2025/11/25 17:00:39 Server: 2. Backup: updating auction values, bid = 1 and bidderId = 297 
2025/11/25 17:00:39 Client 1 placed a bid of 297
2025/11/25 17:00:40 Server: 1. Primary: updating auction values, bid = 2 and bidderId = 323 
2025/11/25 17:00:40 Server: 2. Backup: updating auction values, bid = 2 and bidderId = 323 
2025/11/25 17:00:40 Client 2 placed a bid of 323
2025/11/25 17:00:40 Server: 1. Primary: updating auction values, bid = 1 and bidderId = 338 
2025/11/25 17:00:40 Server: 2. Backup: updating auction values, bid = 1 and bidderId = 338 
2025/11/25 17:00:40 Client 1 placed a bid of 338
2025/11/25 17:00:41 Server: 1. Primary: updating auction values, bid = 2 and bidderId = 362 
2025/11/25 17:00:41 Server: 2. Backup: updating auction values, bid = 2 and bidderId = 362 
2025/11/25 17:00:41 Client 2 placed a bid of 362
2025/11/25 17:00:41 Server: 1. Primary: updating auction values, bid = 1 and bidderId = 393 
2025/11/25 17:00:41 Server: 2. Backup: updating auction values, bid = 1 and bidderId = 393 
2025/11/25 17:00:41 Client 1 placed a bid of 393
2025/11/25 17:00:42 Server: 1. Primary: updating auction values, bid = 2 and bidderId = 438 
2025/11/25 17:00:42 Server: 2. Backup: updating auction values, bid = 2 and bidderId = 438 
2025/11/25 17:00:42 Client 2 placed a bid of 438
2025/11/25 17:00:42 Server: 1. Primary: updating auction values, bid = 1 and bidderId = 472 
2025/11/25 17:00:42 Server: 2. Backup: updating auction values, bid = 1 and bidderId = 472 
2025/11/25 17:00:42 Client 1 placed a bid of 472
2025/11/25 17:00:43 Server: 1. Primary: updating auction values, bid = 2 and bidderId = 500 
2025/11/25 17:00:43 Server: 2. Backup: updating auction values, bid = 2 and bidderId = 500 
2025/11/25 17:00:43 Client 2 placed a bid of 500
2025/11/25 17:00:43 Server: 1. Primary: updating auction values, bid = 1 and bidderId = 537 
2025/11/25 17:00:43 Server: 2. Backup: updating auction values, bid = 1 and bidderId = 537 
2025/11/25 17:00:43 Client 1 placed a bid of 537
2025/11/25 17:00:44 Server: 1. Primary: updating auction values, bid = 2 and bidderId = 579 
2025/11/25 17:00:44 Server: 2. Backup: updating auction values, bid = 2 and bidderId = 579 
2025/11/25 17:00:44 Client 2 placed a bid of 579
2025/11/25 17:00:44 Server: 1. Primary: updating auction values, bid = 1 and bidderId = 604 
2025/11/25 17:00:44 Server: 2. Backup: updating auction values, bid = 1 and bidderId = 604 
2025/11/25 17:00:44 Client 1 placed a bid of 604
2025/11/25 17:00:44 Server: 2. Backup Server, old Auction ongoing: true new Auction ongoing: false 
2025/11/25 17:00:44 Backup Server updated at the end of auction round 
2025/11/25 17:00:44 Round 1 of auction is over, winning bid: 604 by client: 1 
2025/11/25 17:00:50 Primary: reset auction values, bid = -1 and bidderId = 0  
2025/11/25 17:00:50 Server: 2. Backup: updating auction values, bid = 0 and bidderId = -1 
2025/11/25 17:00:50 Server: 2. Backup Server, old Auction ongoing: false new Auction ongoing: true 
2025/11/25 17:00:50 Backup Server updated at the start of auction round 
2025/11/25 17:00:50 Round 2 of auction has begun 
2025/11/25 17:00:51 Server: 1. Primary: updating auction values, bid = 2 and bidderId = 26 
2025/11/25 17:00:51 Server: 2. Backup: updating auction values, bid = 2 and bidderId = 26 
2025/11/25 17:00:51 Client 2 placed a bid of 26
2025/11/25 17:00:51 Server: 1. Primary: updating auction values, bid = 1 and bidderId = 50 
2025/11/25 17:00:51 Server: 2. Backup: updating auction values, bid = 1 and bidderId = 50 
2025/11/25 17:00:51 Client 1 placed a bid of 50
2025/11/25 17:00:52 Server: 1. Primary: updating auction values, bid = 2 and bidderId = 86 
2025/11/25 17:00:52 Server: 2. Backup: updating auction values, bid = 2 and bidderId = 86 
2025/11/25 17:00:52 Client 2 placed a bid of 86
2025/11/25 17:00:52 Server: 1. Primary: updating auction values, bid = 1 and bidderId = 93 
2025/11/25 17:00:52 Server: 2. Backup: updating auction values, bid = 1 and bidderId = 93 
2025/11/25 17:00:52 Client 1 placed a bid of 93
2025/11/25 17:00:53 Server: 1. Primary: updating auction values, bid = 2 and bidderId = 141 
2025/11/25 17:00:53 Server: 2. Backup: updating auction values, bid = 2 and bidderId = 141 
2025/11/25 17:00:53 Client 2 placed a bid of 141
2025/11/25 17:00:53 Server: 1. Primary: updating auction values, bid = 1 and bidderId = 150 
2025/11/25 17:00:53 Server: 2. Backup: updating auction values, bid = 1 and bidderId = 150 
2025/11/25 17:00:53 Client 1 placed a bid of 150
2025/11/25 17:00:54 Server: 1. Primary: updating auction values, bid = 2 and bidderId = 189 
2025/11/25 17:00:54 Server: 2. Backup: updating auction values, bid = 2 and bidderId = 189 
2025/11/25 17:00:54 Client 2 placed a bid of 189
2025/11/25 17:00:54 Server: 1. Primary: updating auction values, bid = 1 and bidderId = 221 
2025/11/25 17:00:54 Server: 2. Backup: updating auction values, bid = 1 and bidderId = 221 
2025/11/25 17:00:54 Client 1 placed a bid of 221
2025/11/25 17:00:55 Server: 1. Primary: updating auction values, bid = 2 and bidderId = 257 
2025/11/25 17:00:55 Server: 2. Backup: updating auction values, bid = 2 and bidderId = 257 
2025/11/25 17:00:55 Client 2 placed a bid of 257
2025/11/25 17:00:55 Server: 1. Primary: updating auction values, bid = 1 and bidderId = 267 
2025/11/25 17:00:55 Server: 2. Backup: updating auction values, bid = 1 and bidderId = 267 
2025/11/25 17:00:55 Client 1 placed a bid of 267
2025/11/25 17:00:56 Server: 1. Primary: updating auction values, bid = 2 and bidderId = 292 
2025/11/25 17:00:56 Server: 2. Backup: updating auction values, bid = 2 and bidderId = 292 
2025/11/25 17:00:56 Client 2 placed a bid of 292
2025/11/25 17:00:56 Server: 1. Primary: updating auction values, bid = 1 and bidderId = 329 
2025/11/25 17:00:56 Server: 2. Backup: updating auction values, bid = 1 and bidderId = 329 
2025/11/25 17:00:56 Client 1 placed a bid of 329
2025/11/25 17:00:57 Server: 1. Primary: updating auction values, bid = 2 and bidderId = 347 
2025/11/25 17:00:57 Server: 2. Backup: updating auction values, bid = 2 and bidderId = 347 
2025/11/25 17:00:57 Client 2 placed a bid of 347
2025/11/25 17:00:57 Server: 1. Primary: updating auction values, bid = 1 and bidderId = 352 
2025/11/25 17:00:57 Server: 2. Backup: updating auction values, bid = 1 and bidderId = 352 
2025/11/25 17:00:57 Client 1 placed a bid of 352
2025/11/25 17:00:58 Server: 1. Primary: updating auction values, bid = 2 and bidderId = 398 
2025/11/25 17:00:58 Server: 2. Backup: updating auction values, bid = 2 and bidderId = 398 
2025/11/25 17:00:58 Client 2 placed a bid of 398
2025/11/25 17:00:58 Server: 1. Primary: updating auction values, bid = 1 and bidderId = 425 
2025/11/25 17:00:58 Server: 2. Backup: updating auction values, bid = 1 and bidderId = 425 
2025/11/25 17:00:58 Client 1 placed a bid of 425
2025/11/25 17:00:59 Server: 1. Primary: updating auction values, bid = 2 and bidderId = 470 
2025/11/25 17:00:59 Server: 2. Backup: updating auction values, bid = 2 and bidderId = 470 
2025/11/25 17:00:59 Client 2 placed a bid of 470
2025/11/25 17:00:59 Server: 1. Primary: updating auction values, bid = 1 and bidderId = 501 
2025/11/25 17:00:59 Server: 2. Backup: updating auction values, bid = 1 and bidderId = 501 
2025/11/25 17:00:59 Client 1 placed a bid of 501
2025/11/25 17:01:00 Server: 1. Primary: updating auction values, bid = 2 and bidderId = 527 
2025/11/25 17:01:00 Server: 2. Backup: updating auction values, bid = 2 and bidderId = 527 
2025/11/25 17:01:00 Client 2 placed a bid of 527
2025/11/25 17:01:00 Server: 1. Primary: updating auction values, bid = 1 and bidderId = 571 
2025/11/25 17:01:00 Server: 2. Backup: updating auction values, bid = 1 and bidderId = 571 
2025/11/25 17:01:00 Client 1 placed a bid of 571
2025/11/25 17:01:00 Server: 2. Backup Server, old Auction ongoing: true new Auction ongoing: false 
2025/11/25 17:01:00 Backup Server updated at the end of auction round 
2025/11/25 17:01:00 Round 2 of auction is over, winning bid: 571 by client: 1 
2025/11/25 17:01:06 Primary: reset auction values, bid = -1 and bidderId = 0  
2025/11/25 17:01:06 Server: 2. Backup: updating auction values, bid = 0 and bidderId = -1 
2025/11/25 17:01:06 Server: 2. Backup Server, old Auction ongoing: false new Auction ongoing: true 
2025/11/25 17:01:06 Backup Server updated at the start of auction round 
2025/11/25 17:01:06 Round 3 of auction has begun 
2025/11/25 17:01:07 Server: 1. Primary: updating auction values, bid = 2 and bidderId = 95 
2025/11/25 17:01:07 Server: 2. Backup: updating auction values, bid = 2 and bidderId = 95 
2025/11/25 17:01:07 Client 2 placed a bid of 95
2025/11/25 17:01:07 Server: 1. Primary: updating auction values, bid = 1 and bidderId = 96 
2025/11/25 17:01:07 Server: 2. Backup: updating auction values, bid = 1 and bidderId = 96 
2025/11/25 17:01:07 Client 1 placed a bid of 96
2025/11/25 17:01:08 Server: 1. Primary: updating auction values, bid = 2 and bidderId = 143 
2025/11/25 17:01:08 Server: 2. Backup: updating auction values, bid = 2 and bidderId = 143 
2025/11/25 17:01:08 Client 2 placed a bid of 143
2025/11/25 17:01:08 Server: 1. Primary: updating auction values, bid = 1 and bidderId = 145 
2025/11/25 17:01:08 Server: 2. Backup: updating auction values, bid = 1 and bidderId = 145 
2025/11/25 17:01:08 Client 1 placed a bid of 145
2025/11/25 17:01:09 Server: 1. Primary: updating auction values, bid = 2 and bidderId = 155 
2025/11/25 17:01:09 Server: 2. Backup: updating auction values, bid = 2 and bidderId = 155 
2025/11/25 17:01:09 Client 2 placed a bid of 155
2025/11/25 17:01:09 Server: 1. Primary: updating auction values, bid = 1 and bidderId = 188 
2025/11/25 17:01:09 Server: 2. Backup: updating auction values, bid = 1 and bidderId = 188 
2025/11/25 17:01:09 Client 1 placed a bid of 188
2025/11/25 17:01:10 Server: 1. Primary: updating auction values, bid = 2 and bidderId = 197 
2025/11/25 17:01:10 Server: 2. Backup: updating auction values, bid = 2 and bidderId = 197 
2025/11/25 17:01:10 Client 2 placed a bid of 197
2025/11/25 17:01:10 Server: 1. Primary: updating auction values, bid = 1 and bidderId = 208 
2025/11/25 17:01:10 Server: 2. Backup: updating auction values, bid = 1 and bidderId = 208 
2025/11/25 17:01:10 Client 1 placed a bid of 208
2025/11/25 17:01:11 Server: 1. Primary: updating auction values, bid = 2 and bidderId = 252 
2025/11/25 17:01:11 Server: 2. Backup: updating auction values, bid = 2 and bidderId = 252 
2025/11/25 17:01:11 Client 2 placed a bid of 252
2025/11/25 17:01:11 Server: 1. Primary: updating auction values, bid = 1 and bidderId = 260 
2025/11/25 17:01:11 Server: 2. Backup: updating auction values, bid = 1 and bidderId = 260 
2025/11/25 17:01:11 Client 1 placed a bid of 260
2025/11/25 17:01:12 Server: 1. Primary: updating auction values, bid = 2 and bidderId = 287 
2025/11/25 17:01:12 Server: 2. Backup: updating auction values, bid = 2 and bidderId = 287 
2025/11/25 17:01:12 Client 2 placed a bid of 287
2025/11/25 17:01:12 Server: 1. Primary: updating auction values, bid = 1 and bidderId = 306 
2025/11/25 17:01:12 Server: 2. Backup: updating auction values, bid = 1 and bidderId = 306 
2025/11/25 17:01:12 Client 1 placed a bid of 306
2025/11/25 17:01:13 Server: 1. Primary: updating auction values, bid = 2 and bidderId = 351 
2025/11/25 17:01:13 Server: 2. Backup: updating auction values, bid = 2 and bidderId = 351 
2025/11/25 17:01:13 Client 2 placed a bid of 351
2025/11/25 17:01:13 Server: 1. Primary: updating auction values, bid = 1 and bidderId = 365 
2025/11/25 17:01:13 Server: 2. Backup: updating auction values, bid = 1 and bidderId = 365 
2025/11/25 17:01:13 Client 1 placed a bid of 365
2025/11/25 17:01:14 Server: 1. Primary: updating auction values, bid = 2 and bidderId = 407 
2025/11/25 17:01:14 Server: 2. Backup: updating auction values, bid = 2 and bidderId = 407 
2025/11/25 17:01:14 Client 2 placed a bid of 407
2025/11/25 17:01:14 Server: 1. Primary: updating auction values, bid = 1 and bidderId = 450 
2025/11/25 17:01:14 Server: 2. Backup: updating auction values, bid = 1 and bidderId = 450 
2025/11/25 17:01:14 Client 1 placed a bid of 450
2025/11/25 17:01:15 Server: 1. Primary: updating auction values, bid = 2 and bidderId = 494 
2025/11/25 17:01:15 Server: 2. Backup: updating auction values, bid = 2 and bidderId = 494 
2025/11/25 17:01:15 Client 2 placed a bid of 494
2025/11/25 17:01:16 Server: 1. Primary: updating auction values, bid = 1 and bidderId = 500 
2025/11/25 17:01:16 Server: 2. Backup: updating auction values, bid = 1 and bidderId = 500 
2025/11/25 17:01:16 Client 1 placed a bid of 500
2025/11/25 17:01:16 Server: 1. Primary: updating auction values, bid = 2 and bidderId = 549 
2025/11/25 17:01:16 Server: 2. Backup: updating auction values, bid = 2 and bidderId = 549 
2025/11/25 17:01:16 Client 2 placed a bid of 549
2025/11/25 17:01:16 Server: 2. Backup Server, old Auction ongoing: true new Auction ongoing: false 
2025/11/25 17:01:16 Backup Server updated at the end of auction round 
2025/11/25 17:01:16 Round 3 of auction is over, winning bid: 549 by client: 2 
2025/11/25 17:01:22 Primary: reset auction values, bid = -1 and bidderId = 0  
2025/11/25 17:01:22 Server: 2. Backup: updating auction values, bid = 0 and bidderId = -1 
2025/11/25 17:01:22 Server: 2. Backup Server, old Auction ongoing: false new Auction ongoing: true 
2025/11/25 17:01:22 Backup Server updated at the start of auction round 
2025/11/25 17:01:22 Round 4 of auction has begun 
2025/11/25 17:01:23 Server: 1. Primary: updating auction values, bid = 1 and bidderId = 47 
2025/11/25 17:01:23 Server: 2. Backup: updating auction values, bid = 1 and bidderId = 47 
2025/11/25 17:01:23 Client 1 placed a bid of 47
2025/11/25 17:01:23 Server: 1. Primary: updating auction values, bid = 2 and bidderId = 93 
2025/11/25 17:01:23 Server: 2. Backup: updating auction values, bid = 2 and bidderId = 93 
2025/11/25 17:01:23 Client 2 placed a bid of 93
2025/11/25 17:01:24 Server: 1. Primary: updating auction values, bid = 1 and bidderId = 112 
2025/11/25 17:01:24 Server: 2. Backup: updating auction values, bid = 1 and bidderId = 112 
2025/11/25 17:01:24 Client 1 placed a bid of 112
2025/11/25 17:01:24 Server: 1. Primary: updating auction values, bid = 2 and bidderId = 145 
2025/11/25 17:01:24 Server: 2. Backup: updating auction values, bid = 2 and bidderId = 145 
2025/11/25 17:01:24 Client 2 placed a bid of 145
2025/11/25 17:01:25 Server: 1. Primary: updating auction values, bid = 1 and bidderId = 157 
2025/11/25 17:01:25 Server: 2. Backup: updating auction values, bid = 1 and bidderId = 157 
2025/11/25 17:01:25 Client 1 placed a bid of 157
2025/11/25 17:01:25 Server: 1. Primary: updating auction values, bid = 2 and bidderId = 176 
2025/11/25 17:01:25 Server: 2. Backup: updating auction values, bid = 2 and bidderId = 176 
2025/11/25 17:01:25 Client 2 placed a bid of 176
2025/11/25 17:01:26 Server: 1. Primary: updating auction values, bid = 1 and bidderId = 211 
2025/11/25 17:01:26 Server: 2. Backup: updating auction values, bid = 1 and bidderId = 211 
2025/11/25 17:01:26 Client 1 placed a bid of 211
2025/11/25 17:01:26 Server: 1. Primary: updating auction values, bid = 2 and bidderId = 222 
2025/11/25 17:01:26 Server: 2. Backup: updating auction values, bid = 2 and bidderId = 222 
2025/11/25 17:01:26 Client 2 placed a bid of 222
2025/11/25 17:01:27 Server: 1. Primary: updating auction values, bid = 1 and bidderId = 237 
2025/11/25 17:01:27 Server: 2. Backup: updating auction values, bid = 1 and bidderId = 237 
2025/11/25 17:01:27 Client 1 placed a bid of 237
2025/11/25 17:01:27 Server: 1. Primary: updating auction values, bid = 2 and bidderId = 285 
2025/11/25 17:01:27 Server: 2. Backup: updating auction values, bid = 2 and bidderId = 285 
2025/11/25 17:01:27 Client 2 placed a bid of 285
2025/11/25 17:01:28 Server: 1. Primary: updating auction values, bid = 1 and bidderId = 304 
2025/11/25 17:01:28 Server: 2. Backup: updating auction values, bid = 1 and bidderId = 304 
2025/11/25 17:01:28 Client 1 placed a bid of 304
2025/11/25 17:01:28 Server: 1. Primary: updating auction values, bid = 2 and bidderId = 349 
2025/11/25 17:01:28 Server: 2. Backup: updating auction values, bid = 2 and bidderId = 349 
2025/11/25 17:01:28 Client 2 placed a bid of 349
2025/11/25 17:01:29 Server: 1. Primary: updating auction values, bid = 1 and bidderId = 396 
2025/11/25 17:01:29 Server: 2. Backup: updating auction values, bid = 1 and bidderId = 396 
2025/11/25 17:01:29 Client 1 placed a bid of 396
2025/11/25 17:01:29 Server: 1. Primary: updating auction values, bid = 2 and bidderId = 441 
2025/11/25 17:01:29 Server: 2. Backup: updating auction values, bid = 2 and bidderId = 441 
2025/11/25 17:01:29 Client 2 placed a bid of 441
2025/11/25 17:01:30 Server: 1. Primary: updating auction values, bid = 1 and bidderId = 478 
2025/11/25 17:01:30 Server: 2. Backup: updating auction values, bid = 1 and bidderId = 478 
2025/11/25 17:01:30 Client 1 placed a bid of 478
2025/11/25 17:01:30 Server: 1. Primary: updating auction values, bid = 2 and bidderId = 508 
2025/11/25 17:01:30 Server: 2. Backup: updating auction values, bid = 2 and bidderId = 508 
2025/11/25 17:01:30 Client 2 placed a bid of 508
2025/11/25 17:01:31 Server: 1. Primary: updating auction values, bid = 1 and bidderId = 548 
2025/11/25 17:01:31 Server: 2. Backup: updating auction values, bid = 1 and bidderId = 548 
2025/11/25 17:01:31 Client 1 placed a bid of 548
2025/11/25 17:01:32 Server: 1. Primary: updating auction values, bid = 2 and bidderId = 571 
2025/11/25 17:01:32 Server: 2. Backup: updating auction values, bid = 2 and bidderId = 571 
2025/11/25 17:01:32 Client 2 placed a bid of 571
2025/11/25 17:01:32 Server: 1. Primary: updating auction values, bid = 1 and bidderId = 602 
2025/11/25 17:01:32 Server: 2. Backup: updating auction values, bid = 1 and bidderId = 602 
2025/11/25 17:01:32 Client 1 placed a bid of 602
2025/11/25 17:01:32 Server: 2. Backup Server, old Auction ongoing: true new Auction ongoing: false 
2025/11/25 17:01:32 Backup Server updated at the end of auction round 
2025/11/25 17:01:32 Round 4 of auction is over, winning bid: 602 by client: 1 
2025/11/25 17:01:38 The auction is now over!
2025/11/25 17:06:11 Client 1: Failed to get result from grpc call: rpc error: code = Unavailable desc = connection error: desc = "transport: Error while dialing: dial tcp 127.0.0.1:5050: connect: connection refused" 
2025/11/25 17:06:11 Client 2: Failed to get result from grpc call: rpc error: code = Unavailable desc = connection error: desc = "transport: Error while dialing: dial tcp 127.0.0.1:5050: connect: connection refused" 
