2025/11/25 18:29:57 Starting Auction Server...
2025/11/25 18:29:57 Auction Server 1 listening on port 5050
2025/11/25 18:30:01 Starting Auction Server...
2025/11/25 18:30:01 Backup Auction Server 3 listening on port 6060
2025/11/25 18:30:03 Server: 1 | Primary server connection to Backup server created, state: READY 
2025/11/25 18:30:03 Primary: reset auction values, bid = -1 and bidderId = 0  
2025/11/25 18:30:03 Server: 3 | Backup: updating auction values, bid = 0 and bidderId = -1 
2025/11/25 18:30:03 Server: 3 | Backup Server, old Auction ongoing: false new Auction ongoing: true 
2025/11/25 18:30:03 Server: 1 | Backup Server updated at the start of auction round 
2025/11/25 18:30:03 ------ Round 0 of auction has begun ------------ 
2025/11/25 18:30:07 Starting Auction Client 1...
2025/11/25 18:30:07 Server: 1 | Updated map in backup: %!(EXTRA map[int32]bool=map[1:true])
2025/11/25 18:30:07 Server: 3 | Backup Server, updating registered client 
2025/11/25 18:30:07 Server: 3 | Updated map in back up: map[1:true]
2025/11/25 18:30:07 Server: 1 | Primary: updating auction values, bid = 1 and bidderId = 22 
2025/11/25 18:30:07 Server: 3 | Backup: updating auction values, bid = 1 and bidderId = 22 
2025/11/25 18:30:07 Client 1 should have connected to backup server
2025/11/25 18:30:08 Client 1 should have connected to backup server
2025/11/25 18:30:08 Client 1 should have connected to backup server
2025/11/25 18:30:08 Starting Auction Client 2...
2025/11/25 18:30:09 Client 1 should have connected to backup server
2025/11/25 18:30:09 Server: 1 | Updated map in backup: %!(EXTRA map[int32]bool=map[1:true 2:true])
2025/11/25 18:30:09 Server: 3 | Backup Server, updating registered client 
2025/11/25 18:30:09 Server: 3 | Updated map in back up: map[1:true 2:true]
2025/11/25 18:30:09 Server: 1 | Primary: updating auction values, bid = 2 and bidderId = 39 
2025/11/25 18:30:09 Server: 3 | Backup: updating auction values, bid = 2 and bidderId = 39 
2025/11/25 18:30:09 Client 2 should have connected to backup server
2025/11/25 18:30:09 Client 1 should have connected to backup server
2025/11/25 18:30:09 Client 2 should have connected to backup server
2025/11/25 18:30:10 Client 1 should have connected to backup server
2025/11/25 18:30:10 Client 2 should have connected to backup server
2025/11/25 18:30:10 Client 1 should have connected to backup server
2025/11/25 18:30:10 Client 2 should have connected to backup server
2025/11/25 18:30:13 Server: 3 | Backup Server, old Auction ongoing: true new Auction ongoing: false 
2025/11/25 18:30:13 Server: 1 | Backup Server updated at the end of auction round 
2025/11/25 18:30:13 ------ Round 0 of auction is over, winning bid: 39 by client: 2  ------------ 
2025/11/25 18:30:14 Client 1 should have connected to backup server
2025/11/25 18:30:14 Client 2 should have connected to backup server
2025/11/25 18:30:15 Client 2 should have connected to backup server
2025/11/25 18:30:15 Client 1 should have connected to backup server
2025/11/25 18:30:15 Client 2 should have connected to backup server
2025/11/25 18:30:15 Client 1 should have connected to backup server
2025/11/25 18:30:15 Client 2 should have connected to backup server
2025/11/25 18:30:15 Client 1 should have connected to backup server
2025/11/25 18:30:16 Client 1 should have connected to backup server
2025/11/25 18:30:16 Client 2 should have connected to backup server
2025/11/25 18:30:16 Client 2 should have connected to backup server
2025/11/25 18:30:16 Client 1 should have connected to backup server
2025/11/25 18:30:19 Primary: reset auction values, bid = -1 and bidderId = 0  
2025/11/25 18:30:19 Server: 3 | Backup: updating auction values, bid = 0 and bidderId = -1 
2025/11/25 18:30:19 Server: 3 | Backup Server, old Auction ongoing: false new Auction ongoing: true 
2025/11/25 18:30:19 Server: 1 | Backup Server updated at the start of auction round 
2025/11/25 18:30:19 ------ Round 1 of auction has begun ------------ 
2025/11/25 18:30:20 Client 2 should have connected to backup server
2025/11/25 18:30:20 Client 1 should have connected to backup server
2025/11/25 18:30:21 Client 1 should have connected to backup server
2025/11/25 18:30:21 Client 2 should have connected to backup server
2025/11/25 18:30:21 Client 1 should have connected to backup server
2025/11/25 18:30:21 Client 2 should have connected to backup server
2025/11/25 18:30:22 Client 1 should have connected to backup server
2025/11/25 18:30:22 Client 2 should have connected to backup server
2025/11/25 18:30:22 Client 1 should have connected to backup server
2025/11/25 18:30:22 Client 2 should have connected to backup server
2025/11/25 18:30:22 Client 1 should have connected to backup server
2025/11/25 18:30:22 Client 2 should have connected to backup server
2025/11/25 18:30:23 Client 1 should have connected to backup server
2025/11/25 18:30:23 Client 2 should have connected to backup server
2025/11/25 18:30:23 Client 1 should have connected to backup server
2025/11/25 18:30:23 Client 2 should have connected to backup server
2025/11/25 18:30:23 Client 1 should have connected to backup server
2025/11/25 18:30:23 Client 2 should have connected to backup server
2025/11/25 18:30:24 Client 1 should have connected to backup server
2025/11/25 18:30:24 Client 2 should have connected to backup server
2025/11/25 18:30:24 Client 1 should have connected to backup server
2025/11/25 18:30:24 Client 2 should have connected to backup server
2025/11/25 18:30:24 Client 1 should have connected to backup server
2025/11/25 18:30:24 Client 2 should have connected to backup server
2025/11/25 18:30:25 Client 1 should have connected to backup server
2025/11/25 18:30:25 Client 2 should have connected to backup server
2025/11/25 18:30:25 Client 1 should have connected to backup server
2025/11/25 18:30:25 Client 2 should have connected to backup server
2025/11/25 18:30:26 Client 1 should have connected to backup server
2025/11/25 18:30:26 Client 2 should have connected to backup server
2025/11/25 18:30:27 Client 1 should have connected to backup server
2025/11/25 18:30:27 Client 2 should have connected to backup server
2025/11/25 18:30:27 Client 1 should have connected to backup server
2025/11/25 18:30:27 Client 2 should have connected to backup server
2025/11/25 18:30:28 Client 1 should have connected to backup server
2025/11/25 18:30:28 Client 2 should have connected to backup server
2025/11/25 18:30:28 Client 1 should have connected to backup server
2025/11/25 18:30:28 Client 2 should have connected to backup server
2025/11/25 18:30:32 Client 1 should have connected to backup server
2025/11/25 18:30:32 Client 2 should have connected to backup server
2025/11/25 18:30:33 Client 1 should have connected to backup server
2025/11/25 18:30:33 Client 2 should have connected to backup server
2025/11/25 18:30:33 Client 1 should have connected to backup server
2025/11/25 18:30:33 Client 2 should have connected to backup server
2025/11/25 18:30:34 Client 1 should have connected to backup server
2025/11/25 18:30:34 Client 2 should have connected to backup server
2025/11/25 18:30:34 Server: 1 | Primary server lost connection to backup 
2025/11/25 18:30:34 Server: 1 | local_update_auction_state connection to backup server not active 
2025/11/25 18:30:34 ------ Round 1 of auction is over, winning bid: 0 by client: -1  ------------ 
2025/11/25 18:30:34 Client 1 should have connected to backup server
2025/11/25 18:30:34 Client 2 should have connected to backup server
2025/11/25 18:30:34 Client 1 should have connected to backup server
2025/11/25 18:30:34 Client 2 should have connected to backup server
2025/11/25 18:30:35 Client 1 should have connected to backup server
2025/11/25 18:30:35 Client 2 should have connected to backup server
2025/11/25 18:30:35 Client 1 should have connected to backup server
2025/11/25 18:30:35 Client 2 should have connected to backup server
2025/11/25 18:30:37 Client 1 should have connected to backup server
2025/11/25 18:30:37 Client 2 should have connected to backup server
2025/11/25 18:30:37 Client 1 should have connected to backup server
2025/11/25 18:30:37 Client 2 should have connected to backup server
2025/11/25 18:30:37 Client 1 should have connected to backup server
2025/11/25 18:30:37 Client 2 should have connected to backup server
2025/11/25 18:30:38 Client 1 should have connected to backup server
2025/11/25 18:30:38 Client 2 should have connected to backup server
2025/11/25 18:30:38 Client 1 should have connected to backup server
2025/11/25 18:30:38 Client 2 should have connected to backup server
2025/11/25 18:30:38 Client 1 should have connected to backup server
2025/11/25 18:30:38 Client 2 should have connected to backup server
2025/11/25 18:30:39 Client 1 should have connected to backup server
2025/11/25 18:30:39 Client 2 should have connected to backup server
2025/11/25 18:30:45 Server: 1 | Primary server lost connection to backup 
2025/11/25 18:30:45 Server: 1 | StartAndEndBiddingRound connection to backup server not active 
2025/11/25 18:30:47 Client 1 should have connected to backup server
2025/11/25 18:30:47 Client 2 should have connected to backup server
2025/11/25 18:30:47 Client 1 should have connected to backup server
2025/11/25 18:30:47 Client 2 should have connected to backup server
2025/11/25 18:30:49 Client 1 should have connected to backup server
2025/11/25 18:30:49 Client 2 should have connected to backup server
2025/11/25 18:30:49 Client 1 should have connected to backup server
2025/11/25 18:30:49 Client 2 should have connected to backup server
2025/11/25 18:30:49 Client 1 should have connected to backup server
2025/11/25 18:30:49 Client 2 should have connected to backup server
2025/11/25 18:30:50 Client 1 should have connected to backup server
2025/11/25 18:30:50 Client 2 should have connected to backup server
2025/11/25 18:30:50 Server: 1 | Primary server lost connection to backup 
2025/11/25 18:30:50 Server: 1 | local_update_auction_state connection to backup server not active 
2025/11/25 18:30:50 ------ Round 2 of auction has begun ------------ 
2025/11/25 18:30:54 Client 2 should have connected to backup server
2025/11/25 18:30:54 Client 1 should have connected to backup server
2025/11/25 18:30:55 Client 2 should have connected to backup server
2025/11/25 18:30:55 Client 1 should have connected to backup server
2025/11/25 18:30:56 Client 1 should have connected to backup server
2025/11/25 18:30:56 Client 2 should have connected to backup server
2025/11/25 18:30:56 Client 2 should have connected to backup server
2025/11/25 18:30:56 Client 1 should have connected to backup server
2025/11/25 18:30:57 Client 2 should have connected to backup server
2025/11/25 18:30:57 Client 1 should have connected to backup server
2025/11/25 18:30:57 Client 2 should have connected to backup server
2025/11/25 18:30:57 Client 1 should have connected to backup server
2025/11/25 18:30:57 Client 2 should have connected to backup server
2025/11/25 18:30:57 Client 1 should have connected to backup server
2025/11/25 18:30:58 Client 2 should have connected to backup server
2025/11/25 18:30:58 Client 1 should have connected to backup server
2025/11/25 18:30:58 Client 2 should have connected to backup server
2025/11/25 18:30:58 Client 1 should have connected to backup server
2025/11/25 18:30:59 Client 2 should have connected to backup server
2025/11/25 18:30:59 Client 1 should have connected to backup server
2025/11/25 18:30:59 Client 2 should have connected to backup server
2025/11/25 18:30:59 Client 1 should have connected to backup server
2025/11/25 18:30:59 Client 2 should have connected to backup server
2025/11/25 18:30:59 Client 1 should have connected to backup server
2025/11/25 18:31:00 Client 2 should have connected to backup server
2025/11/25 18:31:00 Client 1 should have connected to backup server
2025/11/25 18:31:01 Client 2 should have connected to backup server
2025/11/25 18:31:01 Client 1 should have connected to backup server
2025/11/25 18:31:01 Client 2 should have connected to backup server
2025/11/25 18:31:01 Client 1 should have connected to backup server
2025/11/25 18:31:02 Client 2 should have connected to backup server
2025/11/25 18:31:02 Client 1 should have connected to backup server
2025/11/25 18:31:02 Client 2 should have connected to backup server
2025/11/25 18:31:02 Client 1 should have connected to backup server
2025/11/25 18:31:03 Client 2 should have connected to backup server
2025/11/25 18:31:03 Client 1 should have connected to backup server
2025/11/25 18:31:03 Client 2 should have connected to backup server
2025/11/25 18:31:03 Client 1 should have connected to backup server
2025/11/25 18:31:03 Client 2 should have connected to backup server
2025/11/25 18:31:03 Client 1 should have connected to backup server
2025/11/25 18:31:04 Client 1 should have connected to backup server
2025/11/25 18:31:04 Client 2 should have connected to backup server
2025/11/25 18:31:04 Client 1 should have connected to backup server
2025/11/25 18:31:04 Client 2 should have connected to backup server
2025/11/25 18:31:05 Server: 1 | Primary server lost connection to backup 
2025/11/25 18:31:05 Server: 1 | local_update_auction_state connection to backup server not active 
2025/11/25 18:31:05 ------ Round 2 of auction is over, winning bid: 0 by client: -1  ------------ 
2025/11/25 18:31:05 Client 1 should have connected to backup server
2025/11/25 18:31:05 Client 2 should have connected to backup server
2025/11/25 18:31:05 Client 2 should have connected to backup server
2025/11/25 18:31:05 Client 1 should have connected to backup server
2025/11/25 18:31:06 Client 2 should have connected to backup server
2025/11/25 18:31:06 Client 1 should have connected to backup server
2025/11/25 18:31:06 Client 2 should have connected to backup server
2025/11/25 18:31:07 Client 1 should have connected to backup server
2025/11/25 18:31:07 Client 2 should have connected to backup server
2025/11/25 18:31:07 Client 1 should have connected to backup server
2025/11/25 18:31:07 Client 2 should have connected to backup server
2025/11/25 18:31:07 Client 1 should have connected to backup server
2025/11/25 18:31:08 Client 2 should have connected to backup server
2025/11/25 18:31:08 Client 1 should have connected to backup server
2025/11/25 18:31:13 Client 2 should have connected to backup server
2025/11/25 18:31:13 Client 1 should have connected to backup server
2025/11/25 18:31:13 Client 2 should have connected to backup server
2025/11/25 18:31:13 Client 1 should have connected to backup server
2025/11/25 18:31:15 Client 2 should have connected to backup server
2025/11/25 18:31:15 Client 1 should have connected to backup server
2025/11/25 18:31:16 Server: 1 | Primary server lost connection to backup 
2025/11/25 18:31:16 Server: 1 | StartAndEndBiddingRound connection to backup server not active 
2025/11/25 18:31:16 Client 2 should have connected to backup server
2025/11/25 18:31:16 Client 1 should have connected to backup server
2025/11/25 18:31:17 Client 2 should have connected to backup server
2025/11/25 18:31:17 Client 1 should have connected to backup server
2025/11/25 18:31:17 Client 2 should have connected to backup server
2025/11/25 18:31:17 Client 1 should have connected to backup server
2025/11/25 18:31:21 Client 2 should have connected to backup server
2025/11/25 18:31:21 Client 1 should have connected to backup server
2025/11/25 18:31:21 Server: 1 | Primary server lost connection to backup 
2025/11/25 18:31:21 Server: 1 | local_update_auction_state connection to backup server not active 
2025/11/25 18:31:21 ------ Round 3 of auction has begun ------------ 
2025/11/25 18:31:21 Client 2 should have connected to backup server
2025/11/25 18:31:21 Client 1 should have connected to backup server
2025/11/25 18:31:23 Client 2 should have connected to backup server
2025/11/25 18:31:23 Client 1 should have connected to backup server
2025/11/25 18:31:23 Client 2 should have connected to backup server
2025/11/25 18:31:23 Client 1 should have connected to backup server
2025/11/25 18:31:23 Client 2 should have connected to backup server
2025/11/25 18:31:23 Client 1 should have connected to backup server
2025/11/25 18:31:28 Client 1 should have connected to backup server
2025/11/25 18:31:28 Client 2 should have connected to backup server
2025/11/25 18:31:28 Client 1 should have connected to backup server
2025/11/25 18:31:28 Client 2 should have connected to backup server
2025/11/25 18:31:28 Client 1 should have connected to backup server
2025/11/25 18:31:28 Client 2 should have connected to backup server
2025/11/25 18:31:29 Client 1 should have connected to backup server
2025/11/25 18:31:29 Client 2 should have connected to backup server
2025/11/25 18:31:29 Client 1 should have connected to backup server
2025/11/25 18:31:29 Client 2 should have connected to backup server
2025/11/25 18:31:30 Client 1 should have connected to backup server
2025/11/25 18:31:30 Client 2 should have connected to backup server
2025/11/25 18:31:30 Client 1 should have connected to backup server
2025/11/25 18:31:30 Client 2 should have connected to backup server
2025/11/25 18:31:30 Client 1 should have connected to backup server
2025/11/25 18:31:31 Client 2 should have connected to backup server
2025/11/25 18:31:31 Client 1 should have connected to backup server
2025/11/25 18:31:31 Client 2 should have connected to backup server
2025/11/25 18:31:31 Client 1 should have connected to backup server
2025/11/25 18:31:31 Client 2 should have connected to backup server
2025/11/25 18:31:36 Client 1 should have connected to backup server
2025/11/25 18:31:36 Client 2 should have connected to backup server
2025/11/25 18:31:36 Server: 1 | Primary server lost connection to backup 
2025/11/25 18:31:36 Server: 1 | local_update_auction_state connection to backup server not active 
2025/11/25 18:31:36 ------ Round 3 of auction is over, winning bid: 0 by client: -1  ------------ 
2025/11/25 18:31:36 Client 1 should have connected to backup server
2025/11/25 18:31:36 Client 2 should have connected to backup server
2025/11/25 18:31:36 Client 1 should have connected to backup server
2025/11/25 18:31:36 Client 2 should have connected to backup server
2025/11/25 18:31:37 Client 1 should have connected to backup server
2025/11/25 18:31:37 Client 2 should have connected to backup server
2025/11/25 18:31:37 Client 2 should have connected to backup server
2025/11/25 18:31:37 Client 1 should have connected to backup server
2025/11/25 18:31:37 Client 2 should have connected to backup server
2025/11/25 18:31:37 Client 1 should have connected to backup server
2025/11/25 18:31:38 Client 2 should have connected to backup server
2025/11/25 18:31:38 Client 1 should have connected to backup server
2025/11/25 18:31:42 Client 2 should have connected to backup server
2025/11/25 18:31:42 Client 1 should have connected to backup server
2025/11/25 18:31:43 Client 1 should have connected to backup server
2025/11/25 18:31:43 Client 2 should have connected to backup server
2025/11/25 18:31:43 Client 1 should have connected to backup server
2025/11/25 18:31:43 Client 2 should have connected to backup server
2025/11/25 18:31:44 Client 1 should have connected to backup server
2025/11/25 18:31:44 Client 2 should have connected to backup server
2025/11/25 18:31:44 Client 1 should have connected to backup server
2025/11/25 18:31:44 Client 2 should have connected to backup server
2025/11/25 18:31:47 Server: 1 | Primary server lost connection to backup 
2025/11/25 18:31:47 Server: 1 | StartAndEndBiddingRound connection to backup server not active 
2025/11/25 18:31:47 Client 1 should have connected to backup server
2025/11/25 18:31:47 Client 2 should have connected to backup server
2025/11/25 18:31:48 Client 1 should have connected to backup server
2025/11/25 18:31:48 Client 2 should have connected to backup server
2025/11/25 18:31:48 Client 1 should have connected to backup server
2025/11/25 18:31:48 Client 2 should have connected to backup server
2025/11/25 18:31:48 Client 1 should have connected to backup server
2025/11/25 18:31:48 Client 2 should have connected to backup server
2025/11/25 18:31:49 Client 1 should have connected to backup server
2025/11/25 18:31:49 Client 2 should have connected to backup server
2025/11/25 18:31:49 Client 2 should have connected to backup server
2025/11/25 18:31:49 Client 1 should have connected to backup server
2025/11/25 18:31:50 Client 2 should have connected to backup server
2025/11/25 18:31:50 Client 1 should have connected to backup server
2025/11/25 18:31:50 Client 2 should have connected to backup server
2025/11/25 18:31:50 Client 1 should have connected to backup server
2025/11/25 18:31:50 Client 2 should have connected to backup server
2025/11/25 18:31:50 Client 1 should have connected to backup server
2025/11/25 18:31:51 Client 2 should have connected to backup server
2025/11/25 18:31:51 Client 1 should have connected to backup server
2025/11/25 18:31:51 Client 2 should have connected to backup server
2025/11/25 18:31:51 Client 1 should have connected to backup server
2025/11/25 18:31:51 Client 2 should have connected to backup server
2025/11/25 18:31:51 Client 1 should have connected to backup server
2025/11/25 18:31:52 Server: 1 | Primary server lost connection to backup 
2025/11/25 18:31:52 Server: 1 | local_update_auction_state connection to backup server not active 
2025/11/25 18:31:52 ------ Round 4 of auction has begun ------------ 
2025/11/25 18:31:56 Client 2 should have connected to backup server
2025/11/25 18:31:56 Client 1 should have connected to backup server
2025/11/25 18:31:56 Client 2 should have connected to backup server
2025/11/25 18:31:56 Client 1 should have connected to backup server
2025/11/25 18:31:56 Client 2 should have connected to backup server
2025/11/25 18:31:56 Client 1 should have connected to backup server
2025/11/25 18:31:57 Client 2 should have connected to backup server
2025/11/25 18:31:57 Client 1 should have connected to backup server
2025/11/25 18:31:57 Client 2 should have connected to backup server
2025/11/25 18:31:57 Client 1 should have connected to backup server
2025/11/25 18:31:57 Client 2 should have connected to backup server
2025/11/25 18:31:57 Client 1 should have connected to backup server
2025/11/25 18:31:58 Client 2 should have connected to backup server
2025/11/25 18:31:58 Client 1 should have connected to backup server
2025/11/25 18:31:58 Client 2 should have connected to backup server
2025/11/25 18:31:58 Client 1 should have connected to backup server
2025/11/25 18:31:58 Client 2 should have connected to backup server
2025/11/25 18:31:58 Client 1 should have connected to backup server
2025/11/25 18:31:59 Client 2 should have connected to backup server
2025/11/25 18:31:59 Client 1 should have connected to backup server
2025/11/25 18:31:59 Client 2 should have connected to backup server
2025/11/25 18:31:59 Client 1 should have connected to backup server
2025/11/25 18:31:59 Client 2 should have connected to backup server
2025/11/25 18:31:59 Client 1 should have connected to backup server
2025/11/25 18:32:00 Client 2 should have connected to backup server
2025/11/25 18:32:00 Client 1 should have connected to backup server
2025/11/25 18:32:00 Client 2 should have connected to backup server
2025/11/25 18:32:00 Client 1 should have connected to backup server
2025/11/25 18:32:01 Client 2 should have connected to backup server
2025/11/25 18:32:01 Client 1 should have connected to backup server
2025/11/25 18:32:01 Client 2 should have connected to backup server
2025/11/25 18:32:01 Client 1 should have connected to backup server
2025/11/25 18:32:01 Client 2 should have connected to backup server
2025/11/25 18:32:01 Client 1 should have connected to backup server
2025/11/25 18:32:02 Client 2 should have connected to backup server
2025/11/25 18:32:02 Client 1 should have connected to backup server
2025/11/25 18:32:02 Client 2 should have connected to backup server
2025/11/25 18:32:02 Client 1 should have connected to backup server
2025/11/25 18:32:03 Client 2 should have connected to backup server
2025/11/25 18:32:03 Client 1 should have connected to backup server
2025/11/25 18:32:03 Client 2 should have connected to backup server
2025/11/25 18:32:03 Client 1 should have connected to backup server
2025/11/25 18:32:07 Server: 1 | Primary server lost connection to backup 
2025/11/25 18:32:07 Server: 1 | local_update_auction_state connection to backup server not active 
2025/11/25 18:32:07 ------ Round 4 of auction is over, winning bid: 0 by client: -1  ------------ 
2025/11/25 18:32:07 Client 2 should have connected to backup server
2025/11/25 18:32:07 Client 1 should have connected to backup server
2025/11/25 18:32:08 Client 2 should have connected to backup server
2025/11/25 18:32:08 Client 1 should have connected to backup server
2025/11/25 18:32:08 Client 2 should have connected to backup server
2025/11/25 18:32:09 Client 1 should have connected to backup server
2025/11/25 18:32:09 Client 2 should have connected to backup server
2025/11/25 18:32:09 Client 1 should have connected to backup server
2025/11/25 18:32:09 Client 2 should have connected to backup server
2025/11/25 18:32:09 Client 1 should have connected to backup server
2025/11/25 18:32:10 Client 2 should have connected to backup server
2025/11/25 18:32:10 Client 1 should have connected to backup server
2025/11/25 18:32:10 Client 2 should have connected to backup server
2025/11/25 18:32:10 Client 1 should have connected to backup server
2025/11/25 18:32:11 Client 2 should have connected to backup server
2025/11/25 18:32:11 Client 1 should have connected to backup server
2025/11/25 18:32:11 Client 2 should have connected to backup server
2025/11/25 18:32:11 Client 1 should have connected to backup server
2025/11/25 18:32:11 Client 2 should have connected to backup server
2025/11/25 18:32:12 Client 1 should have connected to backup server
2025/11/25 18:32:12 Client 2 should have connected to backup server
2025/11/25 18:32:12 Client 1 should have connected to backup server
2025/11/25 18:32:12 Client 2 should have connected to backup server
2025/11/25 18:32:12 Client 1 should have connected to backup server
2025/11/25 18:32:12 Client 2 should have connected to backup server
2025/11/25 18:32:13 Client 1 should have connected to backup server
2025/11/25 18:32:13 Client 2 should have connected to backup server
2025/11/25 18:32:13 Client 1 should have connected to backup server
2025/11/25 18:32:13 ------ The auction is now over! ------------ 
2025/11/25 18:32:13 Client 2 should have connected to backup server
2025/11/25 18:32:13 Client 1 should have connected to backup server
2025/11/25 18:32:14 Client 2 should have connected to backup server
2025/11/25 18:32:14 Client 1 should have connected to backup server
2025/11/25 18:32:14 Client 2 should have connected to backup server
2025/11/25 18:32:14 Client 1 should have connected to backup server
2025/11/25 18:32:14 Client 2 should have connected to backup server
2025/11/25 18:32:15 Client 1 should have connected to backup server
2025/11/25 18:32:19 Client 2 should have connected to backup server
2025/11/25 18:32:19 Client 1 should have connected to backup server
2025/11/25 18:32:19 Client 2 should have connected to backup server
2025/11/25 18:32:19 Client 1 should have connected to backup server
2025/11/25 18:32:19 Client 2 should have connected to backup server
2025/11/25 18:32:20 Client 1 should have connected to backup server
2025/11/25 18:32:20 Client 2 should have connected to backup server
2025/11/25 18:32:20 Client 1 should have connected to backup server
2025/11/25 18:32:20 Client 2 should have connected to backup server
2025/11/25 18:32:20 Client 1 should have connected to backup server
2025/11/25 18:32:21 Client 2 should have connected to backup server
2025/11/25 18:32:21 Client 1 should have connected to backup server
2025/11/25 18:32:21 Client 2 should have connected to backup server
2025/11/25 18:32:21 Client 1 should have connected to backup server
2025/11/25 18:32:21 Client 2 should have connected to backup server
2025/11/25 18:32:22 Client 1 should have connected to backup server
2025/11/25 18:32:22 Client 2 should have connected to backup server
2025/11/25 18:32:22 Client 1 should have connected to backup server
2025/11/25 18:32:22 Client 2 should have connected to backup server
2025/11/25 18:32:22 Client 1 should have connected to backup server
2025/11/25 18:32:22 Client 2 should have connected to backup server
2025/11/25 18:32:23 Client 1 should have connected to backup server
2025/11/25 18:32:23 Client 2 should have connected to backup server
2025/11/25 18:32:23 Client 1 should have connected to backup server
2025/11/25 18:32:23 Client 2 should have connected to backup server
2025/11/25 18:32:23 Client 1 should have connected to backup server
2025/11/25 18:32:23 Client 2 should have connected to backup server
2025/11/25 18:32:24 Client 1 should have connected to backup server
2025/11/25 18:32:24 Client 2 should have connected to backup server
2025/11/25 18:32:24 Client 1 should have connected to backup server
2025/11/25 18:32:25 Client 2 should have connected to backup server
2025/11/25 18:32:25 Client 1 should have connected to backup server
2025/11/25 18:32:25 Client 2 should have connected to backup server
2025/11/25 18:32:26 Client 1 should have connected to backup server
2025/11/25 18:32:26 Client 2 should have connected to backup server
2025/11/25 18:32:26 Client 1 should have connected to backup server
2025/11/25 18:32:26 Client 2 should have connected to backup server
2025/11/25 18:32:26 Client 1 should have connected to backup server
2025/11/25 18:32:26 Client 2 should have connected to backup server
2025/11/25 18:32:27 Client 1 should have connected to backup server
2025/11/25 18:32:27 Client 2 should have connected to backup server
2025/11/25 18:32:27 Client 1 should have connected to backup server
2025/11/25 18:32:27 Client 2 should have connected to backup server
2025/11/25 18:32:27 Client 1 should have connected to backup server
2025/11/25 18:32:28 Client 2 should have connected to backup server
2025/11/25 18:32:28 Client 1 should have connected to backup server
2025/11/25 18:32:28 Client 2 should have connected to backup server
2025/11/25 18:32:28 Client 1 should have connected to backup server
2025/11/25 18:32:29 Client 2 should have connected to backup server
2025/11/25 18:32:29 Client 1 should have connected to backup server
2025/11/25 18:32:29 Client 2 should have connected to backup server
2025/11/25 18:32:33 Client 1 should have connected to backup server
2025/11/25 18:32:33 Client 2 should have connected to backup server
2025/11/25 18:32:34 Client 1 should have connected to backup server
2025/11/25 18:32:34 Client 2 should have connected to backup server
2025/11/25 18:32:34 Client 1 should have connected to backup server
2025/11/25 18:32:34 Client 2 should have connected to backup server
2025/11/25 18:32:34 Client 1 should have connected to backup server
2025/11/25 18:32:35 Client 2 should have connected to backup server
2025/11/25 18:32:35 Client 1 should have connected to backup server
2025/11/25 18:32:35 Client 2 should have connected to backup server
2025/11/25 18:32:35 Client 1 should have connected to backup server
2025/11/25 18:32:37 Client 2 should have connected to backup server
2025/11/25 18:32:38 Client 1 should have connected to backup server
2025/11/25 18:32:38 Client 2 should have connected to backup server
2025/11/25 18:32:38 Client 1 should have connected to backup server
2025/11/25 18:32:38 Client 2 should have connected to backup server
2025/11/25 18:32:40 Client 1 should have connected to backup server
2025/11/25 18:32:41 Client 2 should have connected to backup server
2025/11/25 18:32:41 Client 1 should have connected to backup server
2025/11/25 18:32:42 Client 2 should have connected to backup server
2025/11/25 18:32:42 Client 1 should have connected to backup server
2025/11/25 18:32:42 Client 2 should have connected to backup server
2025/11/25 18:32:42 Client 1 should have connected to backup server
2025/11/25 18:32:43 Client 2 should have connected to backup server
2025/11/25 18:32:43 Client 1 should have connected to backup server
2025/11/25 18:32:43 Client 2 should have connected to backup server
2025/11/25 18:32:43 Client 1 should have connected to backup server
2025/11/25 18:32:43 Client 2 should have connected to backup server
2025/11/25 18:32:43 Client 1 should have connected to backup server
2025/11/25 18:32:44 Client 2 should have connected to backup server
2025/11/25 18:32:44 Client 1 should have connected to backup server
2025/11/25 18:32:44 Client 2 should have connected to backup server
2025/11/25 18:32:44 Client 1 should have connected to backup server
2025/11/25 18:32:44 Client 2 should have connected to backup server
2025/11/25 18:32:45 Client 1 should have connected to backup server
2025/11/25 18:32:45 Client 2 should have connected to backup server
2025/11/25 18:32:45 Client 1 should have connected to backup server
2025/11/25 18:32:45 Client 2 should have connected to backup server
2025/11/25 18:32:45 Client 1 should have connected to backup server
2025/11/25 18:32:45 Client 2 should have connected to backup server
2025/11/25 18:32:46 Client 1 should have connected to backup server
2025/11/25 18:32:46 Client 2 should have connected to backup server
2025/11/25 18:32:46 Client 1 should have connected to backup server
2025/11/25 18:32:46 Client 2 should have connected to backup server
2025/11/25 18:32:46 Client 1 should have connected to backup server
2025/11/25 18:32:47 Client 2 should have connected to backup server
2025/11/25 18:32:47 Client 1 should have connected to backup server
2025/11/25 18:32:47 Client 2 should have connected to backup server
2025/11/25 18:32:47 Client 1 should have connected to backup server
2025/11/25 18:32:47 Client 2 should have connected to backup server
2025/11/25 18:32:47 Client 1 should have connected to backup server
2025/11/25 18:32:48 Client 2 should have connected to backup server
2025/11/25 18:32:48 Client 1 should have connected to backup server
2025/11/25 18:32:48 Client 2 should have connected to backup server
2025/11/25 18:32:48 Client 1 should have connected to backup server
2025/11/25 18:32:48 Client 2 should have connected to backup server
2025/11/25 18:32:48 Client 1 should have connected to backup server
2025/11/25 18:32:49 Client 2 should have connected to backup server
2025/11/25 18:32:49 Client 1 should have connected to backup server
2025/11/25 18:32:49 Client 2 should have connected to backup server
2025/11/25 18:32:49 Client 1 should have connected to backup server
2025/11/25 18:32:49 Client 2 should have connected to backup server
2025/11/25 18:32:50 Client 1 should have connected to backup server
2025/11/25 18:32:50 Client 2 should have connected to backup server
2025/11/25 18:32:50 Client 1 should have connected to backup server
2025/11/25 18:32:50 Client 2 should have connected to backup server
2025/11/25 18:32:50 Client 1 should have connected to backup server
2025/11/25 18:32:51 Client 2 should have connected to backup server
2025/11/25 18:32:51 Client 1 should have connected to backup server
2025/11/25 18:32:51 Client 2 should have connected to backup server
2025/11/25 18:32:51 Client 1 should have connected to backup server
2025/11/25 18:32:51 Client 2 should have connected to backup server
2025/11/25 18:32:52 Client 1 should have connected to backup server
2025/11/25 18:32:52 Client 2 should have connected to backup server
2025/11/25 18:32:52 Client 1 should have connected to backup server
2025/11/25 18:32:52 Client 2 should have connected to backup server
2025/11/25 18:32:53 Client 1 should have connected to backup server
2025/11/25 18:32:54 Client 2 should have connected to backup server
2025/11/25 18:32:54 Client 1 should have connected to backup server
2025/11/25 18:32:54 Client 2 should have connected to backup server
2025/11/25 18:32:54 Client 1 should have connected to backup server
2025/11/25 18:32:55 Client 2 should have connected to backup server
2025/11/25 18:32:55 Client 1 should have connected to backup server
2025/11/25 18:32:55 Client 2 should have connected to backup server
2025/11/25 18:32:56 Client 1 should have connected to backup server
2025/11/25 18:32:56 Client 2 should have connected to backup server
2025/11/25 18:32:56 Client 1 should have connected to backup server
2025/11/25 18:32:57 Client 2 should have connected to backup server
2025/11/25 18:32:57 Client 1 should have connected to backup server
2025/11/25 18:32:57 Client 2 should have connected to backup server
2025/11/25 18:32:58 Client 1 should have connected to backup server
2025/11/25 18:32:58 Client 2 should have connected to backup server
2025/11/25 18:33:02 Client 1 should have connected to backup server
2025/11/25 18:33:02 Client 2 should have connected to backup server
2025/11/25 18:33:02 Client 1 should have connected to backup server
2025/11/25 18:33:03 Client 2 should have connected to backup server
2025/11/25 18:33:03 Client 1 should have connected to backup server
2025/11/25 18:33:03 Client 2 should have connected to backup server
2025/11/25 18:33:04 Client 1 should have connected to backup server
2025/11/25 18:33:04 Client 2 should have connected to backup server
2025/11/25 18:33:04 Client 1 should have connected to backup server
2025/11/25 18:33:04 Client 2 should have connected to backup server
2025/11/25 18:33:05 Client 1 should have connected to backup server
2025/11/25 18:33:05 Client 2 should have connected to backup server
2025/11/25 18:33:05 Client 1 should have connected to backup server
2025/11/25 18:33:07 Client 2 should have connected to backup server
2025/11/25 18:33:08 Client 1 should have connected to backup server
2025/11/25 18:33:08 Client 2 should have connected to backup server
2025/11/25 18:33:08 Client 1 should have connected to backup server
2025/11/25 18:33:08 Client 2 should have connected to backup server
2025/11/25 18:33:09 Client 1 should have connected to backup server
2025/11/25 18:33:10 Client 2 should have connected to backup server
2025/11/25 18:33:10 Client 1 should have connected to backup server
2025/11/25 18:33:10 Client 2 should have connected to backup server
2025/11/25 18:33:10 Client 1 should have connected to backup server
2025/11/25 18:33:10 Client 2 should have connected to backup server
2025/11/25 18:33:10 Client 1 should have connected to backup server
2025/11/25 18:33:11 Client 2 should have connected to backup server
2025/11/25 18:33:11 Client 1 should have connected to backup server
2025/11/25 18:33:11 Client 2 should have connected to backup server
2025/11/25 18:33:11 Client 1 should have connected to backup server
2025/11/25 18:33:11 Client 2 should have connected to backup server
2025/11/25 18:33:11 Client 1 should have connected to backup server
2025/11/25 18:33:12 Client 2 should have connected to backup server
2025/11/25 18:33:12 Client 1 should have connected to backup server
2025/11/25 18:33:12 Client 2 should have connected to backup server
2025/11/25 18:33:12 Client 1 should have connected to backup server
2025/11/25 18:33:12 Client 2 should have connected to backup server
2025/11/25 18:33:13 Client 1 should have connected to backup server
2025/11/25 18:33:13 Client 2 should have connected to backup server
2025/11/25 18:33:16 Client 1 should have connected to backup server
2025/11/25 18:33:16 Client 2 should have connected to backup server
2025/11/25 18:33:16 Client 1 should have connected to backup server
2025/11/25 18:33:20 Client 2 should have connected to backup server
2025/11/25 18:33:21 Client 1 should have connected to backup server
2025/11/25 18:33:21 Client 2 should have connected to backup server
2025/11/25 18:33:21 Client 1 should have connected to backup server
2025/11/25 18:33:21 Client 2 should have connected to backup server
2025/11/25 18:33:21 Client 1 should have connected to backup server
2025/11/25 18:33:22 Client 2 should have connected to backup server
2025/11/25 18:33:22 Client 1 should have connected to backup server
2025/11/25 18:33:25 Client 2 should have connected to backup server
2025/11/25 18:33:25 Client 1 should have connected to backup server
2025/11/25 18:33:25 Client 2 should have connected to backup server
2025/11/25 18:33:25 Client 1 should have connected to backup server
2025/11/25 18:33:26 Client 2 should have connected to backup server
2025/11/25 18:33:26 Client 1 should have connected to backup server
2025/11/25 18:33:26 Client 2 should have connected to backup server
2025/11/25 18:33:26 Client 1 should have connected to backup server
2025/11/25 18:33:26 Client 2 should have connected to backup server
2025/11/25 18:33:26 Client 1 should have connected to backup server
2025/11/25 18:33:27 Client 2 should have connected to backup server
2025/11/25 18:33:27 Client 1 should have connected to backup server
2025/11/25 18:33:27 Client 2 should have connected to backup server
2025/11/25 18:33:27 Client 1 should have connected to backup server
2025/11/25 18:33:27 Client 2 should have connected to backup server
2025/11/25 18:33:28 Client 1 should have connected to backup server
2025/11/25 18:33:28 Client 2 should have connected to backup server
2025/11/25 18:33:28 Client 1 should have connected to backup server
2025/11/25 18:33:28 Client 2 should have connected to backup server
2025/11/25 18:33:28 Client 1 should have connected to backup server
2025/11/25 18:33:28 Client 2 should have connected to backup server
2025/11/25 18:33:29 Client 1 should have connected to backup server
2025/11/25 18:33:29 Client 2 should have connected to backup server
2025/11/25 18:33:29 Client 1 should have connected to backup server
2025/11/25 18:33:29 Client 2 should have connected to backup server
2025/11/25 18:33:29 Client 1 should have connected to backup server
2025/11/25 18:33:30 Client 2 should have connected to backup server
2025/11/25 18:33:32 Client 1 should have connected to backup server
2025/11/25 18:33:32 Client 2 should have connected to backup server
2025/11/25 18:33:32 Client 1 should have connected to backup server
2025/11/25 18:33:32 Client 2 should have connected to backup server
2025/11/25 18:33:32 Client 1 should have connected to backup server
2025/11/25 18:33:33 Client 2 should have connected to backup server
2025/11/25 18:33:33 Client 1 should have connected to backup server
2025/11/25 18:33:33 Client 2 should have connected to backup server
2025/11/25 18:33:33 Client 1 should have connected to backup server
2025/11/25 18:33:33 Client 2 should have connected to backup server
2025/11/25 18:33:33 Client 1 should have connected to backup server
2025/11/25 18:33:34 Client 2 should have connected to backup server
2025/11/25 18:33:34 Client 1 should have connected to backup server
2025/11/25 18:33:34 Client 2 should have connected to backup server
2025/11/25 18:33:34 Client 1 should have connected to backup server
2025/11/25 18:33:34 Client 2 should have connected to backup server
2025/11/25 18:33:34 Client 1 should have connected to backup server
2025/11/25 18:33:34 Client 2 should have connected to backup server
2025/11/25 18:33:35 Client 1 should have connected to backup server
2025/11/25 18:33:35 Client 2 should have connected to backup server
2025/11/25 18:33:35 Client 1 should have connected to backup server
2025/11/25 18:33:35 Client 2 should have connected to backup server
2025/11/25 18:33:36 Client 1 should have connected to backup server
2025/11/25 18:33:36 Client 2 should have connected to backup server
2025/11/25 18:33:36 Client 1 should have connected to backup server
2025/11/25 18:33:36 Client 2 should have connected to backup server
2025/11/25 18:33:36 Client 1 should have connected to backup server
2025/11/25 18:33:36 Client 2 should have connected to backup server
2025/11/25 18:33:37 Client 1 should have connected to backup server
2025/11/25 18:33:37 Client 2 should have connected to backup server
2025/11/25 18:33:37 Client 1 should have connected to backup server
2025/11/25 18:33:37 Client 2 should have connected to backup server
2025/11/25 18:33:37 Client 1 should have connected to backup server
2025/11/25 18:33:37 Client 2 should have connected to backup server
2025/11/25 18:33:38 Client 1 should have connected to backup server
2025/11/25 18:33:38 Client 2 should have connected to backup server
2025/11/25 18:33:38 Client 1 should have connected to backup server
2025/11/25 18:33:38 Client 2 should have connected to backup server
2025/11/25 18:33:38 Client 1 should have connected to backup server
2025/11/25 18:33:38 Client 2 should have connected to backup server
2025/11/25 18:33:39 Client 1 should have connected to backup server
2025/11/25 18:33:39 Client 2 should have connected to backup server
2025/11/25 18:33:39 Client 1 should have connected to backup server
2025/11/25 18:33:39 Client 2 should have connected to backup server
2025/11/25 18:33:39 Client 1 should have connected to backup server
2025/11/25 18:33:39 Client 2 should have connected to backup server
2025/11/25 18:33:40 Client 1 should have connected to backup server
2025/11/25 18:33:40 Client 2 should have connected to backup server
2025/11/25 18:33:40 Client 1 should have connected to backup server
2025/11/25 18:33:40 Client 2 should have connected to backup server
2025/11/25 18:33:41 Client 1 should have connected to backup server
2025/11/25 18:33:41 Client 2 should have connected to backup server
2025/11/25 18:33:41 Client 1 should have connected to backup server
2025/11/25 18:33:41 Client 2 should have connected to backup server
2025/11/25 18:33:41 Client 1 should have connected to backup server
2025/11/25 18:33:41 Client 2 should have connected to backup server
2025/11/25 18:33:42 Client 1 should have connected to backup server
2025/11/25 18:33:42 Client 2 should have connected to backup server
2025/11/25 18:33:46 Client 1 should have connected to backup server
2025/11/25 18:33:46 Client 2 should have connected to backup server
2025/11/25 18:33:50 Client 1 should have connected to backup server
2025/11/25 18:33:50 Client 2 should have connected to backup server
2025/11/25 18:33:51 Client 1 should have connected to backup server
2025/11/25 18:33:51 Client 2 should have connected to backup server
2025/11/25 18:33:51 Client 1 should have connected to backup server
2025/11/25 18:33:51 Client 2 should have connected to backup server
2025/11/25 18:33:52 Client 1 should have connected to backup server
2025/11/25 18:33:52 Client 2 should have connected to backup server
2025/11/25 18:33:52 Client 1 should have connected to backup server
2025/11/25 18:33:52 Client 2 should have connected to backup server
2025/11/25 18:33:56 Client 1 should have connected to backup server
2025/11/25 18:33:56 Client 2 should have connected to backup server
2025/11/25 18:33:57 Client 1 should have connected to backup server
2025/11/25 18:33:57 Client 2 should have connected to backup server
2025/11/25 18:33:57 Client 1 should have connected to backup server
2025/11/25 18:33:57 Client 2 should have connected to backup server
2025/11/25 18:33:58 Client 2 should have connected to backup server
2025/11/25 18:33:58 Client 2 should have connected to backup server
2025/11/25 18:33:58 Client 2 should have connected to backup server
2025/11/25 18:33:59 Client 2 should have connected to backup server
2025/11/25 18:33:59 Client 2 should have connected to backup server
2025/11/25 18:33:59 Client 2 should have connected to backup server
2025/11/25 18:34:00 Client 2 should have connected to backup server
2025/11/25 18:34:00 Client 2 should have connected to backup server
2025/11/25 18:34:01 Client 2 should have connected to backup server
2025/11/25 18:34:01 Client 2 should have connected to backup server
