2025/11/25 18:48:21 Starting Auction Client 1...
2025/11/25 18:48:35 Starting Auction Server...
2025/11/25 18:48:35 Auction Server 1 listening on port 5050
2025/11/25 18:48:38 Starting Auction Server...
2025/11/25 18:48:38 Backup Auction Server 3 listening on port 6060
2025/11/25 18:48:40 Server: 1 | Primary server connection to Backup server created, state: READY 
2025/11/25 18:48:40 Primary: reset auction values, bid = -1 and bidderId = 0  
2025/11/25 18:48:40 Server: 3 | Backup: updating auction values, bid = 0 and bidderId = -1 
2025/11/25 18:48:40 Server: 3 | Backup Server, old Auction ongoing: false new Auction ongoing: true 
2025/11/25 18:48:40 Server: 1 | Backup Server updated at the start of auction round 
2025/11/25 18:48:40 ------ Round 0 of auction has begun ------------ 
2025/11/25 18:48:41 Starting Auction Client 1...
2025/11/25 18:48:41 Server: 1 | Updated map in backup: %!(EXTRA map[int32]bool=map[1:true])
2025/11/25 18:48:41 Server: 3 | Backup Server, updating registered client 
2025/11/25 18:48:41 Server: 3 | Updated map in back up: map[1:true]
2025/11/25 18:48:41 Server: 1 | Primary: updating auction values, bid = 1 and bidderId = 37 
2025/11/25 18:48:41 Server: 3 | Backup: updating auction values, bid = 1 and bidderId = 37 
2025/11/25 18:48:41 Tried to place bid, error was: <nil> 
2025/11/25 18:48:41 Client 1 | res is: SUCCESS 
2025/11/25 18:48:41 SUCCESS: Client 1 placed a bid of 37 
2025/11/25 18:48:42 Server: 1 | Primary: updating auction values, bid = 1 and bidderId = 57 
2025/11/25 18:48:42 Server: 3 | Backup: updating auction values, bid = 1 and bidderId = 57 
2025/11/25 18:48:42 Tried to place bid, error was: <nil> 
2025/11/25 18:48:42 Client 1 | res is: SUCCESS 
2025/11/25 18:48:42 SUCCESS: Client 1 placed a bid of 57 
2025/11/25 18:48:43 Starting Auction Client 2...
2025/11/25 18:48:43 Server: 1 | Primary: updating auction values, bid = 1 and bidderId = 84 
2025/11/25 18:48:43 Server: 3 | Backup: updating auction values, bid = 1 and bidderId = 84 
2025/11/25 18:48:43 Tried to place bid, error was: <nil> 
2025/11/25 18:48:43 Client 1 | res is: SUCCESS 
2025/11/25 18:48:43 SUCCESS: Client 1 placed a bid of 84 
2025/11/25 18:48:43 Server: 1 | Updated map in backup: %!(EXTRA map[int32]bool=map[1:true 2:true])
2025/11/25 18:48:43 Server: 3 | Backup Server, updating registered client 
2025/11/25 18:48:43 Server: 3 | Updated map in back up: map[1:true 2:true]
2025/11/25 18:48:43 Server: 1 | Primary: updating auction values, bid = 2 and bidderId = 117 
2025/11/25 18:48:43 Server: 3 | Backup: updating auction values, bid = 2 and bidderId = 117 
2025/11/25 18:48:43 Tried to place bid, error was: <nil> 
2025/11/25 18:48:43 Client 2 | res is: SUCCESS 
2025/11/25 18:48:43 SUCCESS: Client 2 placed a bid of 117 
2025/11/25 18:48:44 Server: 1 | Primary: updating auction values, bid = 1 and bidderId = 156 
2025/11/25 18:48:44 Server: 3 | Backup: updating auction values, bid = 1 and bidderId = 156 
2025/11/25 18:48:44 Tried to place bid, error was: <nil> 
2025/11/25 18:48:44 Client 1 | res is: SUCCESS 
2025/11/25 18:48:44 SUCCESS: Client 1 placed a bid of 156 
2025/11/25 18:48:44 Server: 1 | Primary: updating auction values, bid = 2 and bidderId = 169 
2025/11/25 18:48:44 Server: 3 | Backup: updating auction values, bid = 2 and bidderId = 169 
2025/11/25 18:48:44 Tried to place bid, error was: <nil> 
2025/11/25 18:48:44 Client 2 | res is: SUCCESS 
2025/11/25 18:48:44 SUCCESS: Client 2 placed a bid of 169 
2025/11/25 18:48:45 Server: 1 | Primary: updating auction values, bid = 1 and bidderId = 170 
2025/11/25 18:48:45 Server: 3 | Backup: updating auction values, bid = 1 and bidderId = 170 
2025/11/25 18:48:45 Tried to place bid, error was: <nil> 
2025/11/25 18:48:45 Client 1 | res is: SUCCESS 
2025/11/25 18:48:45 SUCCESS: Client 1 placed a bid of 170 
2025/11/25 18:48:45 Server: 1 | Primary: updating auction values, bid = 2 and bidderId = 206 
2025/11/25 18:48:45 Server: 3 | Backup: updating auction values, bid = 2 and bidderId = 206 
2025/11/25 18:48:45 Tried to place bid, error was: <nil> 
2025/11/25 18:48:45 Client 2 | res is: SUCCESS 
2025/11/25 18:48:45 SUCCESS: Client 2 placed a bid of 206 
2025/11/25 18:48:46 Server: 1 | Primary: updating auction values, bid = 1 and bidderId = 211 
2025/11/25 18:48:46 Server: 3 | Backup: updating auction values, bid = 1 and bidderId = 211 
2025/11/25 18:48:46 Tried to place bid, error was: <nil> 
2025/11/25 18:48:46 Client 1 | res is: SUCCESS 
2025/11/25 18:48:46 SUCCESS: Client 1 placed a bid of 211 
2025/11/25 18:48:46 Server: 1 | Primary: updating auction values, bid = 2 and bidderId = 236 
2025/11/25 18:48:46 Server: 3 | Backup: updating auction values, bid = 2 and bidderId = 236 
2025/11/25 18:48:46 Tried to place bid, error was: <nil> 
2025/11/25 18:48:46 Client 2 | res is: SUCCESS 
2025/11/25 18:48:46 SUCCESS: Client 2 placed a bid of 236 
2025/11/25 18:48:47 Server: 1 | Primary: updating auction values, bid = 1 and bidderId = 266 
2025/11/25 18:48:47 Server: 3 | Backup: updating auction values, bid = 1 and bidderId = 266 
2025/11/25 18:48:47 Tried to place bid, error was: <nil> 
2025/11/25 18:48:47 Client 1 | res is: SUCCESS 
2025/11/25 18:48:47 SUCCESS: Client 1 placed a bid of 266 
2025/11/25 18:48:47 Server: 1 | Primary: updating auction values, bid = 2 and bidderId = 308 
2025/11/25 18:48:47 Server: 3 | Backup: updating auction values, bid = 2 and bidderId = 308 
2025/11/25 18:48:47 Tried to place bid, error was: <nil> 
2025/11/25 18:48:47 Client 2 | res is: SUCCESS 
2025/11/25 18:48:47 SUCCESS: Client 2 placed a bid of 308 
2025/11/25 18:48:48 Server: 1 | Primary: updating auction values, bid = 1 and bidderId = 351 
2025/11/25 18:48:48 Server: 3 | Backup: updating auction values, bid = 1 and bidderId = 351 
2025/11/25 18:48:48 Tried to place bid, error was: <nil> 
2025/11/25 18:48:48 Client 1 | res is: SUCCESS 
2025/11/25 18:48:48 SUCCESS: Client 1 placed a bid of 351 
2025/11/25 18:48:48 Server: 1 | Primary: updating auction values, bid = 2 and bidderId = 358 
2025/11/25 18:48:48 Server: 3 | Backup: updating auction values, bid = 2 and bidderId = 358 
2025/11/25 18:48:48 Tried to place bid, error was: <nil> 
2025/11/25 18:48:48 Client 2 | res is: SUCCESS 
2025/11/25 18:48:48 SUCCESS: Client 2 placed a bid of 358 
2025/11/25 18:48:49 Server: 1 | Primary: updating auction values, bid = 1 and bidderId = 376 
2025/11/25 18:48:49 Server: 3 | Backup: updating auction values, bid = 1 and bidderId = 376 
2025/11/25 18:48:49 Tried to place bid, error was: <nil> 
2025/11/25 18:48:49 Client 1 | res is: SUCCESS 
2025/11/25 18:48:49 SUCCESS: Client 1 placed a bid of 376 
2025/11/25 18:48:49 Server: 1 | Primary: updating auction values, bid = 2 and bidderId = 417 
2025/11/25 18:48:49 Server: 3 | Backup: updating auction values, bid = 2 and bidderId = 417 
2025/11/25 18:48:49 Tried to place bid, error was: <nil> 
2025/11/25 18:48:49 Client 2 | res is: SUCCESS 
2025/11/25 18:48:49 SUCCESS: Client 2 placed a bid of 417 
2025/11/25 18:48:50 Server: 3 | Backup Server, old Auction ongoing: true new Auction ongoing: false 
2025/11/25 18:48:50 Server: 1 | Backup Server updated at the end of auction round 
2025/11/25 18:48:50 ------ Round 0 of auction is over, winning bid: 417 by client: 2  ------------ 
2025/11/25 18:48:56 Primary: reset auction values, bid = -1 and bidderId = 0  
2025/11/25 18:48:56 Server: 3 | Backup: updating auction values, bid = 0 and bidderId = -1 
2025/11/25 18:48:56 Server: 3 | Backup Server, old Auction ongoing: false new Auction ongoing: true 
2025/11/25 18:48:56 Server: 1 | Backup Server updated at the start of auction round 
2025/11/25 18:48:56 ------ Round 1 of auction has begun ------------ 
2025/11/25 18:48:56 Server: 1 | Primary: updating auction values, bid = 1 and bidderId = 43 
2025/11/25 18:48:56 Server: 3 | Backup: updating auction values, bid = 1 and bidderId = 43 
2025/11/25 18:48:56 Tried to place bid, error was: <nil> 
2025/11/25 18:48:56 Client 1 | res is: SUCCESS 
2025/11/25 18:48:56 SUCCESS: Client 1 placed a bid of 43 
2025/11/25 18:48:57 Server: 1 | Primary: updating auction values, bid = 2 and bidderId = 65 
2025/11/25 18:48:57 Server: 3 | Backup: updating auction values, bid = 2 and bidderId = 65 
2025/11/25 18:48:57 Tried to place bid, error was: <nil> 
2025/11/25 18:48:57 Client 2 | res is: SUCCESS 
2025/11/25 18:48:57 SUCCESS: Client 2 placed a bid of 65 
2025/11/25 18:48:57 Server: 1 | Primary: updating auction values, bid = 1 and bidderId = 113 
2025/11/25 18:48:57 Server: 3 | Backup: updating auction values, bid = 1 and bidderId = 113 
2025/11/25 18:48:57 Tried to place bid, error was: <nil> 
2025/11/25 18:48:57 Client 1 | res is: SUCCESS 
2025/11/25 18:48:57 SUCCESS: Client 1 placed a bid of 113 
2025/11/25 18:48:58 Server: 1 | Primary: updating auction values, bid = 2 and bidderId = 146 
2025/11/25 18:48:58 Server: 3 | Backup: updating auction values, bid = 2 and bidderId = 146 
2025/11/25 18:48:58 Tried to place bid, error was: <nil> 
2025/11/25 18:48:58 Client 2 | res is: SUCCESS 
2025/11/25 18:48:58 SUCCESS: Client 2 placed a bid of 146 
2025/11/25 18:48:58 Server: 1 | Primary: updating auction values, bid = 1 and bidderId = 152 
2025/11/25 18:48:58 Server: 3 | Backup: updating auction values, bid = 1 and bidderId = 152 
2025/11/25 18:48:58 Tried to place bid, error was: <nil> 
2025/11/25 18:48:58 Client 1 | res is: SUCCESS 
2025/11/25 18:48:58 SUCCESS: Client 1 placed a bid of 152 
2025/11/25 18:48:59 Server: 1 | Primary: updating auction values, bid = 2 and bidderId = 172 
2025/11/25 18:48:59 Server: 3 | Backup: updating auction values, bid = 2 and bidderId = 172 
2025/11/25 18:48:59 Tried to place bid, error was: <nil> 
2025/11/25 18:48:59 Client 2 | res is: SUCCESS 
2025/11/25 18:48:59 SUCCESS: Client 2 placed a bid of 172 
2025/11/25 18:48:59 Client 1: Failed to get result from grpc call: rpc error: code = Unavailable desc = connection error: desc = "transport: Error while dialing: dial tcp 127.0.0.1:5050: connect: connection refused" 
2025/11/25 18:49:00 Client 2: Failed to get result from grpc call: rpc error: code = Unavailable desc = connection error: desc = "transport: Error while dialing: dial tcp 127.0.0.1:5050: connect: connection refused" 
2025/11/25 18:49:16 Starting Auction Server...
2025/11/25 18:49:16 Auction Server 1 listening on port 5050
2025/11/25 18:49:16 Server: 1 | Primary server connection to Backup server created, state: READY 
2025/11/25 18:49:16 Primary: reset auction values, bid = -1 and bidderId = 0  
2025/11/25 18:49:16 Server: 3 | Backup: updating auction values, bid = 0 and bidderId = -1 
2025/11/25 18:49:16 Server: 3 | Backup Server, old Auction ongoing: true new Auction ongoing: true 
2025/11/25 18:49:16 Server: 1 | Backup Server updated at the start of auction round 
2025/11/25 18:49:16 ------ Round 0 of auction has begun ------------ 
2025/11/25 18:49:26 Server: 3 | Backup Server, old Auction ongoing: true new Auction ongoing: false 
2025/11/25 18:49:26 Server: 1 | Backup Server updated at the end of auction round 
2025/11/25 18:49:26 ------ Round 0 of auction is over, winning bid: 0 by client: -1  ------------ 
