2025/11/26 16:04:55 Starting Auction Server...
2025/11/26 16:04:55 Auction Server 1 listening on port 5050
2025/11/26 16:04:58 Starting Auction Server...
2025/11/26 16:04:58 Backup Auction Server 2 listening on port 6060
2025/11/26 16:04:58 Server: 1 | Primary server connection to Backup server created, state: READY 
2025/11/26 16:04:58 Primary: reset auction values, bid = -1 and bidderId = 0  
2025/11/26 16:04:58 Server: 2 | Backup: updating auction values: bid = 0 and bidderId = -1 
2025/11/26 16:04:58 Server: 2 | Backup Server: old Auction ongoing: false new Auction ongoing: true 
2025/11/26 16:04:58 Server: 1 | Backup Server updated at the start of auction round 
2025/11/26 16:04:58 Server: 1 | ------ Round 0 of auction has begun ------------------------------------------ 
2025/11/26 16:05:01 Starting Auction Client 1...
2025/11/26 16:05:03 Starting Auction Client 2...
2025/11/26 16:05:06 Server: 1 | Updated map in backup: map[1:true]
2025/11/26 16:05:06 Server: 2 | Backup Server: updating registered client 
2025/11/26 16:05:06 Server: 2 | Updated map in back up: map[1:true]
2025/11/26 16:05:06 Server: 1 | Primary: updating auction values, bid = 1, bidderId = 65 
2025/11/26 16:05:06 Server: 2 | Backup: updating auction values: bid = 1 and bidderId = 65 
2025/11/26 16:05:06 Client: 1 | placed a succesful bid of 65 
2025/11/26 16:05:07 Server: 1 | Updated map in backup: map[1:true 2:true]
2025/11/26 16:05:07 Server: 2 | Backup Server: updating registered client 
2025/11/26 16:05:07 Server: 2 | Updated map in back up: map[1:true 2:true]
2025/11/26 16:05:07 Server: 1 | Primary: updating auction values, bid = 2, bidderId = 90 
2025/11/26 16:05:07 Server: 2 | Backup: updating auction values: bid = 2 and bidderId = 90 
2025/11/26 16:05:07 Client: 2 | placed a succesful bid of 90 
2025/11/26 16:05:08 Server: 1 | ------ Round 0 of auction is over: winning bid: 90 by client: 2  ------------ 
2025/11/26 16:05:08 Server: 2 | Backup Server: old Auction ongoing: true new Auction ongoing: false 
2025/11/26 16:05:08 Server: 1 | Backup Server updated at the end of auction round 
2025/11/26 16:05:16 Client: 2 | asked for result from primary server: Lost Connection: rpc error: code = Unavailable desc = connection error: desc = "transport: Error while dialing: dial tcp 127.0.0.1:5050: connect: connection refused". Will attempt to connect to backup server 
2025/11/26 16:05:16 Client: 2 | succesfully connected to backup server
2025/11/26 16:05:17 !!!-- PRIMARY SERVER CRASH. BACKUP HAS BEEN PROMOTED TO LEADER ----!!!
2025/11/26 16:05:17 Client: 1 | asked for result from primary server: Lost Connection: rpc error: code = Unavailable desc = connection error: desc = "transport: Error while dialing: dial tcp 127.0.0.1:5050: connect: connection refused". Will attempt to connect to backup server 
2025/11/26 16:05:17 Client: 1 | succesfully connected to backup server
2025/11/26 16:05:18 Server: 2 | ------ Round 1 of auction has begun ------------------------------------------ 
2025/11/26 16:05:20 Server: 2 | Backup: updating auction values bid = 2, bidderId = 73 
2025/11/26 16:05:20 Client: 2 | placed a succesful bid of 73 
2025/11/26 16:05:20 Server: 2 | Backup: updating auction values bid = 1, bidderId = 82 
2025/11/26 16:05:20 Client: 1 | placed a succesful bid of 82 
2025/11/26 16:05:21 Server: 2 | Backup: updating auction values bid = 1, bidderId = 126 
2025/11/26 16:05:21 Client: 1 | placed a succesful bid of 126 
2025/11/26 16:05:22 Server: 2 | Backup: updating auction values bid = 2, bidderId = 153 
2025/11/26 16:05:22 Client: 2 | placed a succesful bid of 153 
2025/11/26 16:05:23 Server: 2 | Backup: updating auction values bid = 2, bidderId = 169 
2025/11/26 16:05:23 Client: 2 | placed a succesful bid of 169 
2025/11/26 16:05:24 Server: 2 | Backup: updating auction values bid = 2, bidderId = 195 
2025/11/26 16:05:24 Client: 2 | placed a succesful bid of 195 
2025/11/26 16:05:24 Server: 2 | Backup: updating auction values bid = 1, bidderId = 220 
2025/11/26 16:05:24 Client: 1 | placed a succesful bid of 220 
2025/11/26 16:05:25 Server: 2 | Backup: updating auction values bid = 2, bidderId = 260 
2025/11/26 16:05:25 Client: 2 | placed a succesful bid of 260 
2025/11/26 16:05:26 Server: 2 | Backup: updating auction values bid = 1, bidderId = 289 
2025/11/26 16:05:26 Client: 1 | placed a succesful bid of 289 
2025/11/26 16:05:27 Server: 2 | Backup: updating auction values bid = 2, bidderId = 328 
2025/11/26 16:05:27 Client: 2 | placed a succesful bid of 328 
2025/11/26 16:05:28 Server: 2 | ------ Round 1 of auction is over: winning bid: 328 by client: 2  ------------ 
2025/11/26 16:05:38 Server: 2 | ------ Round 2 of auction has begun ------------------------------------------ 
2025/11/26 16:05:39 Server: 2 | Backup: updating auction values bid = 2, bidderId = 67 
2025/11/26 16:05:39 Client: 2 | placed a succesful bid of 67 
2025/11/26 16:05:39 Server: 2 | Backup: updating auction values bid = 1, bidderId = 84 
2025/11/26 16:05:39 Client: 1 | placed a succesful bid of 84 
2025/11/26 16:05:40 Server: 2 | Backup: updating auction values bid = 2, bidderId = 96 
2025/11/26 16:05:40 Client: 2 | placed a succesful bid of 96 
2025/11/26 16:05:41 Server: 2 | Backup: updating auction values bid = 1, bidderId = 123 
2025/11/26 16:05:41 Client: 1 | placed a succesful bid of 123 
2025/11/26 16:05:43 Server: 2 | Backup: updating auction values bid = 2, bidderId = 167 
2025/11/26 16:05:43 Client: 2 | placed a succesful bid of 167 
2025/11/26 16:05:43 Server: 2 | Backup: updating auction values bid = 1, bidderId = 170 
2025/11/26 16:05:43 Client: 1 | placed a succesful bid of 170 
2025/11/26 16:05:45 Server: 2 | Backup: updating auction values bid = 1, bidderId = 219 
2025/11/26 16:05:45 Client: 1 | placed a succesful bid of 219 
2025/11/26 16:05:46 Server: 2 | Backup: updating auction values bid = 2, bidderId = 260 
2025/11/26 16:05:46 Client: 2 | placed a succesful bid of 260 
2025/11/26 16:05:48 Server: 2 | ------ Round 2 of auction is over: winning bid: 260 by client: 2  ------------ 
2025/11/26 16:05:58 Server: 2 | ------ Round 3 of auction has begun ------------------------------------------ 
2025/11/26 16:05:59 Server: 2 | Backup: updating auction values bid = 2, bidderId = 47 
2025/11/26 16:05:59 Client: 2 | placed a succesful bid of 47 
2025/11/26 16:06:00 Server: 2 | Backup: updating auction values bid = 1, bidderId = 91 
2025/11/26 16:06:00 Client: 1 | placed a succesful bid of 91 
2025/11/26 16:06:01 Server: 2 | Backup: updating auction values bid = 2, bidderId = 93 
2025/11/26 16:06:01 Client: 2 | placed a succesful bid of 93 
2025/11/26 16:06:03 Server: 2 | Backup: updating auction values bid = 1, bidderId = 100 
2025/11/26 16:06:03 Client: 1 | placed a succesful bid of 100 
2025/11/26 16:06:04 Server: 2 | Backup: updating auction values bid = 2, bidderId = 131 
2025/11/26 16:06:04 Client: 2 | placed a succesful bid of 131 
2025/11/26 16:06:05 Server: 2 | Backup: updating auction values bid = 1, bidderId = 164 
2025/11/26 16:06:05 Client: 1 | placed a succesful bid of 164 
2025/11/26 16:06:07 Server: 2 | Backup: updating auction values bid = 2, bidderId = 173 
2025/11/26 16:06:07 Client: 2 | placed a succesful bid of 173 
2025/11/26 16:06:07 Server: 2 | Backup: updating auction values bid = 1, bidderId = 222 
2025/11/26 16:06:07 Client: 1 | placed a succesful bid of 222 
2025/11/26 16:06:08 Server: 2 | ------ Round 3 of auction is over: winning bid: 222 by client: 1  ------------ 
2025/11/26 16:06:18 Server: 2 | ------ Round 4 of auction has begun ------------------------------------------ 
2025/11/26 16:06:18 Server: 2 | Backup: updating auction values bid = 1, bidderId = 48 
2025/11/26 16:06:19 Client: 1 | placed a succesful bid of 48 
2025/11/26 16:06:19 Server: 2 | Backup: updating auction values bid = 2, bidderId = 68 
2025/11/26 16:06:19 Client: 2 | placed a succesful bid of 68 
2025/11/26 16:06:20 Server: 2 | Backup: updating auction values bid = 2, bidderId = 100 
2025/11/26 16:06:20 Client: 2 | placed a succesful bid of 100 
2025/11/26 16:06:21 Server: 2 | Backup: updating auction values bid = 2, bidderId = 109 
2025/11/26 16:06:21 Client: 2 | placed a succesful bid of 109 
2025/11/26 16:06:22 Server: 2 | Backup: updating auction values bid = 1, bidderId = 140 
2025/11/26 16:06:22 Client: 1 | placed a succesful bid of 140 
2025/11/26 16:06:22 Server: 2 | Backup: updating auction values bid = 2, bidderId = 188 
2025/11/26 16:06:22 Client: 2 | placed a succesful bid of 188 
2025/11/26 16:06:23 Server: 2 | Backup: updating auction values bid = 1, bidderId = 222 
2025/11/26 16:06:23 Client: 1 | placed a succesful bid of 222 
2025/11/26 16:06:24 Server: 2 | Backup: updating auction values bid = 1, bidderId = 228 
2025/11/26 16:06:24 Client: 1 | placed a succesful bid of 228 
2025/11/26 16:06:24 Server: 2 | Backup: updating auction values bid = 2, bidderId = 242 
2025/11/26 16:06:24 Client: 2 | placed a succesful bid of 242 
2025/11/26 16:06:25 Server: 2 | Backup: updating auction values bid = 1, bidderId = 265 
2025/11/26 16:06:25 Client: 1 | placed a succesful bid of 265 
2025/11/26 16:06:26 Server: 2 | Backup: updating auction values bid = 2, bidderId = 300 
2025/11/26 16:06:26 Client: 2 | placed a succesful bid of 300 
2025/11/26 16:06:27 Server: 2 | Backup: updating auction values bid = 2, bidderId = 312 
2025/11/26 16:06:27 Client: 2 | placed a succesful bid of 312 
2025/11/26 16:06:28 Server: 2 | Backup: updating auction values bid = 1, bidderId = 318 
2025/11/26 16:06:28 Client: 1 | placed a succesful bid of 318 
2025/11/26 16:06:28 Server: 2 | Backup: updating auction values bid = 2, bidderId = 343 
2025/11/26 16:06:28 Client: 2 | placed a succesful bid of 343 
2025/11/26 16:06:28 Server: 2 | ------ Round 4 of auction is over: winning bid: 343 by client: 2  ------------ 
2025/11/26 16:06:38 Server: 2 | ------ The auction is now over! ---------------------------------------------- 