2025/11/25 22:15:49 Starting Auction Server...
2025/11/25 22:15:49 Auction Server 1 listening on port 5050
2025/11/25 22:15:51 Starting Auction Server...
2025/11/25 22:15:51 Backup Auction Server 2 listening on port 6060
2025/11/25 22:15:52 Server: 1 | Primary server connection to Backup server created, state: READY 
2025/11/25 22:15:52 Primary: reset auction values, bid = -1 and bidderId = 0  
2025/11/25 22:15:52 Server: 2 | Backup: updating auction values: bid = 0 and bidderId = -1 
2025/11/25 22:15:52 Server: 2 | Backup Server: old Auction ongoing: false new Auction ongoing: true 
2025/11/25 22:15:52 Server: 1 | Backup Server updated at the start of auction round 
2025/11/25 22:15:52 ------ Round 0 of auction has begun ------------ 
2025/11/25 22:15:53 Starting Auction Client 1...
2025/11/25 22:15:54 Server: 1 | Updated map in backup: map[1:true]
2025/11/25 22:15:54 Server: 2 | Backup Server: updating registered client 
2025/11/25 22:15:54 Server: 2 | Updated map in back up: map[1:true]
2025/11/25 22:15:54 Server: 1 | Primary: updating auction values, bid = 1, bidderId = 36 
2025/11/25 22:15:54 Server: 2 | Backup: updating auction values: bid = 1 and bidderId = 36 
2025/11/25 22:15:54 Client: 1 | placed a succesful bid of 36 
2025/11/25 22:15:55 Starting Auction Client 2...
2025/11/25 22:15:55 Server: 1 | Updated map in backup: map[1:true 2:true]
2025/11/25 22:15:55 Server: 2 | Backup Server: updating registered client 
2025/11/25 22:15:55 Server: 2 | Updated map in back up: map[1:true 2:true]
2025/11/25 22:15:55 Server: 1 | Primary: updating auction values, bid = 2, bidderId = 50 
2025/11/25 22:15:55 Server: 2 | Backup: updating auction values: bid = 2 and bidderId = 50 
2025/11/25 22:15:55 Client: 2 | placed a succesful bid of 50 
2025/11/25 22:15:56 Server: 1 | Primary: updating auction values, bid = 2, bidderId = 75 
2025/11/25 22:15:56 Server: 2 | Backup: updating auction values: bid = 2 and bidderId = 75 
2025/11/25 22:15:56 Client: 2 | placed a succesful bid of 75 
2025/11/25 22:15:57 Server: 1 | Primary: updating auction values, bid = 1, bidderId = 121 
2025/11/25 22:15:57 Server: 2 | Backup: updating auction values: bid = 1 and bidderId = 121 
2025/11/25 22:15:57 Client: 1 | placed a succesful bid of 121 
2025/11/25 22:15:58 Server: 1 | Primary: updating auction values, bid = 1, bidderId = 132 
2025/11/25 22:15:58 Server: 2 | Backup: updating auction values: bid = 1 and bidderId = 132 
2025/11/25 22:15:58 Client: 1 | placed a succesful bid of 132 
2025/11/25 22:15:58 Server: 1 | Primary: updating auction values, bid = 2, bidderId = 168 
2025/11/25 22:15:58 Server: 2 | Backup: updating auction values: bid = 2 and bidderId = 168 
2025/11/25 22:15:58 Client: 2 | placed a succesful bid of 168 
2025/11/25 22:16:00 Server: 1 | Primary: updating auction values, bid = 1, bidderId = 200 
2025/11/25 22:16:00 Server: 2 | Backup: updating auction values: bid = 1 and bidderId = 200 
2025/11/25 22:16:00 Client: 1 | placed a succesful bid of 200 
2025/11/25 22:16:00 Server: 1 | Primary: updating auction values, bid = 2, bidderId = 213 
2025/11/25 22:16:00 Server: 2 | Backup: updating auction values: bid = 2 and bidderId = 213 
2025/11/25 22:16:00 Client: 2 | placed a succesful bid of 213 
2025/11/25 22:16:02 ------ Round 0 of auction is over: winning bid: 213 by client: 2  ------------ 
2025/11/25 22:16:02 Server: 2 | Backup Server: old Auction ongoing: true new Auction ongoing: false 
2025/11/25 22:16:02 Server: 1 | Backup Server updated at the end of auction round 
2025/11/25 22:16:05 Primary: reset auction values, bid = -1 and bidderId = 0  
2025/11/25 22:16:05 Server: 2 | Backup: updating auction values: bid = 0 and bidderId = -1 
2025/11/25 22:16:05 Server: 2 | Backup Server: old Auction ongoing: false new Auction ongoing: true 
2025/11/25 22:16:05 Server: 1 | Backup Server updated at the start of auction round 
2025/11/25 22:16:05 ------ Round 1 of auction has begun ------------ 
2025/11/25 22:16:05 Server: 1 | Primary: updating auction values, bid = 2, bidderId = 13 
2025/11/25 22:16:05 Server: 2 | Backup: updating auction values: bid = 2 and bidderId = 13 
2025/11/25 22:16:05 Client: 2 | placed a succesful bid of 13 
2025/11/25 22:16:06 Server: 1 | Primary: updating auction values, bid = 1, bidderId = 42 
2025/11/25 22:16:06 Server: 2 | Backup: updating auction values: bid = 1 and bidderId = 42 
2025/11/25 22:16:06 Client: 1 | placed a succesful bid of 42 
2025/11/25 22:16:06 Server: 1 | Primary: updating auction values, bid = 2, bidderId = 82 
2025/11/25 22:16:06 Server: 2 | Backup: updating auction values: bid = 2 and bidderId = 82 
2025/11/25 22:16:06 Client: 2 | placed a succesful bid of 82 
2025/11/25 22:16:07 Server: 1 | Primary: updating auction values, bid = 2, bidderId = 118 
2025/11/25 22:16:07 Server: 2 | Backup: updating auction values: bid = 2 and bidderId = 118 
2025/11/25 22:16:07 Client: 2 | placed a succesful bid of 118 
2025/11/25 22:16:08 Client: 2 | asked for result: Lost Connection to primary server: rpc error: code = Unavailable desc = connection error: desc = "transport: Error while dialing: dial tcp 127.0.0.1:5050: connect: connection refused". Will attempt to connect to backup server 
2025/11/25 22:16:08 Client: 2 | succesfully connected to backup server
2025/11/25 22:16:09 OBS!!! Primary Server Crashed. Backup Server has been promoted to Primary
2025/11/25 22:16:09 Server: 2 | Backup: updating auction values bid = 2, bidderId = 160 
2025/11/25 22:16:09 Client: 2 | placed a succesful bid of 160 
2025/11/25 22:16:09 Client: 1 | asked for result: Lost Connection to primary server: rpc error: code = Unavailable desc = connection error: desc = "transport: Error while dialing: dial tcp 127.0.0.1:5050: connect: connection refused". Will attempt to connect to backup server 
2025/11/25 22:16:09 Client: 1 | succesfully connected to backup server
2025/11/25 22:16:09 Server: 2 | Backup: updating auction values bid = 1, bidderId = 193 
2025/11/25 22:16:09 Client: 1 | placed a succesful bid of 193 
2025/11/25 22:16:11 Server: 2 | Backup: updating auction values bid = 2, bidderId = 242 
2025/11/25 22:16:11 Client: 2 | placed a succesful bid of 242 
2025/11/25 22:16:11 ------ Round 1 of auction has begun ------------ 
2025/11/25 22:16:12 Server: 2 | Backup: updating auction values bid = 1, bidderId = 193 
2025/11/25 22:16:12 Client: 1 | placed a succesful bid of 193 
2025/11/25 22:16:13 Server: 2 | Backup: updating auction values bid = 2, bidderId = 242 
2025/11/25 22:16:13 Client: 2 | placed a succesful bid of 242 
2025/11/25 22:16:14 Server: 2 | Backup: updating auction values bid = 2, bidderId = 244 
2025/11/25 22:16:14 Client: 2 | placed a succesful bid of 244 
2025/11/25 22:16:15 Server: 2 | Backup: updating auction values bid = 1, bidderId = 254 
2025/11/25 22:16:15 Client: 1 | placed a succesful bid of 254 
2025/11/25 22:16:16 Server: 2 | Backup: updating auction values bid = 2, bidderId = 275 
2025/11/25 22:16:16 Client: 2 | placed a succesful bid of 275 
2025/11/25 22:16:18 Server: 2 | Backup: updating auction values bid = 2, bidderId = 291 
2025/11/25 22:16:18 Client: 2 | placed a succesful bid of 291 
2025/11/25 22:16:18 Server: 2 | Backup: updating auction values bid = 1, bidderId = 312 
2025/11/25 22:16:18 Client: 1 | placed a succesful bid of 312 
2025/11/25 22:16:20 Server: 2 | Backup: updating auction values bid = 1, bidderId = 319 
2025/11/25 22:16:20 Client: 1 | placed a succesful bid of 319 
2025/11/25 22:16:21 Server: 2 | Backup: updating auction values bid = 2, bidderId = 340 
2025/11/25 22:16:21 Client: 2 | placed a succesful bid of 340 
2025/11/25 22:16:21 ------ Round 1 of auction is over: winning bid: 340 by client: 2  ------------ 
2025/11/25 22:16:24 ------ Round 2 of auction has begun ------------ 
2025/11/25 22:16:25 Server: 2 | Backup: updating auction values bid = 1, bidderId = 93 
2025/11/25 22:16:25 Client: 1 | placed a succesful bid of 93 
2025/11/25 22:16:26 Server: 2 | Backup: updating auction values bid = 2, bidderId = 128 
2025/11/25 22:16:26 Client: 2 | placed a succesful bid of 128 
2025/11/25 22:16:26 Server: 2 | Backup: updating auction values bid = 1, bidderId = 144 
2025/11/25 22:16:26 Client: 1 | placed a succesful bid of 144 
2025/11/25 22:16:28 Server: 2 | Backup: updating auction values bid = 2, bidderId = 163 
2025/11/25 22:16:28 Client: 2 | placed a succesful bid of 163 
2025/11/25 22:16:29 Server: 2 | Backup: updating auction values bid = 2, bidderId = 180 
2025/11/25 22:16:29 Client: 2 | placed a succesful bid of 180 
2025/11/25 22:16:29 Server: 2 | Backup: updating auction values bid = 1, bidderId = 191 
2025/11/25 22:16:29 Client: 1 | placed a succesful bid of 191 
2025/11/25 22:16:30 Server: 2 | Backup: updating auction values bid = 1, bidderId = 201 
2025/11/25 22:16:30 Client: 1 | placed a succesful bid of 201 
2025/11/25 22:16:31 Server: 2 | Backup: updating auction values bid = 2, bidderId = 214 
2025/11/25 22:16:31 Client: 2 | placed a succesful bid of 214 
2025/11/25 22:16:32 Server: 2 | Backup: updating auction values bid = 1, bidderId = 250 
2025/11/25 22:16:32 Client: 1 | placed a succesful bid of 250 
2025/11/25 22:16:33 Server: 2 | Backup: updating auction values bid = 2, bidderId = 287 
2025/11/25 22:16:33 Client: 2 | placed a succesful bid of 287 
2025/11/25 22:16:34 Server: 2 | Backup: updating auction values bid = 1, bidderId = 325 
2025/11/25 22:16:34 Client: 1 | placed a succesful bid of 325 
2025/11/25 22:16:34 ------ Round 2 of auction is over: winning bid: 325 by client: 1  ------------ 
2025/11/25 22:16:37 ------ Round 3 of auction has begun ------------ 
2025/11/25 22:16:39 Server: 2 | Backup: updating auction values bid = 2, bidderId = 91 
2025/11/25 22:16:39 Client: 2 | placed a succesful bid of 91 
2025/11/25 22:16:39 Server: 2 | Backup: updating auction values bid = 1, bidderId = 92 
2025/11/25 22:16:39 Client: 1 | placed a succesful bid of 92 
2025/11/25 22:16:41 Server: 2 | Backup: updating auction values bid = 2, bidderId = 118 
2025/11/25 22:16:41 Client: 2 | placed a succesful bid of 118 
2025/11/25 22:16:42 Server: 2 | Backup: updating auction values bid = 1, bidderId = 156 
2025/11/25 22:16:42 Client: 1 | placed a succesful bid of 156 
2025/11/25 22:16:43 Server: 2 | Backup: updating auction values bid = 2, bidderId = 205 
2025/11/25 22:16:43 Client: 2 | placed a succesful bid of 205 
2025/11/25 22:16:45 Server: 2 | Backup: updating auction values bid = 1, bidderId = 237 
2025/11/25 22:16:45 Client: 1 | placed a succesful bid of 237 
2025/11/25 22:16:46 Server: 2 | Backup: updating auction values bid = 2, bidderId = 263 
2025/11/25 22:16:46 Client: 2 | placed a succesful bid of 263 
2025/11/25 22:16:47 Server: 2 | Backup: updating auction values bid = 2, bidderId = 307 
2025/11/25 22:16:47 Client: 2 | placed a succesful bid of 307 
2025/11/25 22:16:47 ------ Round 3 of auction is over: winning bid: 307 by client: 2  ------------ 
2025/11/25 22:16:50 ------ Round 4 of auction has begun ------------ 
2025/11/25 22:16:52 Server: 2 | Backup: updating auction values bid = 2, bidderId = 74 
2025/11/25 22:16:52 Client: 2 | placed a succesful bid of 74 
2025/11/25 22:16:53 Server: 2 | Backup: updating auction values bid = 1, bidderId = 97 
2025/11/25 22:16:53 Client: 1 | placed a succesful bid of 97 
2025/11/25 22:16:54 Server: 2 | Backup: updating auction values bid = 2, bidderId = 100 
2025/11/25 22:16:54 Client: 2 | placed a succesful bid of 100 
2025/11/25 22:16:55 Server: 2 | Backup: updating auction values bid = 2, bidderId = 116 
2025/11/25 22:16:55 Client: 2 | placed a succesful bid of 116 
2025/11/25 22:16:56 Server: 2 | Backup: updating auction values bid = 1, bidderId = 157 
2025/11/25 22:16:56 Client: 1 | placed a succesful bid of 157 
2025/11/25 22:16:58 Server: 2 | Backup: updating auction values bid = 2, bidderId = 202 
2025/11/25 22:16:58 Client: 2 | placed a succesful bid of 202 
2025/11/25 22:16:59 Server: 2 | Backup: updating auction values bid = 1, bidderId = 249 
2025/11/25 22:16:59 Client: 1 | placed a succesful bid of 249 
2025/11/25 22:17:00 Server: 2 | Backup: updating auction values bid = 2, bidderId = 268 
2025/11/25 22:17:00 Client: 2 | placed a succesful bid of 268 
2025/11/25 22:17:00 ------ Round 4 of auction is over: winning bid: 268 by client: 2  ------------ 
2025/11/25 22:17:03 ------ The auction is now over! ------------ 
2025/11/25 22:22:24 Client: 1 | asked for result: Lost Connection to primary server: rpc error: code = Unavailable desc = connection error: desc = "transport: Error while dialing: dial tcp 127.0.0.1:6060: connect: connection refused". Will attempt to connect to backup server 
2025/11/25 22:22:24 Client: 1 | succesfully connected to backup server
2025/11/25 22:22:24 Client: 1 | failed to switch to backup after primary crashed (request for result)
2025/11/25 22:22:26 Client: 2 | asked for result: Lost Connection to primary server: rpc error: code = Unavailable desc = connection error: desc = "transport: Error while dialing: dial tcp 127.0.0.1:6060: connect: connection refused". Will attempt to connect to backup server 
2025/11/25 22:22:26 Client: 2 | succesfully connected to backup server
2025/11/25 22:22:26 Client: 2 | failed to switch to backup after primary crashed (request for result)
2025/11/25 22:22:32 Starting Auction Server...
2025/11/25 22:22:32 Auction Server 1 listening on port 5050
2025/11/25 22:22:33 Starting Auction Server...
2025/11/25 22:22:33 Backup Auction Server 2 listening on port 6060
2025/11/25 22:22:34 Server: 1 | Primary server connection to Backup server created, state: READY 
2025/11/25 22:22:34 Primary: reset auction values, bid = -1 and bidderId = 0  
2025/11/25 22:22:34 Server: 2 | Backup: updating auction values: bid = 0 and bidderId = -1 
2025/11/25 22:22:34 Server: 2 | Backup Server: old Auction ongoing: false new Auction ongoing: true 
2025/11/25 22:22:34 Server: 1 | Backup Server updated at the start of auction round 
2025/11/25 22:22:34 ------ Round 0 of auction has begun ------------------------------------------ 
2025/11/25 22:22:35 Starting Auction Client 1...
2025/11/25 22:22:35 Server: 1 | Updated map in backup: map[1:true]
2025/11/25 22:22:35 Server: 2 | Backup Server: updating registered client 
2025/11/25 22:22:35 Server: 2 | Updated map in back up: map[1:true]
2025/11/25 22:22:35 Server: 1 | Primary: updating auction values, bid = 1, bidderId = 95 
2025/11/25 22:22:35 Server: 2 | Backup: updating auction values: bid = 1 and bidderId = 95 
2025/11/25 22:22:35 Client: 1 | placed a succesful bid of 95 
2025/11/25 22:22:37 Starting Auction Client 2...
2025/11/25 22:22:37 Server: 1 | Updated map in backup: map[1:true 2:true]
2025/11/25 22:22:37 Server: 2 | Backup Server: updating registered client 
2025/11/25 22:22:37 Server: 2 | Updated map in back up: map[1:true 2:true]
2025/11/25 22:22:37 Server: 1 | Primary: updating auction values, bid = 2, bidderId = 126 
2025/11/25 22:22:37 Server: 2 | Backup: updating auction values: bid = 2 and bidderId = 126 
2025/11/25 22:22:37 Client: 2 | placed a succesful bid of 126 
2025/11/25 22:22:37 Server: 1 | Primary: updating auction values, bid = 1, bidderId = 132 
2025/11/25 22:22:37 Server: 2 | Backup: updating auction values: bid = 1 and bidderId = 132 
2025/11/25 22:22:37 Client: 1 | placed a succesful bid of 132 
2025/11/25 22:22:38 Server: 1 | Primary: updating auction values, bid = 2, bidderId = 169 
2025/11/25 22:22:38 Server: 2 | Backup: updating auction values: bid = 2 and bidderId = 169 
2025/11/25 22:22:38 Client: 2 | placed a succesful bid of 169 
2025/11/25 22:22:40 Server: 1 | Primary: updating auction values, bid = 1, bidderId = 202 
2025/11/25 22:22:40 Server: 2 | Backup: updating auction values: bid = 1 and bidderId = 202 
2025/11/25 22:22:40 Client: 1 | placed a succesful bid of 202 
2025/11/25 22:22:41 Server: 1 | Primary: updating auction values, bid = 2, bidderId = 246 
2025/11/25 22:22:41 Server: 2 | Backup: updating auction values: bid = 2 and bidderId = 246 
2025/11/25 22:22:41 Client: 2 | placed a succesful bid of 246 
2025/11/25 22:22:48 !!!----- BACKUP SERVER CRASHED -----!!!
2025/11/25 22:22:48 Server: 1 | Primary server lost connection to backup 
2025/11/25 22:22:48 Server: 1 | connection to backup server not active: highest bid 
2025/11/25 22:22:48 ------ Round 0 of auction is over: winning bid: 265 by client: 1  ------------ 
2025/11/25 22:22:48 Client: 1 | placed a succesful bid of 265 
2025/11/25 22:22:53 !!!----- BACKUP SERVER CRASHED -----!!!
2025/11/25 22:22:53 Server: 1 | Primary server lost connection to backup 
2025/11/25 22:22:53 Server: 1 | connection to backup server not active: local_update_auction_state  
2025/11/25 22:22:53 Client: 2's bid of 308 was rejected 
2025/11/25 22:23:01 !!!----- BACKUP SERVER CRASHED -----!!!
2025/11/25 22:23:01 Server: 1 | Primary server lost connection to backup 
2025/11/25 22:23:01 Server: 1 | connection to backup server not active: StartAndEndBiddingRound 
2025/11/25 22:23:06 !!!----- BACKUP SERVER CRASHED -----!!!
2025/11/25 22:23:06 Server: 1 | Primary server lost connection to backup 
2025/11/25 22:23:06 Server: 1 | connection to backup server not active: local_update_auction_state  
2025/11/25 22:23:06 ------ Round 1 of auction has begun ------------------------------------------ 
2025/11/25 22:23:11 !!!----- BACKUP SERVER CRASHED -----!!!
2025/11/25 22:23:11 Server: 1 | Primary server lost connection to backup 
2025/11/25 22:23:11 Server: 1 | connection to backup server not active: highest bid 
2025/11/25 22:23:11 Client: 1's bid of 47 was rejected 
2025/11/25 22:23:11 Client: 2 | placed a succesful bid of 308 
2025/11/25 22:23:18 !!!----- BACKUP SERVER CRASHED -----!!!
2025/11/25 22:23:18 Server: 1 | Primary server lost connection to backup 
2025/11/25 22:23:18 Server: 1 | connection to backup server not active: highest bid 
2025/11/25 22:23:18 ------ Round 1 of auction is over: winning bid: 344 by client: 2  ------------ 
2025/11/25 22:23:18 Client: 2 | placed a succesful bid of 344 
2025/11/25 22:23:23 !!!----- BACKUP SERVER CRASHED -----!!!
2025/11/25 22:23:23 Server: 1 | Primary server lost connection to backup 
2025/11/25 22:23:23 Server: 1 | connection to backup server not active: local_update_auction_state  
2025/11/25 22:23:23 Client: 1's bid of 369 was rejected 
2025/11/25 22:23:31 !!!----- BACKUP SERVER CRASHED -----!!!
2025/11/25 22:23:31 Server: 1 | Primary server lost connection to backup 
2025/11/25 22:23:31 Server: 1 | connection to backup server not active: StartAndEndBiddingRound 
2025/11/25 22:23:36 Client: 1 | asked for result: Lost Connection to primary server: rpc error: code = Unavailable desc = error reading from server: EOF. Will attempt to connect to backup server 
2025/11/25 22:23:36 Client: 2 | asked for result: Lost Connection to primary server: rpc error: code = Unavailable desc = error reading from server: EOF. Will attempt to connect to backup server 
2025/11/25 22:23:36 Client: 2 | succesfully connected to backup server
2025/11/25 22:23:36 Client: 1 | succesfully connected to backup server
2025/11/25 22:23:36 Client: 2 | failed to switch to backup after primary crashed (request for result)
2025/11/25 22:23:36 Client: 1 | failed to switch to backup after primary crashed (request for result)
